PHP 5.5.11 | "php-cgi"  | 40 threads

-- FAILED: MobilniPlatby\Request\ConfirmRequestTest.phpt
   Exited with error code 255 (expected 0)
   <br />
   <b>Warning</b>:  require_once(D:\Localhost\MobilniPlatby\tests\MobilniPlatby\Request/bootstrap.php): failed to open stream: No such file or directory in <b>D:\Localhost\MobilniPlatby\tests\MobilniPlatby\Request\ConfirmRequestTest.phpt</b> on line <b>8</b><br />
   <br />
   <b>Fatal error</b>:  require_once(): Failed opening required 'D:\Localhost\MobilniPlatby\tests\MobilniPlatby\Request/bootstrap.php' (include_path='.;C:\php\pear') in <b>D:\Localhost\MobilniPlatby\tests\MobilniPlatby\Request\ConfirmRequestTest.phpt</b> on line <b>8</b><br />

-- OK: MobilniPlatby\Request\RequestFactoryTest.phpt

-- FAILED: MobilniPlatby\Request\RequestTest.phpt
   Exited with error code 255 (expected 0)
   <br />
   <b>Warning</b>:  require_once(D:\Localhost\MobilniPlatby\tests\MobilniPlatby\Request/bootstrap.php): failed to open stream: No such file or directory in <b>D:\Localhost\MobilniPlatby\tests\MobilniPlatby\Request\RequestTest.phpt</b> on line <b>8</b><br />
   <br />
   <b>Fatal error</b>:  require_once(): Failed opening required 'D:\Localhost\MobilniPlatby\tests\MobilniPlatby\Request/bootstrap.php' (include_path='.;C:\php\pear') in <b>D:\Localhost\MobilniPlatby\tests\MobilniPlatby\Request\RequestTest.phpt</b> on line <b>8</b><br />

-- FAILED: MobilniPlatby\Response\ConfirmResponseTest.phpt
   Exited with error code 255 (expected 0)
   <br />
   <b>Warning</b>:  require_once(D:\Localhost\MobilniPlatby\tests\MobilniPlatby\Response/bootstrap.php): failed to open stream: No such file or directory in <b>D:\Localhost\MobilniPlatby\tests\MobilniPlatby\Response\ConfirmResponseTest.phpt</b> on line <b>7</b><br />
   <br />
   <b>Fatal error</b>:  require_once(): Failed opening required 'D:\Localhost\MobilniPlatby\tests\MobilniPlatby\Response/bootstrap.php' (include_path='.;C:\php\pear') in <b>D:\Localhost\MobilniPlatby\tests\MobilniPlatby\Response\ConfirmResponseTest.phpt</b> on line <b>7</b><br />

-- FAILED: MobilniPlatby\Response\ResponseTest.phpt
   Exited with error code 255 (expected 0)
   <br />
   <b>Warning</b>:  require_once(D:\Localhost\MobilniPlatby\tests\MobilniPlatby\Response/bootstrap.php): failed to open stream: No such file or directory in <b>D:\Localhost\MobilniPlatby\tests\MobilniPlatby\Response\ResponseTest.phpt</b> on line <b>7</b><br />
   <br />
   <b>Fatal error</b>:  require_once(): Failed opening required 'D:\Localhost\MobilniPlatby\tests\MobilniPlatby\Response/bootstrap.php' (include_path='.;C:\php\pear') in <b>D:\Localhost\MobilniPlatby\tests\MobilniPlatby\Response\ResponseTest.phpt</b> on line <b>7</b><br />

FAILURES! (5 tests, 4 failures)PHP 5.5.11 | "php-cgi"  | 40 threads

-- OK: MobilniPlatby\Request\ConfirmRequestTest.phpt

-- OK: MobilniPlatby\Request\RequestFactoryTest.phpt

-- FAILED: MobilniPlatby\Request\RequestTest.phpt
   Exited with error code 255 (expected 0)
   <br />
   <b>Warning</b>:  require_once(D:\Localhost\MobilniPlatby\tests\MobilniPlatby\Request/bootstrap.php): failed to open stream: No such file or directory in <b>D:\Localhost\MobilniPlatby\tests\MobilniPlatby\Request\RequestTest.phpt</b> on line <b>8</b><br />
   <br />
   <b>Fatal error</b>:  require_once(): Failed opening required 'D:\Localhost\MobilniPlatby\tests\MobilniPlatby\Request/bootstrap.php' (include_path='.;C:\php\pear') in <b>D:\Localhost\MobilniPlatby\tests\MobilniPlatby\Request\RequestTest.phpt</b> on line <b>8</b><br />

-- FAILED: MobilniPlatby\Response\ConfirmResponseTest.phpt
   Exited with error code 255 (expected 0)
   <br />
   <b>Warning</b>:  require_once(D:\Localhost\MobilniPlatby\tests\MobilniPlatby\Response/bootstrap.php): failed to open stream: No such file or directory in <b>D:\Localhost\MobilniPlatby\tests\MobilniPlatby\Response\ConfirmResponseTest.phpt</b> on line <b>7</b><br />
   <br />
   <b>Fatal error</b>:  require_once(): Failed opening required 'D:\Localhost\MobilniPlatby\tests\MobilniPlatby\Response/bootstrap.php' (include_path='.;C:\php\pear') in <b>D:\Localhost\MobilniPlatby\tests\MobilniPlatby\Response\ConfirmResponseTest.phpt</b> on line <b>7</b><br />

-- FAILED: MobilniPlatby\Response\ResponseTest.phpt
   Exited with error code 255 (expected 0)
   <br />
   <b>Warning</b>:  require_once(D:\Localhost\MobilniPlatby\tests\MobilniPlatby\Response/bootstrap.php): failed to open stream: No such file or directory in <b>D:\Localhost\MobilniPlatby\tests\MobilniPlatby\Response\ResponseTest.phpt</b> on line <b>7</b><br />
   <br />
   <b>Fatal error</b>:  require_once(): Failed opening required 'D:\Localhost\MobilniPlatby\tests\MobilniPlatby\Response/bootstrap.php' (include_path='.;C:\php\pear') in <b>D:\Localhost\MobilniPlatby\tests\MobilniPlatby\Response\ResponseTest.phpt</b> on line <b>7</b><br />

FAILURES! (5 tests, 3 failures)PHP 5.5.11 | "php-cgi"  | 40 threads

-- OK: MobilniPlatby\Request\ConfirmRequestTest.phpt

-- OK: MobilniPlatby\Request\RequestFactoryTest.phpt

-- FAILED: MobilniPlatby\Request\RequestTest.phpt
   Exited with error code 255 (expected 0)
   <br />
   <b>Warning</b>:  require_once(D:\Localhost\MobilniPlatby\tests\MobilniPlatby\Request/bootstrap.php): failed to open stream: No such file or directory in <b>D:\Localhost\MobilniPlatby\tests\MobilniPlatby\Request\RequestTest.phpt</b> on line <b>8</b><br />
   <br />
   <b>Fatal error</b>:  require_once(): Failed opening required 'D:\Localhost\MobilniPlatby\tests\MobilniPlatby\Request/bootstrap.php' (include_path='.;C:\php\pear') in <b>D:\Localhost\MobilniPlatby\tests\MobilniPlatby\Request\RequestTest.phpt</b> on line <b>8</b><br />

-- FAILED: MobilniPlatby\Response\ConfirmResponseTest.phpt
   Exited with error code 255 (expected 0)
   <br />
   <b>Warning</b>:  require_once(D:\Localhost\MobilniPlatby\tests\MobilniPlatby\Response/bootstrap.php): failed to open stream: No such file or directory in <b>D:\Localhost\MobilniPlatby\tests\MobilniPlatby\Response\ConfirmResponseTest.phpt</b> on line <b>7</b><br />
   <br />
   <b>Fatal error</b>:  require_once(): Failed opening required 'D:\Localhost\MobilniPlatby\tests\MobilniPlatby\Response/bootstrap.php' (include_path='.;C:\php\pear') in <b>D:\Localhost\MobilniPlatby\tests\MobilniPlatby\Response\ConfirmResponseTest.phpt</b> on line <b>7</b><br />

-- FAILED: MobilniPlatby\Response\ResponseTest.phpt
   Exited with error code 255 (expected 0)
   <br />
   <b>Warning</b>:  require_once(D:\Localhost\MobilniPlatby\tests\MobilniPlatby\Response/bootstrap.php): failed to open stream: No such file or directory in <b>D:\Localhost\MobilniPlatby\tests\MobilniPlatby\Response\ResponseTest.phpt</b> on line <b>7</b><br />
   <br />
   <b>Fatal error</b>:  require_once(): Failed opening required 'D:\Localhost\MobilniPlatby\tests\MobilniPlatby\Response/bootstrap.php' (include_path='.;C:\php\pear') in <b>D:\Localhost\MobilniPlatby\tests\MobilniPlatby\Response\ResponseTest.phpt</b> on line <b>7</b><br />

FAILURES! (5 tests, 3 failures)PHP 5.5.11 | "php-cgi"  | 40 threads

-- OK: MobilniPlatby\Request\ConfirmRequestTest.phpt

-- OK: MobilniPlatby\Request\RequestFactoryTest.phpt

-- FAILED: MobilniPlatby\Request\RequestTest.phpt
   Exited with error code 255 (expected 0)
   <br />
   <b>Warning</b>:  require_once(D:\Localhost\MobilniPlatby\tests\MobilniPlatby\Request/bootstrap.php): failed to open stream: No such file or directory in <b>D:\Localhost\MobilniPlatby\tests\MobilniPlatby\Request\RequestTest.phpt</b> on line <b>8</b><br />
   <br />
   <b>Fatal error</b>:  require_once(): Failed opening required 'D:\Localhost\MobilniPlatby\tests\MobilniPlatby\Request/bootstrap.php' (include_path='.;C:\php\pear') in <b>D:\Localhost\MobilniPlatby\tests\MobilniPlatby\Request\RequestTest.phpt</b> on line <b>8</b><br />

-- FAILED: MobilniPlatby\Response\ConfirmResponseTest.phpt
   Exited with error code 255 (expected 0)
   <br />
   <b>Warning</b>:  require_once(D:\Localhost\MobilniPlatby\tests\MobilniPlatby\Response/bootstrap.php): failed to open stream: No such file or directory in <b>D:\Localhost\MobilniPlatby\tests\MobilniPlatby\Response\ConfirmResponseTest.phpt</b> on line <b>7</b><br />
   <br />
   <b>Fatal error</b>:  require_once(): Failed opening required 'D:\Localhost\MobilniPlatby\tests\MobilniPlatby\Response/bootstrap.php' (include_path='.;C:\php\pear') in <b>D:\Localhost\MobilniPlatby\tests\MobilniPlatby\Response\ConfirmResponseTest.phpt</b> on line <b>7</b><br />

-- FAILED: MobilniPlatby\Response\ResponseTest.phpt
   Exited with error code 255 (expected 0)
   <br />
   <b>Warning</b>:  require_once(D:\Localhost\MobilniPlatby\tests\MobilniPlatby\Response/bootstrap.php): failed to open stream: No such file or directory in <b>D:\Localhost\MobilniPlatby\tests\MobilniPlatby\Response\ResponseTest.phpt</b> on line <b>7</b><br />
   <br />
   <b>Fatal error</b>:  require_once(): Failed opening required 'D:\Localhost\MobilniPlatby\tests\MobilniPlatby\Response/bootstrap.php' (include_path='.;C:\php\pear') in <b>D:\Localhost\MobilniPlatby\tests\MobilniPlatby\Response\ResponseTest.phpt</b> on line <b>7</b><br />

FAILURES! (5 tests, 3 failures)PHP 5.5.11 | "php-cgi"  | 40 threads

-- OK: MobilniPlatby\Request\ConfirmRequestTest.phpt

-- OK: MobilniPlatby\Request\RequestFactoryTest.phpt

-- FAILED: MobilniPlatby\Request\RequestTest.phpt
   Exited with error code 255 (expected 0)
   <br />
   <b>Warning</b>:  require_once(D:\Localhost\MobilniPlatby\tests\MobilniPlatby\Request/bootstrap.php): failed to open stream: No such file or directory in <b>D:\Localhost\MobilniPlatby\tests\MobilniPlatby\Request\RequestTest.phpt</b> on line <b>8</b><br />
   <br />
   <b>Fatal error</b>:  require_once(): Failed opening required 'D:\Localhost\MobilniPlatby\tests\MobilniPlatby\Request/bootstrap.php' (include_path='.;C:\php\pear') in <b>D:\Localhost\MobilniPlatby\tests\MobilniPlatby\Request\RequestTest.phpt</b> on line <b>8</b><br />

-- FAILED: MobilniPlatby\Response\ConfirmResponseTest.phpt
   Exited with error code 255 (expected 0)
   <br />
   <b>Warning</b>:  require_once(D:\Localhost\MobilniPlatby\tests\MobilniPlatby\Response/bootstrap.php): failed to open stream: No such file or directory in <b>D:\Localhost\MobilniPlatby\tests\MobilniPlatby\Response\ConfirmResponseTest.phpt</b> on line <b>7</b><br />
   <br />
   <b>Fatal error</b>:  require_once(): Failed opening required 'D:\Localhost\MobilniPlatby\tests\MobilniPlatby\Response/bootstrap.php' (include_path='.;C:\php\pear') in <b>D:\Localhost\MobilniPlatby\tests\MobilniPlatby\Response\ConfirmResponseTest.phpt</b> on line <b>7</b><br />

-- FAILED: MobilniPlatby\Response\ResponseTest.phpt
   Exited with error code 255 (expected 0)
   <br />
   <b>Warning</b>:  require_once(D:\Localhost\MobilniPlatby\tests\MobilniPlatby\Response/bootstrap.php): failed to open stream: No such file or directory in <b>D:\Localhost\MobilniPlatby\tests\MobilniPlatby\Response\ResponseTest.phpt</b> on line <b>7</b><br />
   <br />
   <b>Fatal error</b>:  require_once(): Failed opening required 'D:\Localhost\MobilniPlatby\tests\MobilniPlatby\Response/bootstrap.php' (include_path='.;C:\php\pear') in <b>D:\Localhost\MobilniPlatby\tests\MobilniPlatby\Response\ResponseTest.phpt</b> on line <b>7</b><br />

FAILURES! (5 tests, 3 failures)PHP 5.5.11 | "php-cgi"  | 40 threads

-- OK: MobilniPlatby\Request\ConfirmRequestTest.phpt

-- OK: MobilniPlatby\Request\RequestFactoryTest.phpt

-- FAILED: MobilniPlatby\Request\RequestTest.phpt
   Exited with error code 255 (expected 0)
   <br />
   <b>Warning</b>:  require_once(D:\Localhost\MobilniPlatby\tests\MobilniPlatby\Request/bootstrap.php): failed to open stream: No such file or directory in <b>D:\Localhost\MobilniPlatby\tests\MobilniPlatby\Request\RequestTest.phpt</b> on line <b>8</b><br />
   <br />
   <b>Fatal error</b>:  require_once(): Failed opening required 'D:\Localhost\MobilniPlatby\tests\MobilniPlatby\Request/bootstrap.php' (include_path='.;C:\php\pear') in <b>D:\Localhost\MobilniPlatby\tests\MobilniPlatby\Request\RequestTest.phpt</b> on line <b>8</b><br />

-- FAILED: MobilniPlatby\Response\ConfirmResponseTest.phpt
   Exited with error code 255 (expected 0)
   <br />
   <b>Warning</b>:  require_once(D:\Localhost\MobilniPlatby\tests\MobilniPlatby\Response/bootstrap.php): failed to open stream: No such file or directory in <b>D:\Localhost\MobilniPlatby\tests\MobilniPlatby\Response\ConfirmResponseTest.phpt</b> on line <b>7</b><br />
   <br />
   <b>Fatal error</b>:  require_once(): Failed opening required 'D:\Localhost\MobilniPlatby\tests\MobilniPlatby\Response/bootstrap.php' (include_path='.;C:\php\pear') in <b>D:\Localhost\MobilniPlatby\tests\MobilniPlatby\Response\ConfirmResponseTest.phpt</b> on line <b>7</b><br />

-- FAILED: MobilniPlatby\Response\ResponseTest.phpt
   Exited with error code 255 (expected 0)
   <br />
   <b>Warning</b>:  require_once(D:\Localhost\MobilniPlatby\tests\MobilniPlatby\Response/bootstrap.php): failed to open stream: No such file or directory in <b>D:\Localhost\MobilniPlatby\tests\MobilniPlatby\Response\ResponseTest.phpt</b> on line <b>7</b><br />
   <br />
   <b>Fatal error</b>:  require_once(): Failed opening required 'D:\Localhost\MobilniPlatby\tests\MobilniPlatby\Response/bootstrap.php' (include_path='.;C:\php\pear') in <b>D:\Localhost\MobilniPlatby\tests\MobilniPlatby\Response\ResponseTest.phpt</b> on line <b>7</b><br />

FAILURES! (5 tests, 3 failures)PHP 5.5.11 | "php-cgi"  | 40 threads

-- OK: MobilniPlatby\Request\ConfirmRequestTest.phpt

-- OK: MobilniPlatby\Request\RequestFactoryTest.phpt

-- FAILED: MobilniPlatby\Request\RequestTest.phpt
   Exited with error code 255 (expected 0)
   <br />
   <b>Warning</b>:  require_once(D:\Localhost\MobilniPlatby\tests\MobilniPlatby\Request/bootstrap.php): failed to open stream: No such file or directory in <b>D:\Localhost\MobilniPlatby\tests\MobilniPlatby\Request\RequestTest.phpt</b> on line <b>8</b><br />
   <br />
   <b>Fatal error</b>:  require_once(): Failed opening required 'D:\Localhost\MobilniPlatby\tests\MobilniPlatby\Request/bootstrap.php' (include_path='.;C:\php\pear') in <b>D:\Localhost\MobilniPlatby\tests\MobilniPlatby\Request\RequestTest.phpt</b> on line <b>8</b><br />

-- FAILED: MobilniPlatby\Response\ConfirmResponseTest.phpt
   Exited with error code 255 (expected 0)
   <br />
   <b>Warning</b>:  require_once(D:\Localhost\MobilniPlatby\tests\MobilniPlatby\Response/bootstrap.php): failed to open stream: No such file or directory in <b>D:\Localhost\MobilniPlatby\tests\MobilniPlatby\Response\ConfirmResponseTest.phpt</b> on line <b>7</b><br />
   <br />
   <b>Fatal error</b>:  require_once(): Failed opening required 'D:\Localhost\MobilniPlatby\tests\MobilniPlatby\Response/bootstrap.php' (include_path='.;C:\php\pear') in <b>D:\Localhost\MobilniPlatby\tests\MobilniPlatby\Response\ConfirmResponseTest.phpt</b> on line <b>7</b><br />

-- FAILED: MobilniPlatby\Response\ResponseTest.phpt
   Exited with error code 255 (expected 0)
   <br />
   <b>Warning</b>:  require_once(D:\Localhost\MobilniPlatby\tests\MobilniPlatby\Response/bootstrap.php): failed to open stream: No such file or directory in <b>D:\Localhost\MobilniPlatby\tests\MobilniPlatby\Response\ResponseTest.phpt</b> on line <b>7</b><br />
   <br />
   <b>Fatal error</b>:  require_once(): Failed opening required 'D:\Localhost\MobilniPlatby\tests\MobilniPlatby\Response/bootstrap.php' (include_path='.;C:\php\pear') in <b>D:\Localhost\MobilniPlatby\tests\MobilniPlatby\Response\ResponseTest.phpt</b> on line <b>7</b><br />

FAILURES! (5 tests, 3 failures)PHP 5.5.11 | "php-cgi"  | 40 threads

-- OK: MobilniPlatby\Request\ConfirmRequestTest.phpt

-- OK: MobilniPlatby\Request\RequestFactoryTest.phpt

-- FAILED: MobilniPlatby\Request\RequestTest.phpt
   Exited with error code 255 (expected 0)
   <br />
   <b>Warning</b>:  require_once(D:\Localhost\MobilniPlatby\tests\MobilniPlatby\Request/bootstrap.php): failed to open stream: No such file or directory in <b>D:\Localhost\MobilniPlatby\tests\MobilniPlatby\Request\RequestTest.phpt</b> on line <b>8</b><br />
   <br />
   <b>Fatal error</b>:  require_once(): Failed opening required 'D:\Localhost\MobilniPlatby\tests\MobilniPlatby\Request/bootstrap.php' (include_path='.;C:\php\pear') in <b>D:\Localhost\MobilniPlatby\tests\MobilniPlatby\Request\RequestTest.phpt</b> on line <b>8</b><br />

-- FAILED: MobilniPlatby\Response\ConfirmResponseTest.phpt
   Exited with error code 255 (expected 0)
   <br />
   <b>Warning</b>:  require_once(D:\Localhost\MobilniPlatby\tests\MobilniPlatby\Response/bootstrap.php): failed to open stream: No such file or directory in <b>D:\Localhost\MobilniPlatby\tests\MobilniPlatby\Response\ConfirmResponseTest.phpt</b> on line <b>7</b><br />
   <br />
   <b>Fatal error</b>:  require_once(): Failed opening required 'D:\Localhost\MobilniPlatby\tests\MobilniPlatby\Response/bootstrap.php' (include_path='.;C:\php\pear') in <b>D:\Localhost\MobilniPlatby\tests\MobilniPlatby\Response\ConfirmResponseTest.phpt</b> on line <b>7</b><br />

-- FAILED: MobilniPlatby\Response\ResponseTest.phpt
   Exited with error code 255 (expected 0)
   <br />
   <b>Warning</b>:  require_once(D:\Localhost\MobilniPlatby\tests\MobilniPlatby\Response/bootstrap.php): failed to open stream: No such file or directory in <b>D:\Localhost\MobilniPlatby\tests\MobilniPlatby\Response\ResponseTest.phpt</b> on line <b>7</b><br />
   <br />
   <b>Fatal error</b>:  require_once(): Failed opening required 'D:\Localhost\MobilniPlatby\tests\MobilniPlatby\Response/bootstrap.php' (include_path='.;C:\php\pear') in <b>D:\Localhost\MobilniPlatby\tests\MobilniPlatby\Response\ResponseTest.phpt</b> on line <b>7</b><br />

FAILURES! (5 tests, 3 failures)PHP 5.5.11 | "php-cgi"  | 40 threads

-- OK: MobilniPlatby\Request\ConfirmRequestTest.phpt

-- OK: MobilniPlatby\Request\RequestFactoryTest.phpt

-- FAILED: MobilniPlatby\Request\RequestTest.phpt
   Exited with error code 255 (expected 0)
   <br />
   <b>Warning</b>:  require_once(D:\Localhost\MobilniPlatby\tests\MobilniPlatby\Request/bootstrap.php): failed to open stream: No such file or directory in <b>D:\Localhost\MobilniPlatby\tests\MobilniPlatby\Request\RequestTest.phpt</b> on line <b>8</b><br />
   <br />
   <b>Fatal error</b>:  require_once(): Failed opening required 'D:\Localhost\MobilniPlatby\tests\MobilniPlatby\Request/bootstrap.php' (include_path='.;C:\php\pear') in <b>D:\Localhost\MobilniPlatby\tests\MobilniPlatby\Request\RequestTest.phpt</b> on line <b>8</b><br />

-- FAILED: MobilniPlatby\Response\ConfirmResponseTest.phpt
   Exited with error code 255 (expected 0)
   <br />
   <b>Warning</b>:  require_once(D:\Localhost\MobilniPlatby\tests\MobilniPlatby\Response/bootstrap.php): failed to open stream: No such file or directory in <b>D:\Localhost\MobilniPlatby\tests\MobilniPlatby\Response\ConfirmResponseTest.phpt</b> on line <b>7</b><br />
   <br />
   <b>Fatal error</b>:  require_once(): Failed opening required 'D:\Localhost\MobilniPlatby\tests\MobilniPlatby\Response/bootstrap.php' (include_path='.;C:\php\pear') in <b>D:\Localhost\MobilniPlatby\tests\MobilniPlatby\Response\ConfirmResponseTest.phpt</b> on line <b>7</b><br />

-- OK: MobilniPlatby\Response\ResponseTest.phpt

FAILURES! (5 tests, 2 failures)PHP 5.5.11 | "php-cgi"  | 40 threads

-- OK: MobilniPlatby\Request\ConfirmRequestTest.phpt

-- OK: MobilniPlatby\Request\RequestFactoryTest.phpt

-- FAILED: MobilniPlatby\Request\RequestTest.phpt
   Exited with error code 255 (expected 0)
   <br />
   <b>Warning</b>:  require_once(D:\Localhost\MobilniPlatby\tests\MobilniPlatby\Request/bootstrap.php): failed to open stream: No such file or directory in <b>D:\Localhost\MobilniPlatby\tests\MobilniPlatby\Request\RequestTest.phpt</b> on line <b>8</b><br />
   <br />
   <b>Fatal error</b>:  require_once(): Failed opening required 'D:\Localhost\MobilniPlatby\tests\MobilniPlatby\Request/bootstrap.php' (include_path='.;C:\php\pear') in <b>D:\Localhost\MobilniPlatby\tests\MobilniPlatby\Request\RequestTest.phpt</b> on line <b>8</b><br />

-- FAILED: MobilniPlatby\Response\ConfirmResponseTest.phpt
   Error: This test forgets to execute an assertion.

-- OK: MobilniPlatby\Response\ResponseTest.phpt

FAILURES! (5 tests, 2 failures)PHP 5.5.11 | "php-cgi"  | 40 threads

-- OK: MobilniPlatby\Request\ConfirmRequestTest.phpt

-- OK: MobilniPlatby\Request\RequestFactoryTest.phpt

-- FAILED: MobilniPlatby\Request\RequestTest.phpt
   Exited with error code 255 (expected 0)
   <br />
   <b>Warning</b>:  require_once(D:\Localhost\MobilniPlatby\tests\MobilniPlatby\Request/bootstrap.php): failed to open stream: No such file or directory in <b>D:\Localhost\MobilniPlatby\tests\MobilniPlatby\Request\RequestTest.phpt</b> on line <b>8</b><br />
   <br />
   <b>Fatal error</b>:  require_once(): Failed opening required 'D:\Localhost\MobilniPlatby\tests\MobilniPlatby\Request/bootstrap.php' (include_path='.;C:\php\pear') in <b>D:\Localhost\MobilniPlatby\tests\MobilniPlatby\Request\RequestTest.phpt</b> on line <b>8</b><br />

-- FAILED: MobilniPlatby\Response\ConfirmResponseTest.phpt
   Error: This test forgets to execute an assertion.

-- OK: MobilniPlatby\Response\ResponseTest.phpt

FAILURES! (5 tests, 2 failures)PHP 5.5.11 | "php-cgi"  | 40 threads

-- OK: MobilniPlatby\Request\ConfirmRequestTest.phpt

-- OK: MobilniPlatby\Request\RequestFactoryTest.phpt

-- FAILED: MobilniPlatby\Request\RequestTest.phpt
   Exited with error code 255 (expected 0)
   
   Fatal error: Class 'Request' not found in D:\Localhost\MobilniPlatby\tests\MobilniPlatby\Request\RequestTest.phpt on line 23

-- FAILED: MobilniPlatby\Response\ConfirmResponseTest.phpt
   Error: This test forgets to execute an assertion.

-- OK: MobilniPlatby\Response\ResponseTest.phpt

FAILURES! (5 tests, 2 failures)PHP 5.5.11 | "php-cgi"  | 40 threads

-- OK: MobilniPlatby\Request\ConfirmRequestTest.phpt

-- OK: MobilniPlatby\Request\RequestFactoryTest.phpt

-- FAILED: MobilniPlatby\Request\RequestTest.phpt
   Exited with error code 255 (expected 0)
   
   Fatal error: Class 'Request' not found in D:\Localhost\MobilniPlatby\tests\MobilniPlatby\Request\RequestTest.phpt on line 23

-- FAILED: MobilniPlatby\Response\ConfirmResponseTest.phpt
   Error: This test forgets to execute an assertion.

-- OK: MobilniPlatby\Response\ResponseTest.phpt

FAILURES! (5 tests, 2 failures)PHP 5.5.11 | "php-cgi"  | 40 threads

-- OK: MobilniPlatby\Request\ConfirmRequestTest.phpt

-- OK: MobilniPlatby\Request\RequestFactoryTest.phpt

-- FAILED: MobilniPlatby\Request\RequestTest.phpt
   Exited with error code 255 (expected 0)
   
   Fatal error: Class 'MobilniPlatby\Request\SmsRequest' not found in D:\Localhost\MobilniPlatby\tests\MobilniPlatby\Request\RequestTest.phpt on line 23

-- FAILED: MobilniPlatby\Response\ConfirmResponseTest.phpt
   Error: This test forgets to execute an assertion.

-- OK: MobilniPlatby\Response\ResponseTest.phpt

FAILURES! (5 tests, 2 failures)PHP 5.5.11 | "php-cgi"  | 40 threads

-- OK: MobilniPlatby\Request\ConfirmRequestTest.phpt

-- OK: MobilniPlatby\Request\RequestFactoryTest.phpt

-- FAILED: MobilniPlatby\Request\RequestTest.phpt
   Exited with error code 255 (expected 0)
   
   Fatal error: Class 'MobilniPlatby\Request\SmsRequest' not found in D:\Localhost\MobilniPlatby\tests\MobilniPlatby\Request\RequestTest.phpt on line 23

-- FAILED: MobilniPlatby\Response\ConfirmResponseTest.phpt
   Error: This test forgets to execute an assertion.

-- OK: MobilniPlatby\Response\ResponseTest.phpt

FAILURES! (5 tests, 2 failures)PHP 5.5.11 | "php-cgi"  | 40 threads

-- OK: MobilniPlatby\Request\ConfirmRequestTest.phpt

-- OK: MobilniPlatby\Request\RequestFactoryTest.phpt

-- OK: Thumbator\Strategy | MobilniPlatby\Request\RequestTest.phpt ["testConstructor"]

-- OK: Thumbator\Strategy | MobilniPlatby\Request\RequestTest.phpt ["testBadConstructor"]

-- OK: Thumbator\Strategy | MobilniPlatby\Request\RequestTest.phpt ["testType"]

-- FAILED: MobilniPlatby\Response\ConfirmResponseTest.phpt
   Error: This test forgets to execute an assertion.

-- OK: MobilniPlatby\Response\ResponseTest.phpt

FAILURES! (7 tests, 1 failures)PHP 5.5.11 | "php-cgi"  | 40 threads

-- OK: MobilniPlatby\Request\ConfirmRequestTest.phpt

-- OK: MobilniPlatby\Request\RequestFactoryTest.phpt

-- OK: MobilniPlatby\Request | MobilniPlatby\Request\RequestTest.phpt ["testConstructor"]

-- OK: MobilniPlatby\Request | MobilniPlatby\Request\RequestTest.phpt ["testBadConstructor"]

-- OK: MobilniPlatby\Request | MobilniPlatby\Request\RequestTest.phpt ["testType"]

-- FAILED: MobilniPlatby\Response\ConfirmResponseTest.phpt
   Error: This test forgets to execute an assertion.

-- OK: MobilniPlatby\Response\ResponseTest.phpt

FAILURES! (7 tests, 1 failures)PHP 5.5.11 | "php-cgi"  | 40 threads

-- OK: MobilniPlatby\Request\ConfirmRequestTest.phpt

-- OK: MobilniPlatby\Request\RequestFactoryTest.phpt

-- OK: MobilniPlatby\Request | MobilniPlatby\Request\RequestTest.phpt ["testConstructor"]

-- OK: MobilniPlatby\Request | MobilniPlatby\Request\RequestTest.phpt ["testBadConstructor"]

-- OK: MobilniPlatby\Request | MobilniPlatby\Request\RequestTest.phpt ["testType"]

-- FAILED: MobilniPlatby\Response\ConfirmResponseTest.phpt
   Error: This test forgets to execute an assertion.

-- OK: MobilniPlatby\Response\ResponseTest.phpt

FAILURES! (7 tests, 1 failures)PHP 5.5.11 | "php-cgi"  | 40 threads

-- OK: MobilniPlatby\Request\ConfirmRequestTest.phpt

-- OK: MobilniPlatby\Request\RequestFactoryTest.phpt

-- OK: MobilniPlatby\Request | MobilniPlatby\Request\RequestTest.phpt ["testConstructor"]

-- OK: MobilniPlatby\Request | MobilniPlatby\Request\RequestTest.phpt ["testBadConstructor"]

-- OK: MobilniPlatby\Request | MobilniPlatby\Request\RequestTest.phpt ["testType"]

-- FAILED: MobilniPlatby\Response\ConfirmResponseTest.phpt
   Error: This test forgets to execute an assertion.

-- OK: MobilniPlatby\Response\ResponseTest.phpt

FAILURES! (7 tests, 1 failures)PHP 5.5.11 | "php-cgi"  | 40 threads

-- OK: MobilniPlatby\Request\ConfirmRequestTest.phpt

-- OK: MobilniPlatby\Request\RequestFactoryTest.phpt

-- OK: MobilniPlatby\Request | MobilniPlatby\Request\RequestTest.phpt ["testConstructor"]

-- OK: MobilniPlatby\Request | MobilniPlatby\Request\RequestTest.phpt ["testBadConstructor"]

-- OK: MobilniPlatby\Request | MobilniPlatby\Request\RequestTest.phpt ["testType"]

-- FAILED: MobilniPlatby\Response\ConfirmResponseTest.phpt
   Error: This test forgets to execute an assertion.

-- OK: MobilniPlatby\Response\ResponseTest.phpt

FAILURES! (7 tests, 1 failures)PHP 5.5.11 | "php-cgi"  | 40 threads

-- OK: MobilniPlatby\Request | MobilniPlatby\Request\ConfirmRequestTest.phpt ["testConstructor"]

-- OK: MobilniPlatby\Request | MobilniPlatby\Request\ConfirmRequestTest.phpt ["testBadConstructor"]

-- OK: MobilniPlatby\Request | MobilniPlatby\Request\ConfirmRequestTest.phpt ["testType"]

-- OK: MobilniPlatby\Request\RequestFactoryTest.phpt

-- OK: MobilniPlatby\Request | MobilniPlatby\Request\RequestTest.phpt ["testConstructor"]

-- OK: MobilniPlatby\Request | MobilniPlatby\Request\RequestTest.phpt ["testBadConstructor"]

-- OK: MobilniPlatby\Request | MobilniPlatby\Request\RequestTest.phpt ["testType"]

-- FAILED: MobilniPlatby\Response\ConfirmResponseTest.phpt
   Error: This test forgets to execute an assertion.

-- OK: MobilniPlatby\Response\ResponseTest.phpt

FAILURES! (9 tests, 1 failures)PHP 5.5.11 | "php-cgi"  | 40 threads

-- FAILED: MobilniPlatby\Request | MobilniPlatby\Response\ConfirmResponseTest.phpt
   <E_WARNING: Cannot modify header information - headers already sent by (output started at D:\Localhost\MobilniPlatby\tests\MobilniPlatby\Response\ConfirmResponseTest.phpt:1)
   
   in Tester\Framework\TestCase.php(37) 
   in Tester\Framework\TestCase.php(37) header()
   in MobilniPlatby\Response\ConfirmResponseTest.phpt(29) Tester\TestCase->run()

-- OK: MobilniPlatby\Request | MobilniPlatby\Request\ConfirmRequestTest.phpt ["testConstructor"]

-- OK: MobilniPlatby\Request | MobilniPlatby\Request\ConfirmRequestTest.phpt ["testBadConstructor"]

-- OK: MobilniPlatby\Request | MobilniPlatby\Request\ConfirmRequestTest.phpt ["testType"]

-- OK: MobilniPlatby\Request\RequestFactoryTest.phpt

-- OK: MobilniPlatby\Request | MobilniPlatby\Request\RequestTest.phpt ["testConstructor"]

-- OK: MobilniPlatby\Request | MobilniPlatby\Request\RequestTest.phpt ["testBadConstructor"]

-- OK: MobilniPlatby\Request | MobilniPlatby\Request\RequestTest.phpt ["testType"]

-- OK: MobilniPlatby\Response\ResponseTest.phpt

FAILURES! (9 tests, 1 failures)PHP 5.5.11 | "php-cgi"  | 40 threads

-- OK: MobilniPlatby\Request | MobilniPlatby\Request\ConfirmRequestTest.phpt ["testConstructor"]

-- OK: MobilniPlatby\Request | MobilniPlatby\Request\ConfirmRequestTest.phpt ["testBadConstructor"]

-- OK: MobilniPlatby\Request | MobilniPlatby\Request\ConfirmRequestTest.phpt ["testType"]

-- OK: MobilniPlatby\Request\RequestFactoryTest.phpt

-- OK: MobilniPlatby\Request | MobilniPlatby\Request\RequestTest.phpt ["testConstructor"]

-- OK: MobilniPlatby\Request | MobilniPlatby\Request\RequestTest.phpt ["testBadConstructor"]

-- OK: MobilniPlatby\Request | MobilniPlatby\Request\RequestTest.phpt ["testType"]

-- FAILED: MobilniPlatby\Request | MobilniPlatby\Response\ConfirmResponseTest.phpt ["testConstructor"]
   Error: This test forgets to execute an assertion.

-- OK: MobilniPlatby\Response\ResponseTest.phpt

FAILURES! (9 tests, 1 failures)PHP 5.5.11 | "php-cgi"  | 40 threads

-- OK: MobilniPlatby\Request | MobilniPlatby\Request\ConfirmRequestTest.phpt ["testConstructor"]

-- OK: MobilniPlatby\Request | MobilniPlatby\Request\ConfirmRequestTest.phpt ["testBadConstructor"]

-- OK: MobilniPlatby\Request | MobilniPlatby\Request\ConfirmRequestTest.phpt ["testType"]

-- OK: MobilniPlatby\Request\RequestFactoryTest.phpt

-- OK: MobilniPlatby\Request | MobilniPlatby\Request\RequestTest.phpt ["testConstructor"]

-- OK: MobilniPlatby\Request | MobilniPlatby\Request\RequestTest.phpt ["testBadConstructor"]

-- OK: MobilniPlatby\Request | MobilniPlatby\Request\RequestTest.phpt ["testType"]

-- FAILED: MobilniPlatby\Request | MobilniPlatby\Response\ConfirmResponseTest.phpt ["testConstructor"]
   Error: This test forgets to execute an assertion.

-- OK: MobilniPlatby\Request | MobilniPlatby\Response\ResponseTest.phpt ["testConstructor1"]

-- OK: MobilniPlatby\Request | MobilniPlatby\Response\ResponseTest.phpt ["testConstructor2"]

FAILURES! (10 tests, 1 failures)PHP 5.5.11 | "php-cgi"  | 40 threads

-- OK: MobilniPlatby\Request | MobilniPlatby\Request\ConfirmRequestTest.phpt ["testConstructor"]

-- OK: MobilniPlatby\Request | MobilniPlatby\Request\ConfirmRequestTest.phpt ["testBadConstructor"]

-- OK: MobilniPlatby\Request | MobilniPlatby\Request\ConfirmRequestTest.phpt ["testType"]

-- OK: MobilniPlatby\Request\RequestFactoryTest.phpt

-- OK: MobilniPlatby\Request | MobilniPlatby\Request\RequestTest.phpt ["testConstructor"]

-- OK: MobilniPlatby\Request | MobilniPlatby\Request\RequestTest.phpt ["testBadConstructor"]

-- OK: MobilniPlatby\Request | MobilniPlatby\Request\RequestTest.phpt ["testType"]

-- FAILED: MobilniPlatby\Request | MobilniPlatby\Response\ConfirmResponseTest.phpt ["testConstructor"]
   Error: This test forgets to execute an assertion.

-- OK: MobilniPlatby\Request | MobilniPlatby\Response\ResponseTest.phpt ["testConstructor1"]

-- OK: MobilniPlatby\Request | MobilniPlatby\Response\ResponseTest.phpt ["testConstructor2"]

FAILURES! (10 tests, 1 failures)PHP 5.5.11 | "php-cgi"  | 40 threads

-- OK: MobilniPlatby\Request | MobilniPlatby\Request\ConfirmRequestTest.phpt ["testConstructor"]

-- OK: MobilniPlatby\Request | MobilniPlatby\Request\ConfirmRequestTest.phpt ["testBadConstructor"]

-- OK: MobilniPlatby\Request | MobilniPlatby\Request\ConfirmRequestTest.phpt ["testType"]

-- OK: MobilniPlatby\Request\RequestFactoryTest.phpt

-- OK: MobilniPlatby\Request | MobilniPlatby\Request\RequestTest.phpt ["testConstructor"]

-- OK: MobilniPlatby\Request | MobilniPlatby\Request\RequestTest.phpt ["testBadConstructor"]

-- OK: MobilniPlatby\Request | MobilniPlatby\Request\RequestTest.phpt ["testType"]

-- FAILED: MobilniPlatby\Request | MobilniPlatby\Response\ConfirmResponseTest.phpt ["testConstructor"]
   Error: This test forgets to execute an assertion.

-- OK: MobilniPlatby\Request | MobilniPlatby\Response\ResponseTest.phpt ["testConstructor1"]

-- OK: MobilniPlatby\Request | MobilniPlatby\Response\ResponseTest.phpt ["testConstructor2"]

FAILURES! (10 tests, 1 failures)PHP 5.5.11 | "php-cgi"  | 40 threads

-- OK: MobilniPlatby\Request | MobilniPlatby\Request\ConfirmRequestTest.phpt ["testConstructor"]

-- OK: MobilniPlatby\Request | MobilniPlatby\Request\ConfirmRequestTest.phpt ["testBadConstructor"]

-- OK: MobilniPlatby\Request | MobilniPlatby\Request\ConfirmRequestTest.phpt ["testType"]

-- OK: MobilniPlatby\Request\RequestFactoryTest.phpt

-- OK: MobilniPlatby\Request | MobilniPlatby\Request\RequestTest.phpt ["testConstructor"]

-- OK: MobilniPlatby\Request | MobilniPlatby\Request\RequestTest.phpt ["testBadConstructor"]

-- OK: MobilniPlatby\Request | MobilniPlatby\Request\RequestTest.phpt ["testType"]

-- FAILED: MobilniPlatby\Request | MobilniPlatby\Response\ConfirmResponseTest.phpt ["testConstructor"]
   Error: This test forgets to execute an assertion.

-- OK: MobilniPlatby\Request | MobilniPlatby\Response\ResponseTest.phpt ["testConstructor1"]

-- OK: MobilniPlatby\Request | MobilniPlatby\Response\ResponseTest.phpt ["testConstructor2"]

FAILURES! (10 tests, 1 failures)PHP 5.5.11 | "php-cgi"  | 40 threads

-- OK: MobilniPlatby\Request | MobilniPlatby\Request\ConfirmRequestTest.phpt ["testConstructor"]

-- OK: MobilniPlatby\Request | MobilniPlatby\Request\ConfirmRequestTest.phpt ["testBadConstructor"]

-- OK: MobilniPlatby\Request | MobilniPlatby\Request\ConfirmRequestTest.phpt ["testType"]

-- OK: MobilniPlatby\Request\RequestFactoryTest.phpt

-- OK: MobilniPlatby\Request | MobilniPlatby\Request\RequestTest.phpt ["testConstructor"]

-- OK: MobilniPlatby\Request | MobilniPlatby\Request\RequestTest.phpt ["testBadConstructor"]

-- OK: MobilniPlatby\Request | MobilniPlatby\Request\RequestTest.phpt ["testType"]

-- FAILED: MobilniPlatby\Request | MobilniPlatby\Response\ConfirmResponseTest.phpt ["testConstructor"]
   Error: This test forgets to execute an assertion.

-- OK: MobilniPlatby\Request | MobilniPlatby\Response\ResponseTest.phpt ["testConstructor1"]

-- OK: MobilniPlatby\Request | MobilniPlatby\Response\ResponseTest.phpt ["testConstructor2"]

FAILURES! (10 tests, 1 failures)PHP 5.5.11 | "php-cgi"  | 40 threads

-- OK: MobilniPlatby\Request | MobilniPlatby\Request\ConfirmRequestTest.phpt ["testConstructor"]

-- OK: MobilniPlatby\Request | MobilniPlatby\Request\ConfirmRequestTest.phpt ["testBadConstructor"]

-- OK: MobilniPlatby\Request | MobilniPlatby\Request\ConfirmRequestTest.phpt ["testType"]

-- OK: MobilniPlatby\Request\RequestFactoryTest.phpt

-- OK: MobilniPlatby\Request | MobilniPlatby\Request\RequestTest.phpt ["testConstructor"]

-- OK: MobilniPlatby\Request | MobilniPlatby\Request\RequestTest.phpt ["testBadConstructor"]

-- OK: MobilniPlatby\Request | MobilniPlatby\Request\RequestTest.phpt ["testType"]

-- FAILED: MobilniPlatby\Request | MobilniPlatby\Response\ConfirmResponseTest.phpt ["testConstructor"]
   Error: This test forgets to execute an assertion.

-- OK: MobilniPlatby\Response | MobilniPlatby\Response\ResponseTest.phpt ["testConstructor1"]

-- OK: MobilniPlatby\Response | MobilniPlatby\Response\ResponseTest.phpt ["testConstructor2"]

FAILURES! (10 tests, 1 failures)PHP 5.5.11 | "php-cgi"  | 40 threads

-- OK: MobilniPlatby\Request | MobilniPlatby\Request\ConfirmRequestTest.phpt ["testConstructor"]

-- OK: MobilniPlatby\Request | MobilniPlatby\Request\ConfirmRequestTest.phpt ["testBadConstructor"]

-- OK: MobilniPlatby\Request | MobilniPlatby\Request\ConfirmRequestTest.phpt ["testType"]

-- OK: MobilniPlatby\Request\RequestFactoryTest.phpt

-- OK: MobilniPlatby\Request | MobilniPlatby\Request\RequestTest.phpt ["testConstructor"]

-- OK: MobilniPlatby\Request | MobilniPlatby\Request\RequestTest.phpt ["testBadConstructor"]

-- OK: MobilniPlatby\Request | MobilniPlatby\Request\RequestTest.phpt ["testType"]

-- FAILED: MobilniPlatby\Response | MobilniPlatby\Response\ConfirmResponseTest.phpt ["testConstructor"]
   Error: This test forgets to execute an assertion.

-- OK: MobilniPlatby\Response | MobilniPlatby\Response\ResponseTest.phpt ["testConstructor1"]

-- OK: MobilniPlatby\Response | MobilniPlatby\Response\ResponseTest.phpt ["testConstructor2"]

FAILURES! (10 tests, 1 failures)PHP 5.5.11 | "php-cgi"  | 40 threads

-- OK: MobilniPlatby\Request | MobilniPlatby\Request\ConfirmRequestTest.phpt ["testConstructor"]

-- OK: MobilniPlatby\Request | MobilniPlatby\Request\ConfirmRequestTest.phpt ["testBadConstructor"]

-- OK: MobilniPlatby\Request | MobilniPlatby\Request\ConfirmRequestTest.phpt ["testType"]

-- OK: MobilniPlatby\Request\RequestFactoryTest.phpt

-- OK: MobilniPlatby\Request | MobilniPlatby\Request\RequestTest.phpt ["testConstructor"]

-- OK: MobilniPlatby\Request | MobilniPlatby\Request\RequestTest.phpt ["testBadConstructor"]

-- OK: MobilniPlatby\Request | MobilniPlatby\Request\RequestTest.phpt ["testType"]

-- FAILED: MobilniPlatby\Response | MobilniPlatby\Response\ConfirmResponseTest.phpt ["testConstructor"]
   Error: This test forgets to execute an assertion.

-- OK: MobilniPlatby\Response | MobilniPlatby\Response\ResponseTest.phpt ["testConstructor1"]

-- OK: MobilniPlatby\Response | MobilniPlatby\Response\ResponseTest.phpt ["testConstructor2"]

FAILURES! (10 tests, 1 failures)PHP 5.5.11 | "php-cgi"  | 40 threads

-- FAILED: MobilniPlatby\Response | MobilniPlatby\Response\ConfirmResponseTest.phpt
   <br />
   <b>Parse error</b>:  syntax error, unexpected '}' in <b>D:\Localhost\MobilniPlatby\tests\MobilniPlatby\Response\ConfirmResponseTest.phpt</b> on line <b>30</b><br />

-- OK: MobilniPlatby\Request | MobilniPlatby\Request\ConfirmRequestTest.phpt ["testConstructor"]

-- OK: MobilniPlatby\Request | MobilniPlatby\Request\ConfirmRequestTest.phpt ["testBadConstructor"]

-- OK: MobilniPlatby\Request | MobilniPlatby\Request\ConfirmRequestTest.phpt ["testType"]

-- OK: MobilniPlatby\Request\RequestFactoryTest.phpt

-- OK: MobilniPlatby\Request | MobilniPlatby\Request\RequestTest.phpt ["testConstructor"]

-- OK: MobilniPlatby\Request | MobilniPlatby\Request\RequestTest.phpt ["testBadConstructor"]

-- OK: MobilniPlatby\Request | MobilniPlatby\Request\RequestTest.phpt ["testType"]

-- OK: MobilniPlatby\Response | MobilniPlatby\Response\ResponseTest.phpt ["testConstructor1"]

-- OK: MobilniPlatby\Response | MobilniPlatby\Response\ResponseTest.phpt ["testConstructor2"]

FAILURES! (10 tests, 1 failures)PHP 5.5.11 | "php-cgi"  | 40 threads

-- OK: MobilniPlatby\Request | MobilniPlatby\Request\ConfirmRequestTest.phpt ["testConstructor"]

-- OK: MobilniPlatby\Request | MobilniPlatby\Request\ConfirmRequestTest.phpt ["testBadConstructor"]

-- OK: MobilniPlatby\Request | MobilniPlatby\Request\ConfirmRequestTest.phpt ["testType"]

-- OK: MobilniPlatby\Request\RequestFactoryTest.phpt

-- OK: MobilniPlatby\Request | MobilniPlatby\Request\RequestTest.phpt ["testConstructor"]

-- OK: MobilniPlatby\Request | MobilniPlatby\Request\RequestTest.phpt ["testBadConstructor"]

-- OK: MobilniPlatby\Request | MobilniPlatby\Request\RequestTest.phpt ["testType"]

-- FAILED: MobilniPlatby\Response | MobilniPlatby\Response\ConfirmResponseTest.phpt ["testConstructor"]
   Exited with error code 255 (expected 0)
   E_RECOVERABLE_ERROR: Argument 1 passed to MobilniPlatby\Response\ConfirmResponse::send() must be an instance of Nette\Http\IRequest, null given, called in D:\Localhost\MobilniPlatby\tests\MobilniPlatby\Response\ConfirmResponseTest.phpt on line 29 and defined
   
   in MobilniPlatby\Response\ConfirmResponse.php(20) 
   in MobilniPlatby\Response\ConfirmResponseTest.phpt(29) MobilniPlatby\Response\ConfirmResponse->send()
   in [internal function]ConfirmResponseTest->testConstructor()
   in Tester\Framework\TestCase.php(120) call_user_func_array()
   in Tester\Framework\TestCase.php(103) Tester\TestCase->runTest()
   in Tester\Framework\TestCase.php(49) Tester\TestCase->runMethod()
   in MobilniPlatby\Response\ConfirmResponseTest.phpt(33) Tester\TestCase->run()

-- OK: MobilniPlatby\Response | MobilniPlatby\Response\ResponseTest.phpt ["testConstructor1"]

-- OK: MobilniPlatby\Response | MobilniPlatby\Response\ResponseTest.phpt ["testConstructor2"]

FAILURES! (10 tests, 1 failures)PHP 5.5.11 | "php-cgi"  | 40 threads

-- OK: MobilniPlatby\Request | MobilniPlatby\Request\ConfirmRequestTest.phpt ["testConstructor"]

-- OK: MobilniPlatby\Request | MobilniPlatby\Request\ConfirmRequestTest.phpt ["testBadConstructor"]

-- OK: MobilniPlatby\Request | MobilniPlatby\Request\ConfirmRequestTest.phpt ["testType"]

-- OK: MobilniPlatby\Request\RequestFactoryTest.phpt

-- OK: MobilniPlatby\Request | MobilniPlatby\Request\RequestTest.phpt ["testConstructor"]

-- OK: MobilniPlatby\Request | MobilniPlatby\Request\RequestTest.phpt ["testBadConstructor"]

-- OK: MobilniPlatby\Request | MobilniPlatby\Request\RequestTest.phpt ["testType"]

-- FAILED: MobilniPlatby\Response | MobilniPlatby\Response\ConfirmResponseTest.phpt ["testConstructor"]
   Exited with error code 255 (expected 0)
   E_RECOVERABLE_ERROR: Argument 1 passed to MobilniPlatby\Response\ConfirmResponse::send() must be an instance of Nette\Http\IRequest, null given, called in D:\Localhost\MobilniPlatby\tests\MobilniPlatby\Response\ConfirmResponseTest.phpt on line 29 and defined
   
   in MobilniPlatby\Response\ConfirmResponse.php(20) 
   in MobilniPlatby\Response\ConfirmResponseTest.phpt(29) MobilniPlatby\Response\ConfirmResponse->send()
   in [internal function]ConfirmResponseTest->testConstructor()
   in Tester\Framework\TestCase.php(120) call_user_func_array()
   in Tester\Framework\TestCase.php(103) Tester\TestCase->runTest()
   in Tester\Framework\TestCase.php(49) Tester\TestCase->runMethod()
   in MobilniPlatby\Response\ConfirmResponseTest.phpt(34) Tester\TestCase->run()

-- OK: MobilniPlatby\Response | MobilniPlatby\Response\ResponseTest.phpt ["testConstructor1"]

-- OK: MobilniPlatby\Response | MobilniPlatby\Response\ResponseTest.phpt ["testConstructor2"]

FAILURES! (10 tests, 1 failures)PHP 5.5.11 | "php-cgi"  | 40 threads

-- OK: MobilniPlatby\Request | MobilniPlatby\Request\ConfirmRequestTest.phpt ["testConstructor"]

-- OK: MobilniPlatby\Request | MobilniPlatby\Request\ConfirmRequestTest.phpt ["testBadConstructor"]

-- OK: MobilniPlatby\Request | MobilniPlatby\Request\ConfirmRequestTest.phpt ["testType"]

-- OK: MobilniPlatby\Request\RequestFactoryTest.phpt

-- OK: MobilniPlatby\Request | MobilniPlatby\Request\RequestTest.phpt ["testConstructor"]

-- OK: MobilniPlatby\Request | MobilniPlatby\Request\RequestTest.phpt ["testBadConstructor"]

-- OK: MobilniPlatby\Request | MobilniPlatby\Request\RequestTest.phpt ["testType"]

-- FAILED: MobilniPlatby\Response | MobilniPlatby\Response\ConfirmResponseTest.phpt ["testConstructor"]
   Exited with error code 255 (expected 0)
   E_RECOVERABLE_ERROR: Argument 1 passed to MobilniPlatby\Response\ConfirmResponse::send() must be an instance of Nette\Http\IRequest, null given, called in D:\Localhost\MobilniPlatby\tests\MobilniPlatby\Response\ConfirmResponseTest.phpt on line 29 and defined
   
   in MobilniPlatby\Response\ConfirmResponse.php(20) 
   in MobilniPlatby\Response\ConfirmResponseTest.phpt(29) MobilniPlatby\Response\ConfirmResponse->send()
   in [internal function]ConfirmResponseTest->testConstructor()
   in Tester\Framework\TestCase.php(120) call_user_func_array()
   in Tester\Framework\TestCase.php(103) Tester\TestCase->runTest()
   in Tester\Framework\TestCase.php(49) Tester\TestCase->runMethod()
   in MobilniPlatby\Response\ConfirmResponseTest.phpt(33) Tester\TestCase->run()

-- OK: MobilniPlatby\Response | MobilniPlatby\Response\ResponseTest.phpt ["testConstructor1"]

-- OK: MobilniPlatby\Response | MobilniPlatby\Response\ResponseTest.phpt ["testConstructor2"]

FAILURES! (10 tests, 1 failures)PHP 5.5.11 | "php-cgi"  | 40 threads

-- OK: MobilniPlatby\Request | MobilniPlatby\Request\ConfirmRequestTest.phpt ["testConstructor"]

-- OK: MobilniPlatby\Request | MobilniPlatby\Request\ConfirmRequestTest.phpt ["testBadConstructor"]

-- OK: MobilniPlatby\Request | MobilniPlatby\Request\ConfirmRequestTest.phpt ["testType"]

-- OK: MobilniPlatby\Request\RequestFactoryTest.phpt

-- OK: MobilniPlatby\Request | MobilniPlatby\Request\RequestTest.phpt ["testConstructor"]

-- OK: MobilniPlatby\Request | MobilniPlatby\Request\RequestTest.phpt ["testBadConstructor"]

-- OK: MobilniPlatby\Request | MobilniPlatby\Request\RequestTest.phpt ["testType"]

-- FAILED: MobilniPlatby\Response | MobilniPlatby\Response\ConfirmResponseTest.phpt ["testConstructor"]
   Exited with error code 255 (expected 0)
   E_RECOVERABLE_ERROR: Argument 1 passed to MobilniPlatby\Response\ConfirmResponse::send() must be an instance of Nette\Http\IRequest, null given, called in D:\Localhost\MobilniPlatby\tests\MobilniPlatby\Response\ConfirmResponseTest.phpt on line 30 and defined
   
   in MobilniPlatby\Response\ConfirmResponse.php(20) 
   in MobilniPlatby\Response\ConfirmResponseTest.phpt(30) MobilniPlatby\Response\ConfirmResponse->send()
   in [internal function]ConfirmResponseTest->testConstructor()
   in Tester\Framework\TestCase.php(120) call_user_func_array()
   in Tester\Framework\TestCase.php(97) Tester\TestCase->runTest()
   in [internal function]Tester\TestCase->Tester\{closure}()
   in Tester\Framework\Assert.php(266) call_user_func()
   in Tester\Framework\Assert.php(305) Tester\Assert::exception()
   in Tester\Framework\TestCase.php(98) Tester\Assert::error()
   in Tester\Framework\TestCase.php(49) Tester\TestCase->runMethod()
   in MobilniPlatby\Response\ConfirmResponseTest.phpt(34) Tester\TestCase->run()

-- OK: MobilniPlatby\Response | MobilniPlatby\Response\ResponseTest.phpt ["testConstructor1"]

-- OK: MobilniPlatby\Response | MobilniPlatby\Response\ResponseTest.phpt ["testConstructor2"]

FAILURES! (10 tests, 1 failures)PHP 5.5.11 | "php-cgi"  | 40 threads

-- OK: MobilniPlatby\Request | MobilniPlatby\Request\ConfirmRequestTest.phpt ["testConstructor"]

-- OK: MobilniPlatby\Request | MobilniPlatby\Request\ConfirmRequestTest.phpt ["testBadConstructor"]

-- OK: MobilniPlatby\Request | MobilniPlatby\Request\ConfirmRequestTest.phpt ["testType"]

-- OK: MobilniPlatby\Request\RequestFactoryTest.phpt

-- OK: MobilniPlatby\Request | MobilniPlatby\Request\RequestTest.phpt ["testConstructor"]

-- OK: MobilniPlatby\Request | MobilniPlatby\Request\RequestTest.phpt ["testBadConstructor"]

-- OK: MobilniPlatby\Request | MobilniPlatby\Request\RequestTest.phpt ["testType"]

-- FAILED: MobilniPlatby\Response | MobilniPlatby\Response\ConfirmResponseTest.phpt ["testConstructor"]
   Exited with error code 255 (expected 0)
   E_RECOVERABLE_ERROR: Argument 1 passed to MobilniPlatby\Response\ConfirmResponse::send() must be an instance of Nette\Http\IRequest, null given, called in D:\Localhost\MobilniPlatby\tests\MobilniPlatby\Response\ConfirmResponseTest.phpt on line 29 and defined
   
   in MobilniPlatby\Response\ConfirmResponse.php(20) 
   in MobilniPlatby\Response\ConfirmResponseTest.phpt(29) MobilniPlatby\Response\ConfirmResponse->send()
   in [internal function]ConfirmResponseTest->testConstructor()
   in Tester\Framework\TestCase.php(120) call_user_func_array()
   in Tester\Framework\TestCase.php(103) Tester\TestCase->runTest()
   in Tester\Framework\TestCase.php(49) Tester\TestCase->runMethod()
   in MobilniPlatby\Response\ConfirmResponseTest.phpt(33) Tester\TestCase->run()

-- OK: MobilniPlatby\Response | MobilniPlatby\Response\ResponseTest.phpt ["testConstructor1"]

-- OK: MobilniPlatby\Response | MobilniPlatby\Response\ResponseTest.phpt ["testConstructor2"]

FAILURES! (10 tests, 1 failures)PHP 5.5.11 | "php-cgi"  | 40 threads

-- FAILED: MobilniPlatby\Response | MobilniPlatby\Response\ConfirmResponseTest.phpt
   <br />
   <b>Parse error</b>:  syntax error, unexpected ',' in <b>D:\Localhost\MobilniPlatby\tests\MobilniPlatby\Response\ConfirmResponseTest.phpt</b> on line <b>30</b><br />

-- OK: MobilniPlatby\Request | MobilniPlatby\Request\ConfirmRequestTest.phpt ["testConstructor"]

-- OK: MobilniPlatby\Request | MobilniPlatby\Request\ConfirmRequestTest.phpt ["testBadConstructor"]

-- OK: MobilniPlatby\Request | MobilniPlatby\Request\ConfirmRequestTest.phpt ["testType"]

-- OK: MobilniPlatby\Request\RequestFactoryTest.phpt

-- OK: MobilniPlatby\Request | MobilniPlatby\Request\RequestTest.phpt ["testConstructor"]

-- OK: MobilniPlatby\Request | MobilniPlatby\Request\RequestTest.phpt ["testBadConstructor"]

-- OK: MobilniPlatby\Request | MobilniPlatby\Request\RequestTest.phpt ["testType"]

-- OK: MobilniPlatby\Response | MobilniPlatby\Response\ResponseTest.phpt ["testConstructor1"]

-- OK: MobilniPlatby\Response | MobilniPlatby\Response\ResponseTest.phpt ["testConstructor2"]

FAILURES! (10 tests, 1 failures)PHP 5.5.11 | "php-cgi"  | 40 threads

-- FAILED: MobilniPlatby\Response | MobilniPlatby\Response\ConfirmResponseTest.phpt
   <br />
   <b>Parse error</b>:  syntax error, unexpected ',' in <b>D:\Localhost\MobilniPlatby\tests\MobilniPlatby\Response\ConfirmResponseTest.phpt</b> on line <b>31</b><br />

-- OK: MobilniPlatby\Request | MobilniPlatby\Request\ConfirmRequestTest.phpt ["testConstructor"]

-- OK: MobilniPlatby\Request | MobilniPlatby\Request\ConfirmRequestTest.phpt ["testBadConstructor"]

-- OK: MobilniPlatby\Request | MobilniPlatby\Request\ConfirmRequestTest.phpt ["testType"]

-- OK: MobilniPlatby\Request\RequestFactoryTest.phpt

-- OK: MobilniPlatby\Request | MobilniPlatby\Request\RequestTest.phpt ["testConstructor"]

-- OK: MobilniPlatby\Request | MobilniPlatby\Request\RequestTest.phpt ["testBadConstructor"]

-- OK: MobilniPlatby\Request | MobilniPlatby\Request\RequestTest.phpt ["testType"]

-- OK: MobilniPlatby\Response | MobilniPlatby\Response\ResponseTest.phpt ["testConstructor1"]

-- OK: MobilniPlatby\Response | MobilniPlatby\Response\ResponseTest.phpt ["testConstructor2"]

FAILURES! (10 tests, 1 failures)PHP 5.5.11 | "php-cgi"  | 40 threads

-- FAILED: MobilniPlatby\Response | MobilniPlatby\Response\ConfirmResponseTest.phpt
   <br />
   <b>Parse error</b>:  syntax error, unexpected '$response' (T_VARIABLE) in <b>D:\Localhost\MobilniPlatby\tests\MobilniPlatby\Response\ConfirmResponseTest.phpt</b> on line <b>31</b><br />

-- OK: MobilniPlatby\Request | MobilniPlatby\Request\ConfirmRequestTest.phpt ["testConstructor"]

-- OK: MobilniPlatby\Request | MobilniPlatby\Request\ConfirmRequestTest.phpt ["testBadConstructor"]

-- OK: MobilniPlatby\Request | MobilniPlatby\Request\ConfirmRequestTest.phpt ["testType"]

-- OK: MobilniPlatby\Request\RequestFactoryTest.phpt

-- OK: MobilniPlatby\Request | MobilniPlatby\Request\RequestTest.phpt ["testConstructor"]

-- OK: MobilniPlatby\Request | MobilniPlatby\Request\RequestTest.phpt ["testBadConstructor"]

-- OK: MobilniPlatby\Request | MobilniPlatby\Request\RequestTest.phpt ["testType"]

-- OK: MobilniPlatby\Response | MobilniPlatby\Response\ResponseTest.phpt ["testConstructor1"]

-- OK: MobilniPlatby\Response | MobilniPlatby\Response\ResponseTest.phpt ["testConstructor2"]

FAILURES! (10 tests, 1 failures)PHP 5.5.11 | "php-cgi"  | 40 threads

-- OK: MobilniPlatby\Request | MobilniPlatby\Request\ConfirmRequestTest.phpt ["testConstructor"]

-- OK: MobilniPlatby\Request | MobilniPlatby\Request\ConfirmRequestTest.phpt ["testBadConstructor"]

-- OK: MobilniPlatby\Request | MobilniPlatby\Request\ConfirmRequestTest.phpt ["testType"]

-- OK: MobilniPlatby\Request\RequestFactoryTest.phpt

-- OK: MobilniPlatby\Request | MobilniPlatby\Request\RequestTest.phpt ["testConstructor"]

-- OK: MobilniPlatby\Request | MobilniPlatby\Request\RequestTest.phpt ["testBadConstructor"]

-- OK: MobilniPlatby\Request | MobilniPlatby\Request\RequestTest.phpt ["testType"]

-- FAILED: MobilniPlatby\Response | MobilniPlatby\Response\ConfirmResponseTest.phpt ["testConstructor"]
   Exited with error code 255 (expected 0)
   
   Fatal error: Class 'RequestFactory' not found in D:\Localhost\MobilniPlatby\tests\MobilniPlatby\Response\ConfirmResponseTest.phpt on line 29

-- OK: MobilniPlatby\Response | MobilniPlatby\Response\ResponseTest.phpt ["testConstructor1"]

-- OK: MobilniPlatby\Response | MobilniPlatby\Response\ResponseTest.phpt ["testConstructor2"]

FAILURES! (10 tests, 1 failures)PHP 5.5.11 | "php-cgi"  | 40 threads

-- OK: MobilniPlatby\Request | MobilniPlatby\Request\ConfirmRequestTest.phpt ["testConstructor"]

-- OK: MobilniPlatby\Request | MobilniPlatby\Request\ConfirmRequestTest.phpt ["testBadConstructor"]

-- OK: MobilniPlatby\Request | MobilniPlatby\Request\ConfirmRequestTest.phpt ["testType"]

-- OK: MobilniPlatby\Request\RequestFactoryTest.phpt

-- OK: MobilniPlatby\Request | MobilniPlatby\Request\RequestTest.phpt ["testConstructor"]

-- OK: MobilniPlatby\Request | MobilniPlatby\Request\RequestTest.phpt ["testBadConstructor"]

-- OK: MobilniPlatby\Request | MobilniPlatby\Request\RequestTest.phpt ["testType"]

-- FAILED: MobilniPlatby\Response | MobilniPlatby\Response\ConfirmResponseTest.phpt ["testConstructor"]
   Exited with error code 255 (expected 0)
   E_RECOVERABLE_ERROR: Argument 2 passed to MobilniPlatby\Response\ConfirmResponse::send() must implement interface Nette\Http\IResponse, null given, called in D:\Localhost\MobilniPlatby\tests\MobilniPlatby\Response\ConfirmResponseTest.phpt on line 33 and defined
   
   in MobilniPlatby\Response\ConfirmResponse.php(20) 
   in MobilniPlatby\Response\ConfirmResponseTest.phpt(33) MobilniPlatby\Response\ConfirmResponse->send()
   in [internal function]ConfirmResponseTest->testConstructor()
   in Tester\Framework\TestCase.php(120) call_user_func_array()
   in Tester\Framework\TestCase.php(103) Tester\TestCase->runTest()
   in Tester\Framework\TestCase.php(49) Tester\TestCase->runMethod()
   in MobilniPlatby\Response\ConfirmResponseTest.phpt(37) Tester\TestCase->run()

-- OK: MobilniPlatby\Response | MobilniPlatby\Response\ResponseTest.phpt ["testConstructor1"]

-- OK: MobilniPlatby\Response | MobilniPlatby\Response\ResponseTest.phpt ["testConstructor2"]

FAILURES! (10 tests, 1 failures)PHP 5.5.11 | "php-cgi"  | 40 threads

-- OK: MobilniPlatby\Request | MobilniPlatby\Request\ConfirmRequestTest.phpt ["testConstructor"]

-- OK: MobilniPlatby\Request | MobilniPlatby\Request\ConfirmRequestTest.phpt ["testBadConstructor"]

-- OK: MobilniPlatby\Request | MobilniPlatby\Request\ConfirmRequestTest.phpt ["testType"]

-- OK: MobilniPlatby\Request\RequestFactoryTest.phpt

-- OK: MobilniPlatby\Request | MobilniPlatby\Request\RequestTest.phpt ["testConstructor"]

-- OK: MobilniPlatby\Request | MobilniPlatby\Request\RequestTest.phpt ["testBadConstructor"]

-- OK: MobilniPlatby\Request | MobilniPlatby\Request\RequestTest.phpt ["testType"]

-- FAILED: MobilniPlatby\Response | MobilniPlatby\Response\ConfirmResponseTest.phpt ["testConstructor"]
   Exited with error code 255 (expected 0)
   E_RECOVERABLE_ERROR: Argument 2 passed to MobilniPlatby\Response\ConfirmResponse::send() must implement interface Nette\Http\IResponse, null given, called in D:\Localhost\MobilniPlatby\tests\MobilniPlatby\Response\ConfirmResponseTest.phpt on line 34 and defined
   
   in MobilniPlatby\Response\ConfirmResponse.php(20) 
   in MobilniPlatby\Response\ConfirmResponseTest.phpt(34) MobilniPlatby\Response\ConfirmResponse->send()
   in [internal function]ConfirmResponseTest->testConstructor()
   in Tester\Framework\TestCase.php(120) call_user_func_array()
   in Tester\Framework\TestCase.php(103) Tester\TestCase->runTest()
   in Tester\Framework\TestCase.php(49) Tester\TestCase->runMethod()
   in MobilniPlatby\Response\ConfirmResponseTest.phpt(38) Tester\TestCase->run()

-- OK: MobilniPlatby\Response | MobilniPlatby\Response\ResponseTest.phpt ["testConstructor1"]

-- OK: MobilniPlatby\Response | MobilniPlatby\Response\ResponseTest.phpt ["testConstructor2"]

FAILURES! (10 tests, 1 failures)PHP 5.5.11 | "php-cgi"  | 40 threads

-- OK: MobilniPlatby\Request | MobilniPlatby\Request\ConfirmRequestTest.phpt ["testConstructor"]

-- OK: MobilniPlatby\Request | MobilniPlatby\Request\ConfirmRequestTest.phpt ["testBadConstructor"]

-- OK: MobilniPlatby\Request | MobilniPlatby\Request\ConfirmRequestTest.phpt ["testType"]

-- OK: MobilniPlatby\Request\RequestFactoryTest.phpt

-- OK: MobilniPlatby\Request | MobilniPlatby\Request\RequestTest.phpt ["testConstructor"]

-- OK: MobilniPlatby\Request | MobilniPlatby\Request\RequestTest.phpt ["testBadConstructor"]

-- OK: MobilniPlatby\Request | MobilniPlatby\Request\RequestTest.phpt ["testType"]

-- FAILED: MobilniPlatby\Response | MobilniPlatby\Response\ConfirmResponseTest.phpt ["testConstructor"]
   Exited with error code 255 (expected 0)
   E_RECOVERABLE_ERROR: Argument 2 passed to MobilniPlatby\Response\ConfirmResponse::send() must implement interface Nette\Http\IResponse, null given, called in D:\Localhost\MobilniPlatby\tests\MobilniPlatby\Response\ConfirmResponseTest.phpt on line 34 and defined
   
   in MobilniPlatby\Response\ConfirmResponse.php(20) 
   in MobilniPlatby\Response\ConfirmResponseTest.phpt(34) MobilniPlatby\Response\ConfirmResponse->send()
   in [internal function]ConfirmResponseTest->testConstructor()
   in Tester\Framework\TestCase.php(120) call_user_func_array()
   in Tester\Framework\TestCase.php(103) Tester\TestCase->runTest()
   in Tester\Framework\TestCase.php(49) Tester\TestCase->runMethod()
   in MobilniPlatby\Response\ConfirmResponseTest.phpt(38) Tester\TestCase->run()

-- OK: MobilniPlatby\Response | MobilniPlatby\Response\ResponseTest.phpt ["testConstructor1"]

-- OK: MobilniPlatby\Response | MobilniPlatby\Response\ResponseTest.phpt ["testConstructor2"]

FAILURES! (10 tests, 1 failures)PHP 5.5.11 | "php-cgi"  | 40 threads

-- OK: MobilniPlatby\Request | MobilniPlatby\Request\ConfirmRequestTest.phpt ["testConstructor"]

-- OK: MobilniPlatby\Request | MobilniPlatby\Request\ConfirmRequestTest.phpt ["testBadConstructor"]

-- OK: MobilniPlatby\Request | MobilniPlatby\Request\ConfirmRequestTest.phpt ["testType"]

-- OK: MobilniPlatby\Request\RequestFactoryTest.phpt

-- OK: MobilniPlatby\Request | MobilniPlatby\Request\RequestTest.phpt ["testConstructor"]

-- OK: MobilniPlatby\Request | MobilniPlatby\Request\RequestTest.phpt ["testBadConstructor"]

-- OK: MobilniPlatby\Request | MobilniPlatby\Request\RequestTest.phpt ["testType"]

-- FAILED: MobilniPlatby\Response | MobilniPlatby\Response\ConfirmResponseTest.phpt ["testConstructor"]
   Error: This test forgets to execute an assertion.

-- OK: MobilniPlatby\Response | MobilniPlatby\Response\ResponseTest.phpt ["testConstructor1"]

-- OK: MobilniPlatby\Response | MobilniPlatby\Response\ResponseTest.phpt ["testConstructor2"]

FAILURES! (10 tests, 1 failures)PHP 5.5.11 | "php-cgi"  | 40 threads

-- OK: MobilniPlatby\Request | MobilniPlatby\Request\ConfirmRequestTest.phpt ["testConstructor"]

-- OK: MobilniPlatby\Request | MobilniPlatby\Request\ConfirmRequestTest.phpt ["testBadConstructor"]

-- OK: MobilniPlatby\Request | MobilniPlatby\Request\ConfirmRequestTest.phpt ["testType"]

-- OK: MobilniPlatby\Request\RequestFactoryTest.phpt

-- OK: MobilniPlatby\Request | MobilniPlatby\Request\RequestTest.phpt ["testConstructor"]

-- OK: MobilniPlatby\Request | MobilniPlatby\Request\RequestTest.phpt ["testBadConstructor"]

-- OK: MobilniPlatby\Request | MobilniPlatby\Request\RequestTest.phpt ["testType"]

-- FAILED: MobilniPlatby\Response | MobilniPlatby\Response\ConfirmResponseTest.phpt ["testConstructor"]
   Exited with HTTP code 204 (expected 200)

-- OK: MobilniPlatby\Response | MobilniPlatby\Response\ResponseTest.phpt ["testConstructor1"]

-- OK: MobilniPlatby\Response | MobilniPlatby\Response\ResponseTest.phpt ["testConstructor2"]

FAILURES! (10 tests, 1 failures)PHP 5.5.11 | "php-cgi"  | 40 threads

-- OK: MobilniPlatby\Request | MobilniPlatby\Request\ConfirmRequestTest.phpt ["testConstructor"]

-- OK: MobilniPlatby\Request | MobilniPlatby\Request\ConfirmRequestTest.phpt ["testBadConstructor"]

-- OK: MobilniPlatby\Request | MobilniPlatby\Request\ConfirmRequestTest.phpt ["testType"]

-- OK: MobilniPlatby\Request\RequestFactoryTest.phpt

-- OK: MobilniPlatby\Request | MobilniPlatby\Request\RequestTest.phpt ["testConstructor"]

-- OK: MobilniPlatby\Request | MobilniPlatby\Request\RequestTest.phpt ["testBadConstructor"]

-- OK: MobilniPlatby\Request | MobilniPlatby\Request\RequestTest.phpt ["testType"]

-- FAILED: MobilniPlatby\Response | MobilniPlatby\Response\ConfirmResponseTest.phpt ["testConstructor"]
   Exited with HTTP code 204 (expected 200)

-- OK: MobilniPlatby\Response | MobilniPlatby\Response\ResponseTest.phpt ["testConstructor1"]

-- OK: MobilniPlatby\Response | MobilniPlatby\Response\ResponseTest.phpt ["testConstructor2"]

FAILURES! (10 tests, 1 failures)PHP 5.5.11 | "php-cgi"  | 40 threads

-- OK: MobilniPlatby\Request | MobilniPlatby\Request\ConfirmRequestTest.phpt ["testConstructor"]

-- OK: MobilniPlatby\Request | MobilniPlatby\Request\ConfirmRequestTest.phpt ["testBadConstructor"]

-- OK: MobilniPlatby\Request | MobilniPlatby\Request\ConfirmRequestTest.phpt ["testType"]

-- OK: MobilniPlatby\Request\RequestFactoryTest.phpt

-- OK: MobilniPlatby\Request | MobilniPlatby\Request\RequestTest.phpt ["testConstructor"]

-- OK: MobilniPlatby\Request | MobilniPlatby\Request\RequestTest.phpt ["testBadConstructor"]

-- OK: MobilniPlatby\Request | MobilniPlatby\Request\RequestTest.phpt ["testType"]

-- FAILED: MobilniPlatby\Response | MobilniPlatby\Response\ConfirmResponseTest.phpt ["testConstructor"]
   Exited with HTTP code 204 (expected 200)

-- OK: MobilniPlatby\Response | MobilniPlatby\Response\ResponseTest.phpt ["testConstructor1"]

-- OK: MobilniPlatby\Response | MobilniPlatby\Response\ResponseTest.phpt ["testConstructor2"]

FAILURES! (10 tests, 1 failures)PHP 5.5.11 | "php-cgi"  | 40 threads

-- OK: MobilniPlatby\Request | MobilniPlatby\Request\ConfirmRequestTest.phpt ["testConstructor"]

-- OK: MobilniPlatby\Request | MobilniPlatby\Request\ConfirmRequestTest.phpt ["testBadConstructor"]

-- OK: MobilniPlatby\Request | MobilniPlatby\Request\ConfirmRequestTest.phpt ["testType"]

-- OK: MobilniPlatby\Request\RequestFactoryTest.phpt

-- OK: MobilniPlatby\Request | MobilniPlatby\Request\RequestTest.phpt ["testConstructor"]

-- OK: MobilniPlatby\Request | MobilniPlatby\Request\RequestTest.phpt ["testBadConstructor"]

-- OK: MobilniPlatby\Request | MobilniPlatby\Request\RequestTest.phpt ["testType"]

-- FAILED: MobilniPlatby\Response | MobilniPlatby\Response\ConfirmResponseTest.phpt ["testConstructor"]
   Exited with error code 255 (expected 0)
   
   Fatal error: Declaration of MobilniPlatby\Response\ConfirmResponse::send() must be compatible with Nette\Application\IResponse::send(Nette\Http\IRequest $httpRequest, Nette\Http\IResponse $httpResponse) in D:\Localhost\MobilniPlatby\src\MobilniPlatby\Response\ConfirmResponse.php on line 14

-- OK: MobilniPlatby\Response | MobilniPlatby\Response\ResponseTest.phpt ["testConstructor1"]

-- OK: MobilniPlatby\Response | MobilniPlatby\Response\ResponseTest.phpt ["testConstructor2"]

FAILURES! (10 tests, 1 failures)PHP 5.5.11 | "php-cgi"  | 40 threads

-- OK: MobilniPlatby\Request | MobilniPlatby\Request\ConfirmRequestTest.phpt ["testConstructor"]

-- OK: MobilniPlatby\Request | MobilniPlatby\Request\ConfirmRequestTest.phpt ["testBadConstructor"]

-- OK: MobilniPlatby\Request | MobilniPlatby\Request\ConfirmRequestTest.phpt ["testType"]

-- OK: MobilniPlatby\Request\RequestFactoryTest.phpt

-- OK: MobilniPlatby\Request | MobilniPlatby\Request\RequestTest.phpt ["testConstructor"]

-- OK: MobilniPlatby\Request | MobilniPlatby\Request\RequestTest.phpt ["testBadConstructor"]

-- OK: MobilniPlatby\Request | MobilniPlatby\Request\RequestTest.phpt ["testType"]

-- FAILED: MobilniPlatby\Response | MobilniPlatby\Response\ConfirmResponseTest.phpt ["testConstructor"]
   Exited with HTTP code 204 (expected 200)

-- OK: MobilniPlatby\Response | MobilniPlatby\Response\ResponseTest.phpt ["testConstructor1"]

-- OK: MobilniPlatby\Response | MobilniPlatby\Response\ResponseTest.phpt ["testConstructor2"]

FAILURES! (10 tests, 1 failures)PHP 5.5.11 | "php-cgi"  | 40 threads

-- OK: MobilniPlatby\Request | MobilniPlatby\Request\ConfirmRequestTest.phpt ["testConstructor"]

-- OK: MobilniPlatby\Request | MobilniPlatby\Request\ConfirmRequestTest.phpt ["testBadConstructor"]

-- OK: MobilniPlatby\Request | MobilniPlatby\Request\ConfirmRequestTest.phpt ["testType"]

-- OK: MobilniPlatby\Request\RequestFactoryTest.phpt

-- OK: MobilniPlatby\Request | MobilniPlatby\Request\RequestTest.phpt ["testConstructor"]

-- OK: MobilniPlatby\Request | MobilniPlatby\Request\RequestTest.phpt ["testBadConstructor"]

-- OK: MobilniPlatby\Request | MobilniPlatby\Request\RequestTest.phpt ["testType"]

-- FAILED: MobilniPlatby\Response | MobilniPlatby\Response\ConfirmResponseTest.phpt ["testConstructor"]
   Exited with HTTP code 204 (expected 200)

-- OK: MobilniPlatby\Response | MobilniPlatby\Response\ResponseTest.phpt ["testConstructor1"]

-- OK: MobilniPlatby\Response | MobilniPlatby\Response\ResponseTest.phpt ["testConstructor2"]

FAILURES! (10 tests, 1 failures)PHP 5.5.11 | "php-cgi"  | 40 threads

-- OK: MobilniPlatby\Request | MobilniPlatby\Request\ConfirmRequestTest.phpt ["testConstructor"]

-- OK: MobilniPlatby\Request | MobilniPlatby\Request\ConfirmRequestTest.phpt ["testBadConstructor"]

-- OK: MobilniPlatby\Request | MobilniPlatby\Request\ConfirmRequestTest.phpt ["testType"]

-- OK: MobilniPlatby\Request\RequestFactoryTest.phpt

-- OK: MobilniPlatby\Request | MobilniPlatby\Request\RequestTest.phpt ["testConstructor"]

-- OK: MobilniPlatby\Request | MobilniPlatby\Request\RequestTest.phpt ["testBadConstructor"]

-- OK: MobilniPlatby\Request | MobilniPlatby\Request\RequestTest.phpt ["testType"]

-- FAILED: MobilniPlatby\Response | MobilniPlatby\Response\ConfirmResponseTest.phpt ["testConstructor"]
   Failed: 200 should be equal to 204 in testConstructor()
   
   in Tester\Framework\Assert.php(407) 
   in Tester\Framework\Assert.php(82) Tester\Assert::fail()
   in MobilniPlatby\Response\ConfirmResponseTest.phpt(33) Tester\Assert::equal()
   in [internal function]ConfirmResponseTest->testConstructor()
   in Tester\Framework\TestCase.php(120) call_user_func_array()
   in Tester\Framework\TestCase.php(103) Tester\TestCase->runTest()
   in Tester\Framework\TestCase.php(49) Tester\TestCase->runMethod()
   in MobilniPlatby\Response\ConfirmResponseTest.phpt(38) Tester\TestCase->run()

-- OK: MobilniPlatby\Response | MobilniPlatby\Response\ResponseTest.phpt ["testConstructor1"]

-- OK: MobilniPlatby\Response | MobilniPlatby\Response\ResponseTest.phpt ["testConstructor2"]

FAILURES! (10 tests, 1 failures)PHP 5.5.11 | "php-cgi"  | 40 threads

-- OK: MobilniPlatby\Request | MobilniPlatby\Request\ConfirmRequestTest.phpt ["testConstructor"]

-- OK: MobilniPlatby\Request | MobilniPlatby\Request\ConfirmRequestTest.phpt ["testBadConstructor"]

-- OK: MobilniPlatby\Request | MobilniPlatby\Request\ConfirmRequestTest.phpt ["testType"]

-- OK: MobilniPlatby\Request\RequestFactoryTest.phpt

-- OK: MobilniPlatby\Request | MobilniPlatby\Request\RequestTest.phpt ["testConstructor"]

-- OK: MobilniPlatby\Request | MobilniPlatby\Request\RequestTest.phpt ["testBadConstructor"]

-- OK: MobilniPlatby\Request | MobilniPlatby\Request\RequestTest.phpt ["testType"]

-- FAILED: MobilniPlatby\Response | MobilniPlatby\Response\ConfirmResponseTest.phpt ["testConstructor"]
   Exited with HTTP code 204 (expected 200)

-- OK: MobilniPlatby\Response | MobilniPlatby\Response\ResponseTest.phpt ["testConstructor1"]

-- OK: MobilniPlatby\Response | MobilniPlatby\Response\ResponseTest.phpt ["testConstructor2"]

FAILURES! (10 tests, 1 failures)PHP 5.5.11 | "php-cgi"  | 40 threads

-- FAILED: MobilniPlatby\Response | MobilniPlatby\Response\ConfirmResponseTest.phpt
   Fatal error: Class FakeResponse contains 11 abstract methods and must therefore be declared abstract or implement the remaining methods (Nette\Http\IResponse::setCode, Nette\Http\IResponse::getCode, Nette\Http\IResponse::setHeader, ...) in D:\Localhost\MobilniPlatby\tests\MobilniPlatby\Response\ConfirmResponseTest.phpt on line 45

-- OK: MobilniPlatby\Request | MobilniPlatby\Request\ConfirmRequestTest.phpt ["testConstructor"]

-- OK: MobilniPlatby\Request | MobilniPlatby\Request\ConfirmRequestTest.phpt ["testBadConstructor"]

-- OK: MobilniPlatby\Request | MobilniPlatby\Request\ConfirmRequestTest.phpt ["testType"]

-- OK: MobilniPlatby\Request\RequestFactoryTest.phpt

-- OK: MobilniPlatby\Request | MobilniPlatby\Request\RequestTest.phpt ["testConstructor"]

-- OK: MobilniPlatby\Request | MobilniPlatby\Request\RequestTest.phpt ["testBadConstructor"]

-- OK: MobilniPlatby\Request | MobilniPlatby\Request\RequestTest.phpt ["testType"]

-- OK: MobilniPlatby\Response | MobilniPlatby\Response\ResponseTest.phpt ["testConstructor1"]

-- OK: MobilniPlatby\Response | MobilniPlatby\Response\ResponseTest.phpt ["testConstructor2"]

FAILURES! (10 tests, 1 failures)PHP 5.5.11 | "php-cgi"  | 40 threads

-- OK: MobilniPlatby\Request | MobilniPlatby\Request\ConfirmRequestTest.phpt ["testConstructor"]

-- OK: MobilniPlatby\Request | MobilniPlatby\Request\ConfirmRequestTest.phpt ["testBadConstructor"]

-- OK: MobilniPlatby\Request | MobilniPlatby\Request\ConfirmRequestTest.phpt ["testType"]

-- OK: MobilniPlatby\Request\RequestFactoryTest.phpt

-- OK: MobilniPlatby\Request | MobilniPlatby\Request\RequestTest.phpt ["testConstructor"]

-- OK: MobilniPlatby\Request | MobilniPlatby\Request\RequestTest.phpt ["testBadConstructor"]

-- OK: MobilniPlatby\Request | MobilniPlatby\Request\RequestTest.phpt ["testType"]

-- FAILED: MobilniPlatby\Response | MobilniPlatby\Response\ConfirmResponseTest.phpt ["testConstructor"]
   Exited with HTTP code 204 (expected 200)

-- OK: MobilniPlatby\Response | MobilniPlatby\Response\ResponseTest.phpt ["testConstructor1"]

-- OK: MobilniPlatby\Response | MobilniPlatby\Response\ResponseTest.phpt ["testConstructor2"]

FAILURES! (10 tests, 1 failures)PHP 5.5.11 | "php-cgi"  | 40 threads

-- OK: MobilniPlatby\Request | MobilniPlatby\Request\ConfirmRequestTest.phpt ["testConstructor"]

-- OK: MobilniPlatby\Request | MobilniPlatby\Request\ConfirmRequestTest.phpt ["testBadConstructor"]

-- OK: MobilniPlatby\Request | MobilniPlatby\Request\ConfirmRequestTest.phpt ["testType"]

-- OK: MobilniPlatby\Request\RequestFactoryTest.phpt

-- OK: MobilniPlatby\Request | MobilniPlatby\Request\RequestTest.phpt ["testConstructor"]

-- OK: MobilniPlatby\Request | MobilniPlatby\Request\RequestTest.phpt ["testBadConstructor"]

-- OK: MobilniPlatby\Request | MobilniPlatby\Request\RequestTest.phpt ["testType"]

-- FAILED: MobilniPlatby\Response | MobilniPlatby\Response\ConfirmResponseTest.phpt ["testConstructor"]
   Exited with HTTP code 204 (expected 200)

-- OK: MobilniPlatby\Response | MobilniPlatby\Response\ResponseTest.phpt ["testConstructor1"]

-- OK: MobilniPlatby\Response | MobilniPlatby\Response\ResponseTest.phpt ["testConstructor2"]

FAILURES! (10 tests, 1 failures)PHP 5.5.11 | "php-cgi"  | 40 threads

-- OK: MobilniPlatby\Request | MobilniPlatby\Request\ConfirmRequestTest.phpt ["testConstructor"]

-- OK: MobilniPlatby\Request | MobilniPlatby\Request\ConfirmRequestTest.phpt ["testBadConstructor"]

-- OK: MobilniPlatby\Request | MobilniPlatby\Request\ConfirmRequestTest.phpt ["testType"]

-- OK: MobilniPlatby\Request\RequestFactoryTest.phpt

-- OK: MobilniPlatby\Request | MobilniPlatby\Request\RequestTest.phpt ["testConstructor"]

-- OK: MobilniPlatby\Request | MobilniPlatby\Request\RequestTest.phpt ["testBadConstructor"]

-- OK: MobilniPlatby\Request | MobilniPlatby\Request\RequestTest.phpt ["testType"]

-- FAILED: MobilniPlatby\Response | MobilniPlatby\Response\ConfirmResponseTest.phpt ["testConstructor"]
   Exited with HTTP code 204 (expected 200)

-- OK: MobilniPlatby\Response | MobilniPlatby\Response\ResponseTest.phpt ["testConstructor1"]

-- OK: MobilniPlatby\Response | MobilniPlatby\Response\ResponseTest.phpt ["testConstructor2"]

FAILURES! (10 tests, 1 failures)PHP 5.5.11 | "php-cgi"  | 40 threads

-- OK: MobilniPlatby\Request | MobilniPlatby\Request\ConfirmRequestTest.phpt ["testConstructor"]

-- OK: MobilniPlatby\Request | MobilniPlatby\Request\ConfirmRequestTest.phpt ["testBadConstructor"]

-- OK: MobilniPlatby\Request | MobilniPlatby\Request\ConfirmRequestTest.phpt ["testType"]

-- OK: MobilniPlatby\Request\RequestFactoryTest.phpt

-- OK: MobilniPlatby\Request | MobilniPlatby\Request\RequestTest.phpt ["testConstructor"]

-- OK: MobilniPlatby\Request | MobilniPlatby\Request\RequestTest.phpt ["testBadConstructor"]

-- OK: MobilniPlatby\Request | MobilniPlatby\Request\RequestTest.phpt ["testType"]

-- FAILED: MobilniPlatby\Response | MobilniPlatby\Response\ConfirmResponseTest.phpt ["testConstructor"]
   Failed: 200 should be equal to 204 in testConstructor()
   
   in Tester\Framework\Assert.php(407) 
   in Tester\Framework\Assert.php(82) Tester\Assert::fail()
   in MobilniPlatby\Response\ConfirmResponseTest.phpt(36) Tester\Assert::equal()
   in [internal function]ConfirmResponseTest->testConstructor()
   in Tester\Framework\TestCase.php(120) call_user_func_array()
   in Tester\Framework\TestCase.php(103) Tester\TestCase->runTest()
   in Tester\Framework\TestCase.php(49) Tester\TestCase->runMethod()
   in MobilniPlatby\Response\ConfirmResponseTest.phpt(179) Tester\TestCase->run()

-- OK: MobilniPlatby\Response | MobilniPlatby\Response\ResponseTest.phpt ["testConstructor1"]

-- OK: MobilniPlatby\Response | MobilniPlatby\Response\ResponseTest.phpt ["testConstructor2"]

FAILURES! (10 tests, 1 failures)PHP 5.5.11 | "php-cgi"  | 40 threads

-- OK: MobilniPlatby\Request | MobilniPlatby\Request\ConfirmRequestTest.phpt ["testConstructor"]

-- OK: MobilniPlatby\Request | MobilniPlatby\Request\ConfirmRequestTest.phpt ["testBadConstructor"]

-- OK: MobilniPlatby\Request | MobilniPlatby\Request\ConfirmRequestTest.phpt ["testType"]

-- OK: MobilniPlatby\Request\RequestFactoryTest.phpt

-- OK: MobilniPlatby\Request | MobilniPlatby\Request\RequestTest.phpt ["testConstructor"]

-- OK: MobilniPlatby\Request | MobilniPlatby\Request\RequestTest.phpt ["testBadConstructor"]

-- OK: MobilniPlatby\Request | MobilniPlatby\Request\RequestTest.phpt ["testType"]

-- OK: MobilniPlatby\Response | MobilniPlatby\Response\ConfirmResponseTest.phpt ["testConstructor"]

-- OK: MobilniPlatby\Response | MobilniPlatby\Response\ResponseTest.phpt ["testConstructor1"]

-- OK: MobilniPlatby\Response | MobilniPlatby\Response\ResponseTest.phpt ["testConstructor2"]

OK (10 tests)PHP 5.5.11 | "php-cgi"  | 40 threads

-- OK: MobilniPlatby\Request | MobilniPlatby\Request\ConfirmRequestTest.phpt ["testConstructor"]

-- OK: MobilniPlatby\Request | MobilniPlatby\Request\ConfirmRequestTest.phpt ["testBadConstructor"]

-- OK: MobilniPlatby\Request | MobilniPlatby\Request\ConfirmRequestTest.phpt ["testType"]

-- OK: MobilniPlatby\Request\RequestFactoryTest.phpt

-- OK: MobilniPlatby\Request | MobilniPlatby\Request\RequestTest.phpt ["testConstructor"]

-- OK: MobilniPlatby\Request | MobilniPlatby\Request\RequestTest.phpt ["testBadConstructor"]

-- OK: MobilniPlatby\Request | MobilniPlatby\Request\RequestTest.phpt ["testType"]

-- FAILED: MobilniPlatby\Response | MobilniPlatby\Response\ConfirmResponseTest.phpt ["testConstructor"]
   Exited with HTTP code 204 (expected 200)

-- OK: MobilniPlatby\Response | MobilniPlatby\Response\ResponseTest.phpt ["testConstructor1"]

-- OK: MobilniPlatby\Response | MobilniPlatby\Response\ResponseTest.phpt ["testConstructor2"]

FAILURES! (10 tests, 1 failures)PHP 5.5.11 | "php-cgi"  | 40 threads

-- OK: MobilniPlatby\Request | MobilniPlatby\Request\ConfirmRequestTest.phpt ["testConstructor"]

-- OK: MobilniPlatby\Request | MobilniPlatby\Request\ConfirmRequestTest.phpt ["testBadConstructor"]

-- OK: MobilniPlatby\Request | MobilniPlatby\Request\ConfirmRequestTest.phpt ["testType"]

-- OK: MobilniPlatby\Request\RequestFactoryTest.phpt

-- OK: MobilniPlatby\Request | MobilniPlatby\Request\RequestTest.phpt ["testConstructor"]

-- OK: MobilniPlatby\Request | MobilniPlatby\Request\RequestTest.phpt ["testBadConstructor"]

-- OK: MobilniPlatby\Request | MobilniPlatby\Request\RequestTest.phpt ["testType"]

-- OK: MobilniPlatby\Response | MobilniPlatby\Response\ConfirmResponseTest.phpt ["testConstructor"]

-- OK: MobilniPlatby\Response | MobilniPlatby\Response\ResponseTest.phpt ["testConstructor1"]

-- OK: MobilniPlatby\Response | MobilniPlatby\Response\ResponseTest.phpt ["testConstructor2"]

OK (10 tests)PHP 5.5.11 | "php-cgi"  | 40 threads

-- OK: MobilniPlatby\Request | MobilniPlatby\Request\ConfirmRequestTest.phpt ["testConstructor"]

-- OK: MobilniPlatby\Request | MobilniPlatby\Request\ConfirmRequestTest.phpt ["testBadConstructor"]

-- OK: MobilniPlatby\Request | MobilniPlatby\Request\ConfirmRequestTest.phpt ["testType"]

-- OK: MobilniPlatby\Request\RequestFactoryTest.phpt

-- OK: MobilniPlatby\Request | MobilniPlatby\Request\RequestTest.phpt ["testConstructor"]

-- OK: MobilniPlatby\Request | MobilniPlatby\Request\RequestTest.phpt ["testBadConstructor"]

-- OK: MobilniPlatby\Request | MobilniPlatby\Request\RequestTest.phpt ["testType"]

-- OK: MobilniPlatby\Response | MobilniPlatby\Response\ConfirmResponseTest.phpt ["testConstructor"]

-- OK: MobilniPlatby\Response | MobilniPlatby\Response\ResponseTest.phpt ["testConstructor1"]

-- OK: MobilniPlatby\Response | MobilniPlatby\Response\ResponseTest.phpt ["testConstructor2"]

OK (10 tests)PHP 5.5.11 | "php-cgi"  | 40 threads

-- OK: MobilniPlatby\Request | MobilniPlatby\Request\ConfirmRequestTest.phpt ["testConstructor"]

-- OK: MobilniPlatby\Request | MobilniPlatby\Request\ConfirmRequestTest.phpt ["testBadConstructor"]

-- OK: MobilniPlatby\Request | MobilniPlatby\Request\ConfirmRequestTest.phpt ["testType"]

-- OK: MobilniPlatby\Request\RequestFactoryTest.phpt

-- OK: MobilniPlatby\Request | MobilniPlatby\Request\RequestTest.phpt ["testConstructor"]

-- OK: MobilniPlatby\Request | MobilniPlatby\Request\RequestTest.phpt ["testBadConstructor"]

-- OK: MobilniPlatby\Request | MobilniPlatby\Request\RequestTest.phpt ["testType"]

-- OK: MobilniPlatby\Response | MobilniPlatby\Response\ConfirmResponseTest.phpt ["testSendCode"]

-- OK: MobilniPlatby\Response | MobilniPlatby\Response\ResponseTest.phpt ["testConstructor1"]

-- OK: MobilniPlatby\Response | MobilniPlatby\Response\ResponseTest.phpt ["testConstructor2"]

OK (10 tests)PHP 5.5.11 | "php-cgi"  | 40 threads

-- FAILED: MobilniPlatby\Request | MobilniPlatby\Request\RequestFactoryTest.phpt
   Fatal error: Class 'ConfirmRequestTest' not found in D:\Localhost\MobilniPlatby\tests\MobilniPlatby\Request\RequestFactoryTest.phpt on line 48

-- OK: MobilniPlatby\Request | MobilniPlatby\Request\ConfirmRequestTest.phpt ["testConstructor"]

-- OK: MobilniPlatby\Request | MobilniPlatby\Request\ConfirmRequestTest.phpt ["testBadConstructor"]

-- OK: MobilniPlatby\Request | MobilniPlatby\Request\ConfirmRequestTest.phpt ["testType"]

-- OK: MobilniPlatby\Request | MobilniPlatby\Request\RequestTest.phpt ["testConstructor"]

-- OK: MobilniPlatby\Request | MobilniPlatby\Request\RequestTest.phpt ["testBadConstructor"]

-- OK: MobilniPlatby\Request | MobilniPlatby\Request\RequestTest.phpt ["testType"]

-- OK: MobilniPlatby\Response | MobilniPlatby\Response\ConfirmResponseTest.phpt ["testSendCode"]

-- OK: MobilniPlatby\Response | MobilniPlatby\Response\ResponseTest.phpt ["testConstructor1"]

-- OK: MobilniPlatby\Response | MobilniPlatby\Response\ResponseTest.phpt ["testConstructor2"]

FAILURES! (10 tests, 1 failures)PHP 5.5.11 | "php-cgi"  | 40 threads

-- FAILED: MobilniPlatby\Request | MobilniPlatby\Request\RequestFactoryTest.phpt
   Fatal error: Class 'ConfirmRequestTest' not found in D:\Localhost\MobilniPlatby\tests\MobilniPlatby\Request\RequestFactoryTest.phpt on line 45

-- OK: MobilniPlatby\Request | MobilniPlatby\Request\ConfirmRequestTest.phpt ["testConstructor"]

-- OK: MobilniPlatby\Request | MobilniPlatby\Request\ConfirmRequestTest.phpt ["testBadConstructor"]

-- OK: MobilniPlatby\Request | MobilniPlatby\Request\ConfirmRequestTest.phpt ["testType"]

-- OK: MobilniPlatby\Request | MobilniPlatby\Request\RequestTest.phpt ["testConstructor"]

-- OK: MobilniPlatby\Request | MobilniPlatby\Request\RequestTest.phpt ["testBadConstructor"]

-- OK: MobilniPlatby\Request | MobilniPlatby\Request\RequestTest.phpt ["testType"]

-- OK: MobilniPlatby\Response | MobilniPlatby\Response\ConfirmResponseTest.phpt ["testSendCode"]

-- OK: MobilniPlatby\Response | MobilniPlatby\Response\ResponseTest.phpt ["testConstructor1"]

-- OK: MobilniPlatby\Response | MobilniPlatby\Response\ResponseTest.phpt ["testConstructor2"]

FAILURES! (10 tests, 1 failures)PHP 5.5.11 | "php-cgi"  | 40 threads

-- FAILED: MobilniPlatby\Request | MobilniPlatby\Request\RequestFactoryTest.phpt
   Fatal error: Class 'ConfirmRequestTest' not found in D:\Localhost\MobilniPlatby\tests\MobilniPlatby\Request\RequestFactoryTest.phpt on line 45

-- OK: MobilniPlatby\Request | MobilniPlatby\Request\ConfirmRequestTest.phpt ["testConstructor"]

-- OK: MobilniPlatby\Request | MobilniPlatby\Request\ConfirmRequestTest.phpt ["testBadConstructor"]

-- OK: MobilniPlatby\Request | MobilniPlatby\Request\ConfirmRequestTest.phpt ["testType"]

-- OK: MobilniPlatby\Request | MobilniPlatby\Request\RequestTest.phpt ["testConstructor"]

-- OK: MobilniPlatby\Request | MobilniPlatby\Request\RequestTest.phpt ["testBadConstructor"]

-- OK: MobilniPlatby\Request | MobilniPlatby\Request\RequestTest.phpt ["testType"]

-- OK: MobilniPlatby\Response | MobilniPlatby\Response\ConfirmResponseTest.phpt ["testSendCode"]

-- OK: MobilniPlatby\Response | MobilniPlatby\Response\ResponseTest.phpt ["testConstructor1"]

-- OK: MobilniPlatby\Response | MobilniPlatby\Response\ResponseTest.phpt ["testConstructor2"]

FAILURES! (10 tests, 1 failures)PHP 5.5.11 | "php-cgi"  | 40 threads

-- OK: MobilniPlatby\Request | MobilniPlatby\Request\ConfirmRequestTest.phpt ["testConstructor"]

-- OK: MobilniPlatby\Request | MobilniPlatby\Request\ConfirmRequestTest.phpt ["testBadConstructor"]

-- OK: MobilniPlatby\Request | MobilniPlatby\Request\ConfirmRequestTest.phpt ["testType"]

-- FAILED: MobilniPlatby\Request | MobilniPlatby\Request\RequestFactoryTest.phpt ["testCreate"]
   Error: This test forgets to execute an assertion.

-- OK: MobilniPlatby\Request | MobilniPlatby\Request\RequestTest.phpt ["testConstructor"]

-- OK: MobilniPlatby\Request | MobilniPlatby\Request\RequestTest.phpt ["testBadConstructor"]

-- OK: MobilniPlatby\Request | MobilniPlatby\Request\RequestTest.phpt ["testType"]

-- OK: MobilniPlatby\Response | MobilniPlatby\Response\ConfirmResponseTest.phpt ["testSendCode"]

-- OK: MobilniPlatby\Response | MobilniPlatby\Response\ResponseTest.phpt ["testConstructor1"]

-- OK: MobilniPlatby\Response | MobilniPlatby\Response\ResponseTest.phpt ["testConstructor2"]

FAILURES! (10 tests, 1 failures)PHP 5.5.11 | "php-cgi"  | 40 threads

-- OK: MobilniPlatby\Request | MobilniPlatby\Request\ConfirmRequestTest.phpt ["testConstructor"]

-- OK: MobilniPlatby\Request | MobilniPlatby\Request\ConfirmRequestTest.phpt ["testBadConstructor"]

-- OK: MobilniPlatby\Request | MobilniPlatby\Request\ConfirmRequestTest.phpt ["testType"]

-- FAILED: MobilniPlatby\Request | MobilniPlatby\Request\RequestFactoryTest.phpt ["testCreate"]
   Exited with error code 255 (expected 0)
   E_RECOVERABLE_ERROR: Argument 1 passed to MobilniPlatby\Request\RequestFactory::__construct() must be an instance of Nette\Http\Request, none given, called in D:\Localhost\MobilniPlatby\tests\MobilniPlatby\Request\RequestFactoryTest.phpt on line 28 and defined
   
   in MobilniPlatby\Request\RequestFactory.php(23) 
   in MobilniPlatby\Request\RequestFactoryTest.phpt(28) MobilniPlatby\Request\RequestFactory->__construct()
   in [internal function]RequestFactoryTest->testCreate()
   in Tester\Framework\TestCase.php(120) call_user_func_array()
   in Tester\Framework\TestCase.php(103) Tester\TestCase->runTest()
   in Tester\Framework\TestCase.php(49) Tester\TestCase->runMethod()
   in MobilniPlatby\Request\RequestFactoryTest.phpt(34) Tester\TestCase->run()

-- OK: MobilniPlatby\Request | MobilniPlatby\Request\RequestTest.phpt ["testConstructor"]

-- OK: MobilniPlatby\Request | MobilniPlatby\Request\RequestTest.phpt ["testBadConstructor"]

-- OK: MobilniPlatby\Request | MobilniPlatby\Request\RequestTest.phpt ["testType"]

-- OK: MobilniPlatby\Response | MobilniPlatby\Response\ConfirmResponseTest.phpt ["testSendCode"]

-- OK: MobilniPlatby\Response | MobilniPlatby\Response\ResponseTest.phpt ["testConstructor1"]

-- OK: MobilniPlatby\Response | MobilniPlatby\Response\ResponseTest.phpt ["testConstructor2"]

FAILURES! (10 tests, 1 failures)PHP 5.5.11 | "php-cgi"  | 40 threads

-- OK: MobilniPlatby\Request | MobilniPlatby\Request\ConfirmRequestTest.phpt ["testConstructor"]

-- OK: MobilniPlatby\Request | MobilniPlatby\Request\ConfirmRequestTest.phpt ["testBadConstructor"]

-- OK: MobilniPlatby\Request | MobilniPlatby\Request\ConfirmRequestTest.phpt ["testType"]

-- FAILED: MobilniPlatby\Request | MobilniPlatby\Request\RequestFactoryTest.phpt ["testCreate"]
   Exited with error code 255 (expected 0)
   E_RECOVERABLE_ERROR: Argument 1 passed to MobilniPlatby\Request\RequestFactory::__construct() must be an instance of Nette\Http\Request, none given, called in D:\Localhost\MobilniPlatby\tests\MobilniPlatby\Request\RequestFactoryTest.phpt on line 28 and defined
   
   in MobilniPlatby\Request\RequestFactory.php(23) 
   in MobilniPlatby\Request\RequestFactoryTest.phpt(28) MobilniPlatby\Request\RequestFactory->__construct()
   in [internal function]RequestFactoryTest->testCreate()
   in Tester\Framework\TestCase.php(120) call_user_func_array()
   in Tester\Framework\TestCase.php(103) Tester\TestCase->runTest()
   in Tester\Framework\TestCase.php(49) Tester\TestCase->runMethod()
   in MobilniPlatby\Request\RequestFactoryTest.phpt(34) Tester\TestCase->run()

-- OK: MobilniPlatby\Request | MobilniPlatby\Request\RequestTest.phpt ["testConstructor"]

-- OK: MobilniPlatby\Request | MobilniPlatby\Request\RequestTest.phpt ["testBadConstructor"]

-- OK: MobilniPlatby\Request | MobilniPlatby\Request\RequestTest.phpt ["testType"]

-- OK: MobilniPlatby\Response | MobilniPlatby\Response\ConfirmResponseTest.phpt ["testSendCode"]

-- OK: MobilniPlatby\Response | MobilniPlatby\Response\ResponseTest.phpt ["testConstructor1"]

-- OK: MobilniPlatby\Response | MobilniPlatby\Response\ResponseTest.phpt ["testConstructor2"]

FAILURES! (10 tests, 1 failures)PHP 5.5.11 | "php-cgi"  | 40 threads

-- FAILED: MobilniPlatby\Request | MobilniPlatby\Request\RequestFactoryTest.phpt
   <br />
   <b>Fatal error</b>:  Cannot use Nette\Http\RequestFactory as RequestFactory because the name is already in use in <b>D:\Localhost\MobilniPlatby\tests\MobilniPlatby\Request\RequestFactoryTest.phpt</b> on line <b>14</b><br />

-- OK: MobilniPlatby\Request | MobilniPlatby\Request\ConfirmRequestTest.phpt ["testConstructor"]

-- OK: MobilniPlatby\Request | MobilniPlatby\Request\ConfirmRequestTest.phpt ["testBadConstructor"]

-- OK: MobilniPlatby\Request | MobilniPlatby\Request\ConfirmRequestTest.phpt ["testType"]

-- OK: MobilniPlatby\Request | MobilniPlatby\Request\RequestTest.phpt ["testConstructor"]

-- OK: MobilniPlatby\Request | MobilniPlatby\Request\RequestTest.phpt ["testBadConstructor"]

-- OK: MobilniPlatby\Request | MobilniPlatby\Request\RequestTest.phpt ["testType"]

-- OK: MobilniPlatby\Response | MobilniPlatby\Response\ConfirmResponseTest.phpt ["testSendCode"]

-- OK: MobilniPlatby\Response | MobilniPlatby\Response\ResponseTest.phpt ["testConstructor1"]

-- OK: MobilniPlatby\Response | MobilniPlatby\Response\ResponseTest.phpt ["testConstructor2"]

FAILURES! (10 tests, 1 failures)PHP 5.5.11 | "php-cgi"  | 40 threads

-- FAILED: MobilniPlatby\Request | MobilniPlatby\Request\RequestFactoryTest.phpt
   <br />
   <b>Fatal error</b>:  Cannot use MobilniPlatby\Request\RequestFactory as RequestFactory because the name is already in use in <b>D:\Localhost\MobilniPlatby\tests\MobilniPlatby\Request\RequestFactoryTest.phpt</b> on line <b>14</b><br />

-- OK: MobilniPlatby\Request | MobilniPlatby\Request\ConfirmRequestTest.phpt ["testConstructor"]

-- OK: MobilniPlatby\Request | MobilniPlatby\Request\ConfirmRequestTest.phpt ["testBadConstructor"]

-- OK: MobilniPlatby\Request | MobilniPlatby\Request\ConfirmRequestTest.phpt ["testType"]

-- OK: MobilniPlatby\Request | MobilniPlatby\Request\RequestTest.phpt ["testConstructor"]

-- OK: MobilniPlatby\Request | MobilniPlatby\Request\RequestTest.phpt ["testBadConstructor"]

-- OK: MobilniPlatby\Request | MobilniPlatby\Request\RequestTest.phpt ["testType"]

-- OK: MobilniPlatby\Response | MobilniPlatby\Response\ConfirmResponseTest.phpt ["testSendCode"]

-- OK: MobilniPlatby\Response | MobilniPlatby\Response\ResponseTest.phpt ["testConstructor1"]

-- OK: MobilniPlatby\Response | MobilniPlatby\Response\ResponseTest.phpt ["testConstructor2"]

FAILURES! (10 tests, 1 failures)PHP 5.5.11 | "php-cgi"  | 40 threads

-- OK: MobilniPlatby\Request | MobilniPlatby\Request\ConfirmRequestTest.phpt ["testConstructor"]

-- OK: MobilniPlatby\Request | MobilniPlatby\Request\ConfirmRequestTest.phpt ["testBadConstructor"]

-- OK: MobilniPlatby\Request | MobilniPlatby\Request\ConfirmRequestTest.phpt ["testType"]

-- FAILED: MobilniPlatby\Request | MobilniPlatby\Request\RequestFactoryTest.phpt ["testCreate"]
   Exited with error code 255 (expected 0)
   E_RECOVERABLE_ERROR: Argument 1 passed to MobilniPlatby\Request\RequestFactory::__construct() must be an instance of Nette\Http\Request, none given, called in D:\Localhost\MobilniPlatby\tests\MobilniPlatby\Request\RequestFactoryTest.phpt on line 29 and defined
   
   in MobilniPlatby\Request\RequestFactory.php(23) 
   in MobilniPlatby\Request\RequestFactoryTest.phpt(29) MobilniPlatby\Request\RequestFactory->__construct()
   in [internal function]RequestFactoryTest->testCreate()
   in Tester\Framework\TestCase.php(120) call_user_func_array()
   in Tester\Framework\TestCase.php(103) Tester\TestCase->runTest()
   in Tester\Framework\TestCase.php(49) Tester\TestCase->runMethod()
   in MobilniPlatby\Request\RequestFactoryTest.phpt(35) Tester\TestCase->run()

-- OK: MobilniPlatby\Request | MobilniPlatby\Request\RequestTest.phpt ["testConstructor"]

-- OK: MobilniPlatby\Request | MobilniPlatby\Request\RequestTest.phpt ["testBadConstructor"]

-- OK: MobilniPlatby\Request | MobilniPlatby\Request\RequestTest.phpt ["testType"]

-- OK: MobilniPlatby\Response | MobilniPlatby\Response\ConfirmResponseTest.phpt ["testSendCode"]

-- OK: MobilniPlatby\Response | MobilniPlatby\Response\ResponseTest.phpt ["testConstructor1"]

-- OK: MobilniPlatby\Response | MobilniPlatby\Response\ResponseTest.phpt ["testConstructor2"]

FAILURES! (10 tests, 1 failures)PHP 5.5.11 | "php-cgi"  | 40 threads

-- OK: MobilniPlatby\Request | MobilniPlatby\Request\ConfirmRequestTest.phpt ["testConstructor"]

-- OK: MobilniPlatby\Request | MobilniPlatby\Request\ConfirmRequestTest.phpt ["testBadConstructor"]

-- OK: MobilniPlatby\Request | MobilniPlatby\Request\ConfirmRequestTest.phpt ["testType"]

-- FAILED: MobilniPlatby\Request | MobilniPlatby\Request\RequestFactoryTest.phpt ["testCreate"]
   Error: This test forgets to execute an assertion.

-- OK: MobilniPlatby\Request | MobilniPlatby\Request\RequestTest.phpt ["testConstructor"]

-- OK: MobilniPlatby\Request | MobilniPlatby\Request\RequestTest.phpt ["testBadConstructor"]

-- OK: MobilniPlatby\Request | MobilniPlatby\Request\RequestTest.phpt ["testType"]

-- OK: MobilniPlatby\Response | MobilniPlatby\Response\ConfirmResponseTest.phpt ["testSendCode"]

-- OK: MobilniPlatby\Response | MobilniPlatby\Response\ResponseTest.phpt ["testConstructor1"]

-- OK: MobilniPlatby\Response | MobilniPlatby\Response\ResponseTest.phpt ["testConstructor2"]

FAILURES! (10 tests, 1 failures)PHP 5.5.11 | "php-cgi"  | 40 threads

-- FAILED: MobilniPlatby\Request | MobilniPlatby\Request\RequestFactoryTest.phpt
   <br />
   <b>Parse error</b>:  syntax error, unexpected '}' in <b>D:\Localhost\MobilniPlatby\tests\MobilniPlatby\Request\RequestFactoryTest.phpt</b> on line <b>31</b><br />

-- OK: MobilniPlatby\Request | MobilniPlatby\Request\ConfirmRequestTest.phpt ["testConstructor"]

-- OK: MobilniPlatby\Request | MobilniPlatby\Request\ConfirmRequestTest.phpt ["testBadConstructor"]

-- OK: MobilniPlatby\Request | MobilniPlatby\Request\ConfirmRequestTest.phpt ["testType"]

-- OK: MobilniPlatby\Request | MobilniPlatby\Request\RequestTest.phpt ["testConstructor"]

-- OK: MobilniPlatby\Request | MobilniPlatby\Request\RequestTest.phpt ["testBadConstructor"]

-- OK: MobilniPlatby\Request | MobilniPlatby\Request\RequestTest.phpt ["testType"]

-- OK: MobilniPlatby\Response | MobilniPlatby\Response\ConfirmResponseTest.phpt ["testSendCode"]

-- OK: MobilniPlatby\Response | MobilniPlatby\Response\ResponseTest.phpt ["testConstructor1"]

-- OK: MobilniPlatby\Response | MobilniPlatby\Response\ResponseTest.phpt ["testConstructor2"]

FAILURES! (10 tests, 1 failures)PHP 5.5.11 | "php-cgi"  | 40 threads

-- FAILED: MobilniPlatby\Request | MobilniPlatby\Request\RequestFactoryTest.phpt
   <br />
   <b>Parse error</b>:  syntax error, unexpected '}' in <b>D:\Localhost\MobilniPlatby\tests\MobilniPlatby\Request\RequestFactoryTest.phpt</b> on line <b>32</b><br />

-- OK: MobilniPlatby\Request | MobilniPlatby\Request\ConfirmRequestTest.phpt ["testConstructor"]

-- OK: MobilniPlatby\Request | MobilniPlatby\Request\ConfirmRequestTest.phpt ["testBadConstructor"]

-- OK: MobilniPlatby\Request | MobilniPlatby\Request\ConfirmRequestTest.phpt ["testType"]

-- OK: MobilniPlatby\Request | MobilniPlatby\Request\RequestTest.phpt ["testConstructor"]

-- OK: MobilniPlatby\Request | MobilniPlatby\Request\RequestTest.phpt ["testBadConstructor"]

-- OK: MobilniPlatby\Request | MobilniPlatby\Request\RequestTest.phpt ["testType"]

-- OK: MobilniPlatby\Response | MobilniPlatby\Response\ConfirmResponseTest.phpt ["testSendCode"]

-- OK: MobilniPlatby\Response | MobilniPlatby\Response\ResponseTest.phpt ["testConstructor1"]

-- OK: MobilniPlatby\Response | MobilniPlatby\Response\ResponseTest.phpt ["testConstructor2"]

FAILURES! (10 tests, 1 failures)PHP 5.5.11 | "php-cgi"  | 40 threads

-- OK: MobilniPlatby\Request | MobilniPlatby\Request\ConfirmRequestTest.phpt ["testConstructor"]

-- OK: MobilniPlatby\Request | MobilniPlatby\Request\ConfirmRequestTest.phpt ["testBadConstructor"]

-- OK: MobilniPlatby\Request | MobilniPlatby\Request\ConfirmRequestTest.phpt ["testType"]

-- FAILED: MobilniPlatby\Request | MobilniPlatby\Request\RequestFactoryTest.phpt ["testFailedCreate"]
   Failed: RequestException was expected but got MobilniPlatby\RequestException (Key 'id' missing in request parameters.) in testFailedCreate()
   
   in Tester\Framework\Assert.php(407) 
   in Tester\Framework\Assert.php(273) Tester\Assert::fail()
   in Tester\Framework\Assert.php(305) Tester\Assert::exception()
   in Tester\Framework\TestCase.php(98) Tester\Assert::error()
   in Tester\Framework\TestCase.php(49) Tester\TestCase->runMethod()
   in MobilniPlatby\Request\RequestFactoryTest.phpt(37) Tester\TestCase->run()

-- OK: MobilniPlatby\Request | MobilniPlatby\Request\RequestTest.phpt ["testConstructor"]

-- OK: MobilniPlatby\Request | MobilniPlatby\Request\RequestTest.phpt ["testBadConstructor"]

-- OK: MobilniPlatby\Request | MobilniPlatby\Request\RequestTest.phpt ["testType"]

-- OK: MobilniPlatby\Response | MobilniPlatby\Response\ConfirmResponseTest.phpt ["testSendCode"]

-- OK: MobilniPlatby\Response | MobilniPlatby\Response\ResponseTest.phpt ["testConstructor1"]

-- OK: MobilniPlatby\Response | MobilniPlatby\Response\ResponseTest.phpt ["testConstructor2"]

FAILURES! (10 tests, 1 failures)PHP 5.5.11 | "php-cgi"  | 40 threads

-- OK: MobilniPlatby\Request | MobilniPlatby\Request\ConfirmRequestTest.phpt ["testConstructor"]

-- OK: MobilniPlatby\Request | MobilniPlatby\Request\ConfirmRequestTest.phpt ["testBadConstructor"]

-- OK: MobilniPlatby\Request | MobilniPlatby\Request\ConfirmRequestTest.phpt ["testType"]

-- FAILED: MobilniPlatby\Request | MobilniPlatby\Request\RequestFactoryTest.phpt ["testFailedCreate"]
   Failed: RequestException was expected but got MobilniPlatby\RequestException (Key 'id' missing in request parameters.) in testFailedCreate()
   
   in Tester\Framework\Assert.php(407) 
   in Tester\Framework\Assert.php(273) Tester\Assert::fail()
   in Tester\Framework\Assert.php(305) Tester\Assert::exception()
   in Tester\Framework\TestCase.php(98) Tester\Assert::error()
   in Tester\Framework\TestCase.php(49) Tester\TestCase->runMethod()
   in MobilniPlatby\Request\RequestFactoryTest.phpt(38) Tester\TestCase->run()

-- OK: MobilniPlatby\Request | MobilniPlatby\Request\RequestTest.phpt ["testConstructor"]

-- OK: MobilniPlatby\Request | MobilniPlatby\Request\RequestTest.phpt ["testBadConstructor"]

-- OK: MobilniPlatby\Request | MobilniPlatby\Request\RequestTest.phpt ["testType"]

-- OK: MobilniPlatby\Response | MobilniPlatby\Response\ConfirmResponseTest.phpt ["testSendCode"]

-- OK: MobilniPlatby\Response | MobilniPlatby\Response\ResponseTest.phpt ["testConstructor1"]

-- OK: MobilniPlatby\Response | MobilniPlatby\Response\ResponseTest.phpt ["testConstructor2"]

FAILURES! (10 tests, 1 failures)PHP 5.5.11 | "php-cgi"  | 40 threads

-- FAILED: MobilniPlatby\Request | MobilniPlatby\Request\RequestFactoryTest.phpt
   <br />
   <b>Parse error</b>:  syntax error, unexpected '}' in <b>D:\Localhost\MobilniPlatby\tests\MobilniPlatby\Request\RequestFactoryTest.phpt</b> on line <b>35</b><br />

-- OK: MobilniPlatby\Request | MobilniPlatby\Request\ConfirmRequestTest.phpt ["testConstructor"]

-- OK: MobilniPlatby\Request | MobilniPlatby\Request\ConfirmRequestTest.phpt ["testBadConstructor"]

-- OK: MobilniPlatby\Request | MobilniPlatby\Request\ConfirmRequestTest.phpt ["testType"]

-- OK: MobilniPlatby\Request | MobilniPlatby\Request\RequestTest.phpt ["testConstructor"]

-- OK: MobilniPlatby\Request | MobilniPlatby\Request\RequestTest.phpt ["testBadConstructor"]

-- OK: MobilniPlatby\Request | MobilniPlatby\Request\RequestTest.phpt ["testType"]

-- OK: MobilniPlatby\Response | MobilniPlatby\Response\ConfirmResponseTest.phpt ["testSendCode"]

-- OK: MobilniPlatby\Response | MobilniPlatby\Response\ResponseTest.phpt ["testConstructor1"]

-- OK: MobilniPlatby\Response | MobilniPlatby\Response\ResponseTest.phpt ["testConstructor2"]

FAILURES! (10 tests, 1 failures)PHP 5.5.11 | "php-cgi"  | 40 threads

-- FAILED: MobilniPlatby\Request | MobilniPlatby\Request\RequestFactoryTest.phpt
   <br />
   <b>Parse error</b>:  syntax error, unexpected '}' in <b>D:\Localhost\MobilniPlatby\tests\MobilniPlatby\Request\RequestFactoryTest.phpt</b> on line <b>35</b><br />

-- OK: MobilniPlatby\Request | MobilniPlatby\Request\ConfirmRequestTest.phpt ["testConstructor"]

-- OK: MobilniPlatby\Request | MobilniPlatby\Request\ConfirmRequestTest.phpt ["testBadConstructor"]

-- OK: MobilniPlatby\Request | MobilniPlatby\Request\ConfirmRequestTest.phpt ["testType"]

-- OK: MobilniPlatby\Request | MobilniPlatby\Request\RequestTest.phpt ["testConstructor"]

-- OK: MobilniPlatby\Request | MobilniPlatby\Request\RequestTest.phpt ["testBadConstructor"]

-- OK: MobilniPlatby\Request | MobilniPlatby\Request\RequestTest.phpt ["testType"]

-- OK: MobilniPlatby\Response | MobilniPlatby\Response\ConfirmResponseTest.phpt ["testSendCode"]

-- OK: MobilniPlatby\Response | MobilniPlatby\Response\ResponseTest.phpt ["testConstructor1"]

-- OK: MobilniPlatby\Response | MobilniPlatby\Response\ResponseTest.phpt ["testConstructor2"]

FAILURES! (10 tests, 1 failures)PHP 5.5.11 | "php-cgi"  | 40 threads

-- OK: MobilniPlatby\Request | MobilniPlatby\Request\ConfirmRequestTest.phpt ["testConstructor"]

-- OK: MobilniPlatby\Request | MobilniPlatby\Request\ConfirmRequestTest.phpt ["testBadConstructor"]

-- OK: MobilniPlatby\Request | MobilniPlatby\Request\ConfirmRequestTest.phpt ["testType"]

-- FAILED: MobilniPlatby\Request | MobilniPlatby\Request\RequestFactoryTest.phpt ["testFailedCreate"]
   Failed: RequestException was expected but got Tester\AssertException (RequestException was expected but got MobilniPlatby\RequestException (Key 'id' missing in request parameters.)) in testFailedCreate()
   
   in Tester\Framework\Assert.php(407) 
   in Tester\Framework\Assert.php(273) Tester\Assert::fail()
   in Tester\Framework\Assert.php(305) Tester\Assert::exception()
   in Tester\Framework\TestCase.php(98) Tester\Assert::error()
   in Tester\Framework\TestCase.php(49) Tester\TestCase->runMethod()
   in MobilniPlatby\Request\RequestFactoryTest.phpt(40) Tester\TestCase->run()

-- OK: MobilniPlatby\Request | MobilniPlatby\Request\RequestTest.phpt ["testConstructor"]

-- OK: MobilniPlatby\Request | MobilniPlatby\Request\RequestTest.phpt ["testBadConstructor"]

-- OK: MobilniPlatby\Request | MobilniPlatby\Request\RequestTest.phpt ["testType"]

-- OK: MobilniPlatby\Response | MobilniPlatby\Response\ConfirmResponseTest.phpt ["testSendCode"]

-- OK: MobilniPlatby\Response | MobilniPlatby\Response\ResponseTest.phpt ["testConstructor1"]

-- OK: MobilniPlatby\Response | MobilniPlatby\Response\ResponseTest.phpt ["testConstructor2"]

FAILURES! (10 tests, 1 failures)PHP 5.5.11 | "php-cgi"  | 40 threads

-- OK: MobilniPlatby\Request | MobilniPlatby\Request\ConfirmRequestTest.phpt ["testConstructor"]

-- OK: MobilniPlatby\Request | MobilniPlatby\Request\ConfirmRequestTest.phpt ["testBadConstructor"]

-- OK: MobilniPlatby\Request | MobilniPlatby\Request\ConfirmRequestTest.phpt ["testType"]

-- FAILED: MobilniPlatby\Request | MobilniPlatby\Request\RequestFactoryTest.phpt ["testFailedCreate"]
   Failed: RequestException was expected but got MobilniPlatby\RequestException (Key 'id' missing in request parameters.) in testFailedCreate()
   
   in Tester\Framework\Assert.php(407) 
   in Tester\Framework\Assert.php(273) Tester\Assert::fail()
   in Tester\Framework\Assert.php(291) Tester\Assert::exception()
   in MobilniPlatby\Request\RequestFactoryTest.phpt(33) Tester\Assert::throws()
   in [internal function]RequestFactoryTest->testFailedCreate()
   in Tester\Framework\TestCase.php(120) call_user_func_array()
   in Tester\Framework\TestCase.php(103) Tester\TestCase->runTest()
   in Tester\Framework\TestCase.php(49) Tester\TestCase->runMethod()
   in MobilniPlatby\Request\RequestFactoryTest.phpt(39) Tester\TestCase->run()

-- OK: MobilniPlatby\Request | MobilniPlatby\Request\RequestTest.phpt ["testConstructor"]

-- OK: MobilniPlatby\Request | MobilniPlatby\Request\RequestTest.phpt ["testBadConstructor"]

-- OK: MobilniPlatby\Request | MobilniPlatby\Request\RequestTest.phpt ["testType"]

-- OK: MobilniPlatby\Response | MobilniPlatby\Response\ConfirmResponseTest.phpt ["testSendCode"]

-- OK: MobilniPlatby\Response | MobilniPlatby\Response\ResponseTest.phpt ["testConstructor1"]

-- OK: MobilniPlatby\Response | MobilniPlatby\Response\ResponseTest.phpt ["testConstructor2"]

FAILURES! (10 tests, 1 failures)PHP 5.5.11 | "php-cgi"  | 40 threads

-- FAILED: MobilniPlatby\Request | MobilniPlatby\Request\RequestFactoryTest.phpt
   <br />
   <b>Parse error</b>:  syntax error, unexpected 'id' (T_STRING) in <b>D:\Localhost\MobilniPlatby\tests\MobilniPlatby\Request\RequestFactoryTest.phpt</b> on line <b>33</b><br />

-- OK: MobilniPlatby\Request | MobilniPlatby\Request\ConfirmRequestTest.phpt ["testConstructor"]

-- OK: MobilniPlatby\Request | MobilniPlatby\Request\ConfirmRequestTest.phpt ["testBadConstructor"]

-- OK: MobilniPlatby\Request | MobilniPlatby\Request\ConfirmRequestTest.phpt ["testType"]

-- OK: MobilniPlatby\Request | MobilniPlatby\Request\RequestTest.phpt ["testConstructor"]

-- OK: MobilniPlatby\Request | MobilniPlatby\Request\RequestTest.phpt ["testBadConstructor"]

-- OK: MobilniPlatby\Request | MobilniPlatby\Request\RequestTest.phpt ["testType"]

-- OK: MobilniPlatby\Response | MobilniPlatby\Response\ConfirmResponseTest.phpt ["testSendCode"]

-- OK: MobilniPlatby\Response | MobilniPlatby\Response\ResponseTest.phpt ["testConstructor1"]

-- OK: MobilniPlatby\Response | MobilniPlatby\Response\ResponseTest.phpt ["testConstructor2"]

FAILURES! (10 tests, 1 failures)PHP 5.5.11 | "php-cgi"  | 40 threads

-- OK: MobilniPlatby\Request | MobilniPlatby\Request\ConfirmRequestTest.phpt ["testConstructor"]

-- OK: MobilniPlatby\Request | MobilniPlatby\Request\ConfirmRequestTest.phpt ["testBadConstructor"]

-- OK: MobilniPlatby\Request | MobilniPlatby\Request\ConfirmRequestTest.phpt ["testType"]

-- FAILED: MobilniPlatby\Request | MobilniPlatby\Request\RequestFactoryTest.phpt ["testFailedCreate"]
   Failed: RequestException was expected but got MobilniPlatby\RequestException (Key 'id' missing in request parameters.) in testFailedCreate()
   
   in Tester\Framework\Assert.php(407) 
   in Tester\Framework\Assert.php(273) Tester\Assert::fail()
   in Tester\Framework\Assert.php(291) Tester\Assert::exception()
   in MobilniPlatby\Request\RequestFactoryTest.phpt(33) Tester\Assert::throws()
   in [internal function]RequestFactoryTest->testFailedCreate()
   in Tester\Framework\TestCase.php(120) call_user_func_array()
   in Tester\Framework\TestCase.php(103) Tester\TestCase->runTest()
   in Tester\Framework\TestCase.php(49) Tester\TestCase->runMethod()
   in MobilniPlatby\Request\RequestFactoryTest.phpt(39) Tester\TestCase->run()

-- OK: MobilniPlatby\Request | MobilniPlatby\Request\RequestTest.phpt ["testConstructor"]

-- OK: MobilniPlatby\Request | MobilniPlatby\Request\RequestTest.phpt ["testBadConstructor"]

-- OK: MobilniPlatby\Request | MobilniPlatby\Request\RequestTest.phpt ["testType"]

-- OK: MobilniPlatby\Response | MobilniPlatby\Response\ConfirmResponseTest.phpt ["testSendCode"]

-- OK: MobilniPlatby\Response | MobilniPlatby\Response\ResponseTest.phpt ["testConstructor1"]

-- OK: MobilniPlatby\Response | MobilniPlatby\Response\ResponseTest.phpt ["testConstructor2"]

FAILURES! (10 tests, 1 failures)PHP 5.5.11 | "php-cgi"  | 40 threads

-- OK: MobilniPlatby\Request | MobilniPlatby\Request\ConfirmRequestTest.phpt ["testConstructor"]

-- OK: MobilniPlatby\Request | MobilniPlatby\Request\ConfirmRequestTest.phpt ["testBadConstructor"]

-- OK: MobilniPlatby\Request | MobilniPlatby\Request\ConfirmRequestTest.phpt ["testType"]

-- OK: MobilniPlatby\Request | MobilniPlatby\Request\RequestFactoryTest.phpt ["testFailedCreate"]

-- OK: MobilniPlatby\Request | MobilniPlatby\Request\RequestTest.phpt ["testConstructor"]

-- OK: MobilniPlatby\Request | MobilniPlatby\Request\RequestTest.phpt ["testBadConstructor"]

-- OK: MobilniPlatby\Request | MobilniPlatby\Request\RequestTest.phpt ["testType"]

-- OK: MobilniPlatby\Response | MobilniPlatby\Response\ConfirmResponseTest.phpt ["testSendCode"]

-- OK: MobilniPlatby\Response | MobilniPlatby\Response\ResponseTest.phpt ["testConstructor1"]

-- OK: MobilniPlatby\Response | MobilniPlatby\Response\ResponseTest.phpt ["testConstructor2"]

OK (10 tests)PHP 5.5.11 | "php-cgi"  | 40 threads

-- OK: MobilniPlatby\Request | MobilniPlatby\Request\ConfirmRequestTest.phpt ["testConstructor"]

-- OK: MobilniPlatby\Request | MobilniPlatby\Request\ConfirmRequestTest.phpt ["testBadConstructor"]

-- OK: MobilniPlatby\Request | MobilniPlatby\Request\ConfirmRequestTest.phpt ["testType"]

-- FAILED: MobilniPlatby\Request | MobilniPlatby\Request\RequestFactoryTest.phpt ["testFailedCreate"]
   Failed: MobilniPlatby\RequestException with a message matching 'asdKey 'id' missing in request parameters.'
                                         ... was expected but got 'Key 'id' missing in request parameters.' in testFailedCreate()
   
   in Tester\Framework\Assert.php(407) 
   in Tester\Framework\Assert.php(276) Tester\Assert::fail()
   in Tester\Framework\Assert.php(291) Tester\Assert::exception()
   in MobilniPlatby\Request\RequestFactoryTest.phpt(32) Tester\Assert::throws()
   in [internal function]RequestFactoryTest->testFailedCreate()
   in Tester\Framework\TestCase.php(120) call_user_func_array()
   in Tester\Framework\TestCase.php(103) Tester\TestCase->runTest()
   in Tester\Framework\TestCase.php(49) Tester\TestCase->runMethod()
   in MobilniPlatby\Request\RequestFactoryTest.phpt(38) Tester\TestCase->run()

-- OK: MobilniPlatby\Request | MobilniPlatby\Request\RequestTest.phpt ["testConstructor"]

-- OK: MobilniPlatby\Request | MobilniPlatby\Request\RequestTest.phpt ["testBadConstructor"]

-- OK: MobilniPlatby\Request | MobilniPlatby\Request\RequestTest.phpt ["testType"]

-- OK: MobilniPlatby\Response | MobilniPlatby\Response\ConfirmResponseTest.phpt ["testSendCode"]

-- OK: MobilniPlatby\Response | MobilniPlatby\Response\ResponseTest.phpt ["testConstructor1"]

-- OK: MobilniPlatby\Response | MobilniPlatby\Response\ResponseTest.phpt ["testConstructor2"]

FAILURES! (10 tests, 1 failures)PHP 5.5.11 | "php-cgi"  | 40 threads

-- OK: MobilniPlatby\Request | MobilniPlatby\Request\ConfirmRequestTest.phpt ["testConstructor"]

-- OK: MobilniPlatby\Request | MobilniPlatby\Request\ConfirmRequestTest.phpt ["testBadConstructor"]

-- OK: MobilniPlatby\Request | MobilniPlatby\Request\ConfirmRequestTest.phpt ["testType"]

-- OK: MobilniPlatby\Request | MobilniPlatby\Request\RequestFactoryTest.phpt ["testFailedCreate"]

-- OK: MobilniPlatby\Request | MobilniPlatby\Request\RequestTest.phpt ["testConstructor"]

-- OK: MobilniPlatby\Request | MobilniPlatby\Request\RequestTest.phpt ["testBadConstructor"]

-- OK: MobilniPlatby\Request | MobilniPlatby\Request\RequestTest.phpt ["testType"]

-- OK: MobilniPlatby\Response | MobilniPlatby\Response\ConfirmResponseTest.phpt ["testSendCode"]

-- OK: MobilniPlatby\Response | MobilniPlatby\Response\ResponseTest.phpt ["testConstructor1"]

-- OK: MobilniPlatby\Response | MobilniPlatby\Response\ResponseTest.phpt ["testConstructor2"]

OK (10 tests)PHP 5.5.11 | "php-cgi"  | 40 threads

-- OK: MobilniPlatby\Request | MobilniPlatby\Request\ConfirmRequestTest.phpt ["testConstructor"]

-- OK: MobilniPlatby\Request | MobilniPlatby\Request\ConfirmRequestTest.phpt ["testBadConstructor"]

-- OK: MobilniPlatby\Request | MobilniPlatby\Request\ConfirmRequestTest.phpt ["testType"]

-- OK: MobilniPlatby\Request | MobilniPlatby\Request\RequestFactoryTest.phpt ["testFailedCreate"]

-- OK: MobilniPlatby\Request | MobilniPlatby\Request\RequestTest.phpt ["testConstructor"]

-- OK: MobilniPlatby\Request | MobilniPlatby\Request\RequestTest.phpt ["testBadConstructor"]

-- OK: MobilniPlatby\Request | MobilniPlatby\Request\RequestTest.phpt ["testType"]

-- OK: MobilniPlatby\Response | MobilniPlatby\Response\ConfirmResponseTest.phpt ["testSendCode"]

-- OK: MobilniPlatby\Response | MobilniPlatby\Response\ResponseTest.phpt ["testConstructor1"]

-- OK: MobilniPlatby\Response | MobilniPlatby\Response\ResponseTest.phpt ["testConstructor2"]

OK (10 tests)PHP 5.5.11 | "php-cgi"  | 40 threads

-- OK: MobilniPlatby\Request | MobilniPlatby\Request\ConfirmRequestTest.phpt ["testConstructor"]

-- OK: MobilniPlatby\Request | MobilniPlatby\Request\ConfirmRequestTest.phpt ["testBadConstructor"]

-- OK: MobilniPlatby\Request | MobilniPlatby\Request\ConfirmRequestTest.phpt ["testType"]

-- OK: MobilniPlatby\Request | MobilniPlatby\Request\RequestFactoryTest.phpt ["testFailedCreate"]

-- OK: MobilniPlatby\Request | MobilniPlatby\Request\RequestTest.phpt ["testConstructor"]

-- OK: MobilniPlatby\Request | MobilniPlatby\Request\RequestTest.phpt ["testBadConstructor"]

-- OK: MobilniPlatby\Request | MobilniPlatby\Request\RequestTest.phpt ["testType"]

-- OK: MobilniPlatby\Response | MobilniPlatby\Response\ConfirmResponseTest.phpt ["testSendCode"]

-- OK: MobilniPlatby\Response | MobilniPlatby\Response\ResponseTest.phpt ["testConstructor1"]

-- OK: MobilniPlatby\Response | MobilniPlatby\Response\ResponseTest.phpt ["testConstructor2"]

-- OK: tests\MobilniPlatby\TestDispatcher.phpt

OK (11 tests)PHP 5.5.11 | "php-cgi"  | 40 threads

-- OK: MobilniPlatby\Request | MobilniPlatby\Request\ConfirmRequestTest.phpt ["testConstructor"]

-- OK: MobilniPlatby\Request | MobilniPlatby\Request\ConfirmRequestTest.phpt ["testBadConstructor"]

-- OK: MobilniPlatby\Request | MobilniPlatby\Request\ConfirmRequestTest.phpt ["testType"]

-- OK: MobilniPlatby\Request | MobilniPlatby\Request\RequestFactoryTest.phpt ["testFailedCreate"]

-- OK: MobilniPlatby\Request | MobilniPlatby\Request\RequestTest.phpt ["testConstructor"]

-- OK: MobilniPlatby\Request | MobilniPlatby\Request\RequestTest.phpt ["testBadConstructor"]

-- OK: MobilniPlatby\Request | MobilniPlatby\Request\RequestTest.phpt ["testType"]

-- OK: MobilniPlatby\Response | MobilniPlatby\Response\ConfirmResponseTest.phpt ["testSendCode"]

-- OK: MobilniPlatby\Response | MobilniPlatby\Response\ResponseTest.phpt ["testConstructor1"]

-- OK: MobilniPlatby\Response | MobilniPlatby\Response\ResponseTest.phpt ["testConstructor2"]

-- OK: MobilniPlatby | tests\MobilniPlatby\TestDispatcher.phpt ["testConstructor1"]

OK (11 tests)PHP 5.5.11 | "php-cgi"  | 40 threads

-- OK: MobilniPlatby\Request | MobilniPlatby\Request\ConfirmRequestTest.phpt ["testConstructor"]

-- OK: MobilniPlatby\Request | MobilniPlatby\Request\ConfirmRequestTest.phpt ["testBadConstructor"]

-- OK: MobilniPlatby\Request | MobilniPlatby\Request\ConfirmRequestTest.phpt ["testType"]

-- OK: MobilniPlatby\Request | MobilniPlatby\Request\RequestFactoryTest.phpt ["testFailedCreate"]

-- OK: MobilniPlatby\Request | MobilniPlatby\Request\RequestTest.phpt ["testConstructor"]

-- OK: MobilniPlatby\Request | MobilniPlatby\Request\RequestTest.phpt ["testBadConstructor"]

-- OK: MobilniPlatby\Request | MobilniPlatby\Request\RequestTest.phpt ["testType"]

-- OK: MobilniPlatby\Response | MobilniPlatby\Response\ConfirmResponseTest.phpt ["testSendCode"]

-- OK: MobilniPlatby\Response | MobilniPlatby\Response\ResponseTest.phpt ["testConstructor1"]

-- OK: MobilniPlatby\Response | MobilniPlatby\Response\ResponseTest.phpt ["testConstructor2"]

-- OK: tests\MobilniPlatby\CallbackDispatcherTest.phpt

-- OK: MobilniPlatby | tests\MobilniPlatby\TestDispatcher.phpt ["testConstructor1"]

OK (12 tests)PHP 5.5.11 | "php-cgi"  | 40 threads

-- OK: MobilniPlatby\Request | MobilniPlatby\Request\ConfirmRequestTest.phpt ["testConstructor"]

-- OK: MobilniPlatby\Request | MobilniPlatby\Request\ConfirmRequestTest.phpt ["testBadConstructor"]

-- OK: MobilniPlatby\Request | MobilniPlatby\Request\ConfirmRequestTest.phpt ["testType"]

-- OK: MobilniPlatby\Request | MobilniPlatby\Request\RequestFactoryTest.phpt ["testFailedCreate"]

-- OK: MobilniPlatby\Request | MobilniPlatby\Request\RequestTest.phpt ["testConstructor"]

-- OK: MobilniPlatby\Request | MobilniPlatby\Request\RequestTest.phpt ["testBadConstructor"]

-- OK: MobilniPlatby\Request | MobilniPlatby\Request\RequestTest.phpt ["testType"]

-- OK: MobilniPlatby\Response | MobilniPlatby\Response\ConfirmResponseTest.phpt ["testSendCode"]

-- OK: MobilniPlatby\Response | MobilniPlatby\Response\ResponseTest.phpt ["testConstructor1"]

-- OK: MobilniPlatby\Response | MobilniPlatby\Response\ResponseTest.phpt ["testConstructor2"]

-- OK: tests\MobilniPlatby\CallbackDispatcherTest.phpt

-- OK: MobilniPlatby | tests\MobilniPlatby\DummyDispatcherTest.phpt ["testConstructor1"]

OK (12 tests)PHP 5.5.11 | "php-cgi"  | 40 threads

-- OK: MobilniPlatby\Request | MobilniPlatby\Request\ConfirmRequestTest.phpt ["testConstructor"]

-- OK: MobilniPlatby\Request | MobilniPlatby\Request\ConfirmRequestTest.phpt ["testBadConstructor"]

-- OK: MobilniPlatby\Request | MobilniPlatby\Request\ConfirmRequestTest.phpt ["testType"]

-- OK: MobilniPlatby\Request | MobilniPlatby\Request\RequestFactoryTest.phpt ["testFailedCreate"]

-- OK: MobilniPlatby\Request | MobilniPlatby\Request\RequestTest.phpt ["testConstructor"]

-- OK: MobilniPlatby\Request | MobilniPlatby\Request\RequestTest.phpt ["testBadConstructor"]

-- OK: MobilniPlatby\Request | MobilniPlatby\Request\RequestTest.phpt ["testType"]

-- OK: MobilniPlatby\Response | MobilniPlatby\Response\ConfirmResponseTest.phpt ["testSendCode"]

-- OK: MobilniPlatby\Response | MobilniPlatby\Response\ResponseTest.phpt ["testConstructor1"]

-- OK: MobilniPlatby\Response | MobilniPlatby\Response\ResponseTest.phpt ["testConstructor2"]

-- OK: tests\MobilniPlatby\CallbackDispatcherTest.phpt

-- OK: MobilniPlatby | tests\MobilniPlatby\DummyDispatcherTest.phpt ["testConstructor1"]

OK (12 tests)PHP 5.5.11 | "php-cgi"  | 40 threads

-- OK: MobilniPlatby\Request | MobilniPlatby\Request\ConfirmRequestTest.phpt ["testConstructor"]

-- OK: MobilniPlatby\Request | MobilniPlatby\Request\ConfirmRequestTest.phpt ["testBadConstructor"]

-- OK: MobilniPlatby\Request | MobilniPlatby\Request\ConfirmRequestTest.phpt ["testType"]

-- OK: MobilniPlatby\Request | MobilniPlatby\Request\RequestFactoryTest.phpt ["testFailedCreate"]

-- OK: MobilniPlatby\Request | MobilniPlatby\Request\RequestTest.phpt ["testConstructor"]

-- OK: MobilniPlatby\Request | MobilniPlatby\Request\RequestTest.phpt ["testBadConstructor"]

-- OK: MobilniPlatby\Request | MobilniPlatby\Request\RequestTest.phpt ["testType"]

-- OK: MobilniPlatby\Response | MobilniPlatby\Response\ConfirmResponseTest.phpt ["testSendCode"]

-- OK: MobilniPlatby\Response | MobilniPlatby\Response\ResponseTest.phpt ["testConstructor1"]

-- OK: MobilniPlatby\Response | MobilniPlatby\Response\ResponseTest.phpt ["testConstructor2"]

-- FAILED: MobilniPlatby | tests\MobilniPlatby\CallbackDispatcherTest.phpt ["testDispatcher"]
   Error: This test forgets to execute an assertion.

-- OK: MobilniPlatby | tests\MobilniPlatby\DummyDispatcherTest.phpt ["testConstructor1"]

FAILURES! (12 tests, 1 failures)PHP 5.5.11 | "php-cgi"  | 40 threads

-- OK: MobilniPlatby\Request | MobilniPlatby\Request\ConfirmRequestTest.phpt ["testConstructor"]

-- OK: MobilniPlatby\Request | MobilniPlatby\Request\ConfirmRequestTest.phpt ["testBadConstructor"]

-- OK: MobilniPlatby\Request | MobilniPlatby\Request\ConfirmRequestTest.phpt ["testType"]

-- OK: MobilniPlatby\Request | MobilniPlatby\Request\RequestFactoryTest.phpt ["testFailedCreate"]

-- OK: MobilniPlatby\Request | MobilniPlatby\Request\RequestTest.phpt ["testConstructor"]

-- OK: MobilniPlatby\Request | MobilniPlatby\Request\RequestTest.phpt ["testBadConstructor"]

-- OK: MobilniPlatby\Request | MobilniPlatby\Request\RequestTest.phpt ["testType"]

-- OK: MobilniPlatby\Response | MobilniPlatby\Response\ConfirmResponseTest.phpt ["testSendCode"]

-- OK: MobilniPlatby\Response | MobilniPlatby\Response\ResponseTest.phpt ["testConstructor1"]

-- OK: MobilniPlatby\Response | MobilniPlatby\Response\ResponseTest.phpt ["testConstructor2"]

-- FAILED: MobilniPlatby | tests\MobilniPlatby\CallbackDispatcherTest.phpt ["testDispatcher"]
   Exited with error code 255 (expected 0)
   E_RECOVERABLE_ERROR: Argument 1 passed to MobilniPlatby\CallbackDispatcher::dispatch() must be an instance of MobilniPlatby\Request\AbstractRequest, none given, called in D:\Localhost\MobilniPlatby\tests\MobilniPlatby\CallbackDispatcherTest.phpt on line 35 and defined
   
   in src\MobilniPlatby\CallbackDispatcher.php(34) 
   in tests\MobilniPlatby\CallbackDispatcherTest.phpt(35) MobilniPlatby\CallbackDispatcher->dispatch()
   in [internal function]CallbackDispatcherTest->testDispatcher()
   in Tester\Framework\TestCase.php(120) call_user_func_array()
   in Tester\Framework\TestCase.php(103) Tester\TestCase->runTest()
   in Tester\Framework\TestCase.php(49) Tester\TestCase->runMethod()
   in tests\MobilniPlatby\CallbackDispatcherTest.phpt(39) Tester\TestCase->run()

-- OK: MobilniPlatby | tests\MobilniPlatby\DummyDispatcherTest.phpt ["testConstructor1"]

FAILURES! (12 tests, 1 failures)PHP 5.5.11 | "php-cgi"  | 40 threads

-- OK: MobilniPlatby\Request | MobilniPlatby\Request\ConfirmRequestTest.phpt ["testConstructor"]

-- OK: MobilniPlatby\Request | MobilniPlatby\Request\ConfirmRequestTest.phpt ["testBadConstructor"]

-- OK: MobilniPlatby\Request | MobilniPlatby\Request\ConfirmRequestTest.phpt ["testType"]

-- OK: MobilniPlatby\Request | MobilniPlatby\Request\RequestFactoryTest.phpt ["testFailedCreate"]

-- OK: MobilniPlatby\Request | MobilniPlatby\Request\RequestTest.phpt ["testConstructor"]

-- OK: MobilniPlatby\Request | MobilniPlatby\Request\RequestTest.phpt ["testBadConstructor"]

-- OK: MobilniPlatby\Request | MobilniPlatby\Request\RequestTest.phpt ["testType"]

-- OK: MobilniPlatby\Response | MobilniPlatby\Response\ConfirmResponseTest.phpt ["testSendCode"]

-- OK: MobilniPlatby\Response | MobilniPlatby\Response\ResponseTest.phpt ["testConstructor1"]

-- OK: MobilniPlatby\Response | MobilniPlatby\Response\ResponseTest.phpt ["testConstructor2"]

-- FAILED: MobilniPlatby | tests\MobilniPlatby\CallbackDispatcherTest.phpt ["testDispatcher"]
   Exited with error code 255 (expected 0)
   E_RECOVERABLE_ERROR: Argument 1 passed to MobilniPlatby\CallbackDispatcher::dispatch() must be an instance of MobilniPlatby\Request\AbstractRequest, none given, called in D:\Localhost\MobilniPlatby\tests\MobilniPlatby\CallbackDispatcherTest.phpt on line 36 and defined
   
   in src\MobilniPlatby\CallbackDispatcher.php(34) 
   in tests\MobilniPlatby\CallbackDispatcherTest.phpt(36) MobilniPlatby\CallbackDispatcher->dispatch()
   in [internal function]CallbackDispatcherTest->testDispatcher()
   in Tester\Framework\TestCase.php(120) call_user_func_array()
   in Tester\Framework\TestCase.php(103) Tester\TestCase->runTest()
   in Tester\Framework\TestCase.php(49) Tester\TestCase->runMethod()
   in tests\MobilniPlatby\CallbackDispatcherTest.phpt(40) Tester\TestCase->run()

-- OK: MobilniPlatby | tests\MobilniPlatby\DummyDispatcherTest.phpt ["testConstructor1"]

FAILURES! (12 tests, 1 failures)PHP 5.5.11 | "php-cgi"  | 40 threads

-- OK: MobilniPlatby\Request | MobilniPlatby\Request\ConfirmRequestTest.phpt ["testConstructor"]

-- OK: MobilniPlatby\Request | MobilniPlatby\Request\ConfirmRequestTest.phpt ["testBadConstructor"]

-- OK: MobilniPlatby\Request | MobilniPlatby\Request\ConfirmRequestTest.phpt ["testType"]

-- OK: MobilniPlatby\Request | MobilniPlatby\Request\RequestFactoryTest.phpt ["testFailedCreate"]

-- OK: MobilniPlatby\Request | MobilniPlatby\Request\RequestTest.phpt ["testConstructor"]

-- OK: MobilniPlatby\Request | MobilniPlatby\Request\RequestTest.phpt ["testBadConstructor"]

-- OK: MobilniPlatby\Request | MobilniPlatby\Request\RequestTest.phpt ["testType"]

-- OK: MobilniPlatby\Response | MobilniPlatby\Response\ConfirmResponseTest.phpt ["testSendCode"]

-- OK: MobilniPlatby\Response | MobilniPlatby\Response\ResponseTest.phpt ["testConstructor1"]

-- OK: MobilniPlatby\Response | MobilniPlatby\Response\ResponseTest.phpt ["testConstructor2"]

-- FAILED: MobilniPlatby | tests\MobilniPlatby\CallbackDispatcherTest.phpt ["testDispatcher"]
   Exited with error code 255 (expected 0)
   E_RECOVERABLE_ERROR: Argument 1 passed to MobilniPlatby\CallbackDispatcher::dispatch() must be an instance of MobilniPlatby\Request\AbstractRequest, none given, called in D:\Localhost\MobilniPlatby\tests\MobilniPlatby\CallbackDispatcherTest.phpt on line 36 and defined
   
   in src\MobilniPlatby\CallbackDispatcher.php(34) 
   in tests\MobilniPlatby\CallbackDispatcherTest.phpt(36) MobilniPlatby\CallbackDispatcher->dispatch()
   in [internal function]CallbackDispatcherTest->testDispatcher()
   in Tester\Framework\TestCase.php(120) call_user_func_array()
   in Tester\Framework\TestCase.php(103) Tester\TestCase->runTest()
   in Tester\Framework\TestCase.php(49) Tester\TestCase->runMethod()
   in tests\MobilniPlatby\CallbackDispatcherTest.phpt(40) Tester\TestCase->run()

-- OK: MobilniPlatby | tests\MobilniPlatby\DummyDispatcherTest.phpt ["testConstructor1"]

FAILURES! (12 tests, 1 failures)PHP 5.5.11 | "php-cgi"  | 40 threads

-- OK: MobilniPlatby\Request | MobilniPlatby\Request\ConfirmRequestTest.phpt ["testConstructor"]

-- OK: MobilniPlatby\Request | MobilniPlatby\Request\ConfirmRequestTest.phpt ["testBadConstructor"]

-- OK: MobilniPlatby\Request | MobilniPlatby\Request\ConfirmRequestTest.phpt ["testType"]

-- OK: MobilniPlatby\Request | MobilniPlatby\Request\RequestFactoryTest.phpt ["testFailedCreate"]

-- OK: MobilniPlatby\Request | MobilniPlatby\Request\SmsRequestTest.phpt ["testConstructor"]

-- OK: MobilniPlatby\Request | MobilniPlatby\Request\SmsRequestTest.phpt ["testBadConstructor"]

-- OK: MobilniPlatby\Request | MobilniPlatby\Request\SmsRequestTest.phpt ["testType"]

-- OK: MobilniPlatby\Response | MobilniPlatby\Response\ConfirmResponseTest.phpt ["testSendCode"]

-- OK: MobilniPlatby\Response | MobilniPlatby\Response\ResponseTest.phpt ["testConstructor1"]

-- OK: MobilniPlatby\Response | MobilniPlatby\Response\ResponseTest.phpt ["testConstructor2"]

-- FAILED: MobilniPlatby | tests\MobilniPlatby\CallbackDispatcherTest.phpt ["testDispatcher"]
   Exited with error code 255 (expected 0)
   E_RECOVERABLE_ERROR: Argument 1 passed to MobilniPlatby\CallbackDispatcher::dispatch() must be an instance of MobilniPlatby\Request\AbstractRequest, none given, called in D:\Localhost\MobilniPlatby\tests\MobilniPlatby\CallbackDispatcherTest.phpt on line 36 and defined
   
   in src\MobilniPlatby\CallbackDispatcher.php(34) 
   in tests\MobilniPlatby\CallbackDispatcherTest.phpt(36) MobilniPlatby\CallbackDispatcher->dispatch()
   in [internal function]CallbackDispatcherTest->testDispatcher()
   in Tester\Framework\TestCase.php(120) call_user_func_array()
   in Tester\Framework\TestCase.php(103) Tester\TestCase->runTest()
   in Tester\Framework\TestCase.php(49) Tester\TestCase->runMethod()
   in tests\MobilniPlatby\CallbackDispatcherTest.phpt(40) Tester\TestCase->run()

-- OK: MobilniPlatby | tests\MobilniPlatby\DummyDispatcherTest.phpt ["testConstructor1"]

FAILURES! (12 tests, 1 failures)PHP 5.5.11 | "php-cgi"  | 40 threads

-- FAILED: MobilniPlatby\Request | MobilniPlatby\Request\SmsRequestTest.phpt
   Fatal error: Class 'SmsRequestTest' not found in D:\Localhost\MobilniPlatby\tests\MobilniPlatby\Request\SmsRequestTest.phpt on line 91

-- OK: MobilniPlatby\Request | MobilniPlatby\Request\ConfirmRequestTest.phpt ["testConstructor"]

-- OK: MobilniPlatby\Request | MobilniPlatby\Request\ConfirmRequestTest.phpt ["testBadConstructor"]

-- OK: MobilniPlatby\Request | MobilniPlatby\Request\ConfirmRequestTest.phpt ["testType"]

-- OK: MobilniPlatby\Request | MobilniPlatby\Request\RequestFactoryTest.phpt ["testFailedCreate"]

-- OK: MobilniPlatby\Response | MobilniPlatby\Response\ConfirmResponseTest.phpt ["testSendCode"]

-- OK: MobilniPlatby\Response | MobilniPlatby\Response\ResponseTest.phpt ["testConstructor1"]

-- OK: MobilniPlatby\Response | MobilniPlatby\Response\ResponseTest.phpt ["testConstructor2"]

-- FAILED: MobilniPlatby | tests\MobilniPlatby\CallbackDispatcherTest.phpt ["testDispatcher"]
   Exited with error code 255 (expected 0)
   E_RECOVERABLE_ERROR: Argument 1 passed to MobilniPlatby\CallbackDispatcher::dispatch() must be an instance of MobilniPlatby\Request\AbstractRequest, none given, called in D:\Localhost\MobilniPlatby\tests\MobilniPlatby\CallbackDispatcherTest.phpt on line 36 and defined
   
   in src\MobilniPlatby\CallbackDispatcher.php(34) 
   in tests\MobilniPlatby\CallbackDispatcherTest.phpt(36) MobilniPlatby\CallbackDispatcher->dispatch()
   in [internal function]CallbackDispatcherTest->testDispatcher()
   in Tester\Framework\TestCase.php(120) call_user_func_array()
   in Tester\Framework\TestCase.php(103) Tester\TestCase->runTest()
   in Tester\Framework\TestCase.php(49) Tester\TestCase->runMethod()
   in tests\MobilniPlatby\CallbackDispatcherTest.phpt(40) Tester\TestCase->run()

-- OK: MobilniPlatby | tests\MobilniPlatby\DummyDispatcherTest.phpt ["testConstructor1"]

FAILURES! (10 tests, 2 failures)PHP 5.5.11 | "php-cgi"  | 40 threads

-- OK: MobilniPlatby\Request | MobilniPlatby\Request\ConfirmRequestTest.phpt ["testConstructor"]

-- OK: MobilniPlatby\Request | MobilniPlatby\Request\ConfirmRequestTest.phpt ["testBadConstructor"]

-- OK: MobilniPlatby\Request | MobilniPlatby\Request\ConfirmRequestTest.phpt ["testType"]

-- OK: MobilniPlatby\Request | MobilniPlatby\Request\RequestFactoryTest.phpt ["testFailedCreate"]

-- OK: MobilniPlatby\Request | MobilniPlatby\Request\SmsRequestTest.phpt ["testConstructor"]

-- OK: MobilniPlatby\Request | MobilniPlatby\Request\SmsRequestTest.phpt ["testBadConstructor"]

-- OK: MobilniPlatby\Request | MobilniPlatby\Request\SmsRequestTest.phpt ["testType"]

-- OK: MobilniPlatby\Response | MobilniPlatby\Response\ConfirmResponseTest.phpt ["testSendCode"]

-- OK: MobilniPlatby\Response | MobilniPlatby\Response\ResponseTest.phpt ["testConstructor1"]

-- OK: MobilniPlatby\Response | MobilniPlatby\Response\ResponseTest.phpt ["testConstructor2"]

-- FAILED: MobilniPlatby | tests\MobilniPlatby\CallbackDispatcherTest.phpt ["testDispatcher"]
   Exited with error code 255 (expected 0)
   E_RECOVERABLE_ERROR: Argument 1 passed to MobilniPlatby\CallbackDispatcher::dispatch() must be an instance of MobilniPlatby\Request\AbstractRequest, none given, called in D:\Localhost\MobilniPlatby\tests\MobilniPlatby\CallbackDispatcherTest.phpt on line 36 and defined
   
   in src\MobilniPlatby\CallbackDispatcher.php(34) 
   in tests\MobilniPlatby\CallbackDispatcherTest.phpt(36) MobilniPlatby\CallbackDispatcher->dispatch()
   in [internal function]CallbackDispatcherTest->testDispatcher()
   in Tester\Framework\TestCase.php(120) call_user_func_array()
   in Tester\Framework\TestCase.php(103) Tester\TestCase->runTest()
   in Tester\Framework\TestCase.php(49) Tester\TestCase->runMethod()
   in tests\MobilniPlatby\CallbackDispatcherTest.phpt(40) Tester\TestCase->run()

-- OK: MobilniPlatby | tests\MobilniPlatby\DummyDispatcherTest.phpt ["testConstructor1"]

FAILURES! (12 tests, 1 failures)PHP 5.5.11 | "php-cgi"  | 40 threads

-- OK: MobilniPlatby\Request | MobilniPlatby\Request\ConfirmRequestTest.phpt ["testConstructor"]

-- OK: MobilniPlatby\Request | MobilniPlatby\Request\ConfirmRequestTest.phpt ["testBadConstructor"]

-- OK: MobilniPlatby\Request | MobilniPlatby\Request\ConfirmRequestTest.phpt ["testType"]

-- OK: MobilniPlatby\Request | MobilniPlatby\Request\RequestFactoryTest.phpt ["testFailedCreate"]

-- OK: MobilniPlatby\Request | MobilniPlatby\Request\SmsRequestTest.phpt ["testConstructor"]

-- OK: MobilniPlatby\Request | MobilniPlatby\Request\SmsRequestTest.phpt ["testBadConstructor"]

-- OK: MobilniPlatby\Request | MobilniPlatby\Request\SmsRequestTest.phpt ["testType"]

-- OK: MobilniPlatby\Response | MobilniPlatby\Response\ConfirmResponseTest.phpt ["testSendCode"]

-- OK: MobilniPlatby\Response | MobilniPlatby\Response\ResponseTest.phpt ["testConstructor1"]

-- OK: MobilniPlatby\Response | MobilniPlatby\Response\ResponseTest.phpt ["testConstructor2"]

-- FAILED: MobilniPlatby | tests\MobilniPlatby\CallbackDispatcherTest.phpt ["testDispatcher"]
   Exited with error code 255 (expected 0)
   E_RECOVERABLE_ERROR: Argument 1 passed to MobilniPlatby\CallbackDispatcher::dispatch() must be an instance of MobilniPlatby\Request\AbstractRequest, none given, called in D:\Localhost\MobilniPlatby\tests\MobilniPlatby\CallbackDispatcherTest.phpt on line 36 and defined
   
   in src\MobilniPlatby\CallbackDispatcher.php(34) 
   in tests\MobilniPlatby\CallbackDispatcherTest.phpt(36) MobilniPlatby\CallbackDispatcher->dispatch()
   in [internal function]CallbackDispatcherTest->testDispatcher()
   in Tester\Framework\TestCase.php(120) call_user_func_array()
   in Tester\Framework\TestCase.php(103) Tester\TestCase->runTest()
   in Tester\Framework\TestCase.php(49) Tester\TestCase->runMethod()
   in tests\MobilniPlatby\CallbackDispatcherTest.phpt(40) Tester\TestCase->run()

-- OK: MobilniPlatby | tests\MobilniPlatby\DummyDispatcherTest.phpt ["testConstructor1"]

FAILURES! (12 tests, 1 failures)PHP 5.5.11 | "php-cgi"  | 40 threads

-- OK: MobilniPlatby\Request | MobilniPlatby\Request\ConfirmRequestTest.phpt ["testConstructor"]

-- OK: MobilniPlatby\Request | MobilniPlatby\Request\ConfirmRequestTest.phpt ["testBadConstructor"]

-- OK: MobilniPlatby\Request | MobilniPlatby\Request\ConfirmRequestTest.phpt ["testType"]

-- OK: MobilniPlatby\Request | MobilniPlatby\Request\RequestFactoryTest.phpt ["testFailedCreate"]

-- OK: MobilniPlatby\Request | MobilniPlatby\Request\SmsRequestTest.phpt ["testConstructor"]

-- OK: MobilniPlatby\Request | MobilniPlatby\Request\SmsRequestTest.phpt ["testBadConstructor"]

-- OK: MobilniPlatby\Request | MobilniPlatby\Request\SmsRequestTest.phpt ["testType"]

-- OK: MobilniPlatby\Response | MobilniPlatby\Response\ConfirmResponseTest.phpt ["testSendCode"]

-- OK: MobilniPlatby\Response | MobilniPlatby\Response\ResponseTest.phpt ["testConstructor1"]

-- OK: MobilniPlatby\Response | MobilniPlatby\Response\ResponseTest.phpt ["testConstructor2"]

-- FAILED: MobilniPlatby | tests\MobilniPlatby\CallbackDispatcherTest.phpt ["testDispatcher"]
   Exited with error code 255 (expected 0)
   E_RECOVERABLE_ERROR: Argument 1 passed to MobilniPlatby\CallbackDispatcher::dispatch() must be an instance of MobilniPlatby\Request\AbstractRequest, none given, called in D:\Localhost\MobilniPlatby\tests\MobilniPlatby\CallbackDispatcherTest.phpt on line 35 and defined
   
   in src\MobilniPlatby\CallbackDispatcher.php(34) 
   in tests\MobilniPlatby\CallbackDispatcherTest.phpt(35) MobilniPlatby\CallbackDispatcher->dispatch()
   in [internal function]CallbackDispatcherTest->testDispatcher()
   in Tester\Framework\TestCase.php(120) call_user_func_array()
   in Tester\Framework\TestCase.php(103) Tester\TestCase->runTest()
   in Tester\Framework\TestCase.php(49) Tester\TestCase->runMethod()
   in tests\MobilniPlatby\CallbackDispatcherTest.phpt(39) Tester\TestCase->run()

-- OK: MobilniPlatby | tests\MobilniPlatby\DummyDispatcherTest.phpt ["testConstructor1"]

FAILURES! (12 tests, 1 failures)PHP 5.5.11 | "php-cgi"  | 40 threads

-- OK: MobilniPlatby\Request | MobilniPlatby\Request\ConfirmRequestTest.phpt ["testConstructor"]

-- OK: MobilniPlatby\Request | MobilniPlatby\Request\ConfirmRequestTest.phpt ["testBadConstructor"]

-- OK: MobilniPlatby\Request | MobilniPlatby\Request\ConfirmRequestTest.phpt ["testType"]

-- OK: MobilniPlatby\Request | MobilniPlatby\Request\RequestFactoryTest.phpt ["testFailedCreate"]

-- OK: MobilniPlatby\Request | MobilniPlatby\Request\SmsRequestTest.phpt ["testConstructor"]

-- OK: MobilniPlatby\Request | MobilniPlatby\Request\SmsRequestTest.phpt ["testBadConstructor"]

-- OK: MobilniPlatby\Request | MobilniPlatby\Request\SmsRequestTest.phpt ["testType"]

-- OK: MobilniPlatby\Response | MobilniPlatby\Response\ConfirmResponseTest.phpt ["testSendCode"]

-- OK: MobilniPlatby\Response | MobilniPlatby\Response\ResponseTest.phpt ["testConstructor1"]

-- OK: MobilniPlatby\Response | MobilniPlatby\Response\ResponseTest.phpt ["testConstructor2"]

-- FAILED: MobilniPlatby | tests\MobilniPlatby\CallbackDispatcherTest.phpt ["testDispatcher"]
   Exited with error code 255 (expected 0)
   E_RECOVERABLE_ERROR: Argument 1 passed to MobilniPlatby\CallbackDispatcher::dispatch() must be an instance of MobilniPlatby\Request\AbstractRequest, none given, called in D:\Localhost\MobilniPlatby\tests\MobilniPlatby\CallbackDispatcherTest.phpt on line 38 and defined
   
   in src\MobilniPlatby\CallbackDispatcher.php(34) 
   in tests\MobilniPlatby\CallbackDispatcherTest.phpt(38) MobilniPlatby\CallbackDispatcher->dispatch()
   in [internal function]CallbackDispatcherTest->testDispatcher()
   in Tester\Framework\TestCase.php(120) call_user_func_array()
   in Tester\Framework\TestCase.php(103) Tester\TestCase->runTest()
   in Tester\Framework\TestCase.php(49) Tester\TestCase->runMethod()
   in tests\MobilniPlatby\CallbackDispatcherTest.phpt(42) Tester\TestCase->run()

-- OK: MobilniPlatby | tests\MobilniPlatby\DummyDispatcherTest.phpt ["testConstructor1"]

FAILURES! (12 tests, 1 failures)PHP 5.5.11 | "php-cgi"  | 40 threads

-- OK: MobilniPlatby\Request | MobilniPlatby\Request\ConfirmRequestTest.phpt ["testConstructor"]

-- OK: MobilniPlatby\Request | MobilniPlatby\Request\ConfirmRequestTest.phpt ["testBadConstructor"]

-- OK: MobilniPlatby\Request | MobilniPlatby\Request\ConfirmRequestTest.phpt ["testType"]

-- OK: MobilniPlatby\Request | MobilniPlatby\Request\RequestFactoryTest.phpt ["testFailedCreate"]

-- OK: MobilniPlatby\Request | MobilniPlatby\Request\SmsRequestTest.phpt ["testConstructor"]

-- OK: MobilniPlatby\Request | MobilniPlatby\Request\SmsRequestTest.phpt ["testBadConstructor"]

-- OK: MobilniPlatby\Request | MobilniPlatby\Request\SmsRequestTest.phpt ["testType"]

-- OK: MobilniPlatby\Response | MobilniPlatby\Response\ConfirmResponseTest.phpt ["testSendCode"]

-- OK: MobilniPlatby\Response | MobilniPlatby\Response\ResponseTest.phpt ["testConstructor1"]

-- OK: MobilniPlatby\Response | MobilniPlatby\Response\ResponseTest.phpt ["testConstructor2"]

-- FAILED: MobilniPlatby | tests\MobilniPlatby\CallbackDispatcherTest.phpt ["testDispatcher"]
   Exited with error code 255 (expected 0)
   MobilniPlatby\DispatcherException: Dispatcher: Info callback is not defined.
   
   in src\MobilniPlatby\CallbackDispatcher.php(48) 
   in tests\MobilniPlatby\CallbackDispatcherTest.phpt(38) MobilniPlatby\CallbackDispatcher->dispatch()
   in [internal function]CallbackDispatcherTest->testDispatcher()
   in Tester\Framework\TestCase.php(120) call_user_func_array()
   in Tester\Framework\TestCase.php(103) Tester\TestCase->runTest()
   in Tester\Framework\TestCase.php(49) Tester\TestCase->runMethod()
   in tests\MobilniPlatby\CallbackDispatcherTest.phpt(42) Tester\TestCase->run()

-- OK: MobilniPlatby | tests\MobilniPlatby\DummyDispatcherTest.phpt ["testConstructor1"]

FAILURES! (12 tests, 1 failures)PHP 5.5.11 | "php-cgi"  | 40 threads

-- OK: MobilniPlatby\Request | MobilniPlatby\Request\ConfirmRequestTest.phpt ["testConstructor"]

-- OK: MobilniPlatby\Request | MobilniPlatby\Request\ConfirmRequestTest.phpt ["testBadConstructor"]

-- OK: MobilniPlatby\Request | MobilniPlatby\Request\ConfirmRequestTest.phpt ["testType"]

-- OK: MobilniPlatby\Request | MobilniPlatby\Request\RequestFactoryTest.phpt ["testFailedCreate"]

-- OK: MobilniPlatby\Request | MobilniPlatby\Request\SmsRequestTest.phpt ["testConstructor"]

-- OK: MobilniPlatby\Request | MobilniPlatby\Request\SmsRequestTest.phpt ["testBadConstructor"]

-- OK: MobilniPlatby\Request | MobilniPlatby\Request\SmsRequestTest.phpt ["testType"]

-- OK: MobilniPlatby\Response | MobilniPlatby\Response\ConfirmResponseTest.phpt ["testSendCode"]

-- OK: MobilniPlatby\Response | MobilniPlatby\Response\ResponseTest.phpt ["testConstructor1"]

-- OK: MobilniPlatby\Response | MobilniPlatby\Response\ResponseTest.phpt ["testConstructor2"]

-- FAILED: MobilniPlatby | tests\MobilniPlatby\CallbackDispatcherTest.phpt ["testDispatcher"]
   Exited with error code 255 (expected 0)
   Tester\TestCaseException: Missing class name in @throws annotation for testDispatcher().
   
   in Tester\Framework\TestCase.php(71) 
   in Tester\Framework\TestCase.php(49) Tester\TestCase->runMethod()
   in tests\MobilniPlatby\CallbackDispatcherTest.phpt(43) Tester\TestCase->run()

-- OK: MobilniPlatby | tests\MobilniPlatby\DummyDispatcherTest.phpt ["testConstructor1"]

FAILURES! (12 tests, 1 failures)PHP 5.5.11 | "php-cgi"  | 40 threads

-- OK: MobilniPlatby\Request | MobilniPlatby\Request\ConfirmRequestTest.phpt ["testConstructor"]

-- OK: MobilniPlatby\Request | MobilniPlatby\Request\ConfirmRequestTest.phpt ["testBadConstructor"]

-- OK: MobilniPlatby\Request | MobilniPlatby\Request\ConfirmRequestTest.phpt ["testType"]

-- OK: MobilniPlatby\Request | MobilniPlatby\Request\RequestFactoryTest.phpt ["testFailedCreate"]

-- OK: MobilniPlatby\Request | MobilniPlatby\Request\SmsRequestTest.phpt ["testConstructor"]

-- OK: MobilniPlatby\Request | MobilniPlatby\Request\SmsRequestTest.phpt ["testBadConstructor"]

-- OK: MobilniPlatby\Request | MobilniPlatby\Request\SmsRequestTest.phpt ["testType"]

-- OK: MobilniPlatby\Response | MobilniPlatby\Response\ConfirmResponseTest.phpt ["testSendCode"]

-- OK: MobilniPlatby\Response | MobilniPlatby\Response\ResponseTest.phpt ["testConstructor1"]

-- OK: MobilniPlatby\Response | MobilniPlatby\Response\ResponseTest.phpt ["testConstructor2"]

-- OK: MobilniPlatby | tests\MobilniPlatby\CallbackDispatcherTest.phpt ["testDispatcher"]

-- OK: MobilniPlatby | tests\MobilniPlatby\DummyDispatcherTest.phpt ["testConstructor1"]

OK (12 tests)PHP 5.5.11 | "php-cgi"  | 40 threads

-- OK: MobilniPlatby\Request | MobilniPlatby\Request\ConfirmRequestTest.phpt ["testConstructor"]

-- OK: MobilniPlatby\Request | MobilniPlatby\Request\ConfirmRequestTest.phpt ["testBadConstructor"]

-- OK: MobilniPlatby\Request | MobilniPlatby\Request\ConfirmRequestTest.phpt ["testType"]

-- OK: MobilniPlatby\Request | MobilniPlatby\Request\RequestFactoryTest.phpt ["testFailedCreate"]

-- OK: MobilniPlatby\Request | MobilniPlatby\Request\SmsRequestTest.phpt ["testConstructor"]

-- OK: MobilniPlatby\Request | MobilniPlatby\Request\SmsRequestTest.phpt ["testBadConstructor"]

-- OK: MobilniPlatby\Request | MobilniPlatby\Request\SmsRequestTest.phpt ["testType"]

-- OK: MobilniPlatby\Response | MobilniPlatby\Response\ConfirmResponseTest.phpt ["testSendCode"]

-- OK: MobilniPlatby\Response | MobilniPlatby\Response\ResponseTest.phpt ["testConstructor1"]

-- OK: MobilniPlatby\Response | MobilniPlatby\Response\ResponseTest.phpt ["testConstructor2"]

-- OK: MobilniPlatby | tests\MobilniPlatby\CallbackDispatcherTest.phpt ["testDispatcher"]

-- OK: MobilniPlatby | tests\MobilniPlatby\DummyDispatcherTest.phpt ["testConstructor1"]

OK (12 tests)PHP 5.5.11 | "php-cgi"  | 40 threads

-- OK: MobilniPlatby\Request | MobilniPlatby\Request\ConfirmRequestTest.phpt ["testConstructor"]

-- OK: MobilniPlatby\Request | MobilniPlatby\Request\ConfirmRequestTest.phpt ["testBadConstructor"]

-- OK: MobilniPlatby\Request | MobilniPlatby\Request\ConfirmRequestTest.phpt ["testType"]

-- OK: MobilniPlatby\Request | MobilniPlatby\Request\RequestFactoryTest.phpt ["testFailedCreate"]

-- OK: MobilniPlatby\Request | MobilniPlatby\Request\SmsRequestTest.phpt ["testConstructor"]

-- OK: MobilniPlatby\Request | MobilniPlatby\Request\SmsRequestTest.phpt ["testBadConstructor"]

-- OK: MobilniPlatby\Request | MobilniPlatby\Request\SmsRequestTest.phpt ["testType"]

-- OK: MobilniPlatby\Response | MobilniPlatby\Response\ConfirmResponseTest.phpt ["testSendCode"]

-- OK: MobilniPlatby\Response | MobilniPlatby\Response\ResponseTest.phpt ["testConstructor1"]

-- OK: MobilniPlatby\Response | MobilniPlatby\Response\ResponseTest.phpt ["testConstructor2"]

-- OK: MobilniPlatby | tests\MobilniPlatby\CallbackDispatcherTest.phpt ["testDispatcher"]

-- OK: MobilniPlatby | tests\MobilniPlatby\DummyDispatcherTest.phpt ["testConstructor1"]

OK (12 tests)PHP 5.5.11 | "php-cgi"  | 40 threads

-- OK: MobilniPlatby\Request | MobilniPlatby\Request\ConfirmRequestTest.phpt ["testConstructor"]

-- OK: MobilniPlatby\Request | MobilniPlatby\Request\ConfirmRequestTest.phpt ["testBadConstructor"]

-- OK: MobilniPlatby\Request | MobilniPlatby\Request\ConfirmRequestTest.phpt ["testType"]

-- OK: MobilniPlatby\Request | MobilniPlatby\Request\RequestFactoryTest.phpt ["testFailedCreate"]

-- OK: MobilniPlatby\Request | MobilniPlatby\Request\SmsRequestTest.phpt ["testConstructor"]

-- OK: MobilniPlatby\Request | MobilniPlatby\Request\SmsRequestTest.phpt ["testBadConstructor"]

-- OK: MobilniPlatby\Request | MobilniPlatby\Request\SmsRequestTest.phpt ["testType"]

-- OK: MobilniPlatby\Response | MobilniPlatby\Response\ConfirmResponseTest.phpt ["testSendCode"]

-- OK: MobilniPlatby\Response | MobilniPlatby\Response\ResponseTest.phpt ["testConstructor1"]

-- OK: MobilniPlatby\Response | MobilniPlatby\Response\ResponseTest.phpt ["testConstructor2"]

-- OK: MobilniPlatby | tests\MobilniPlatby\CallbackDispatcherTest.phpt ["testDispatcher"]

-- OK: MobilniPlatby | tests\MobilniPlatby\DummyDispatcherTest.phpt ["testConstructor1"]

OK (12 tests)PHP 5.5.11 | "php-cgi"  | 40 threads

-- OK: MobilniPlatby\Request | MobilniPlatby\Request\ConfirmRequestTest.phpt ["testConstructor"]

-- OK: MobilniPlatby\Request | MobilniPlatby\Request\ConfirmRequestTest.phpt ["testBadConstructor"]

-- OK: MobilniPlatby\Request | MobilniPlatby\Request\ConfirmRequestTest.phpt ["testType"]

-- OK: MobilniPlatby\Request | MobilniPlatby\Request\RequestFactoryTest.phpt ["testFailedCreate"]

-- OK: MobilniPlatby\Request | MobilniPlatby\Request\SmsRequestTest.phpt ["testConstructor"]

-- OK: MobilniPlatby\Request | MobilniPlatby\Request\SmsRequestTest.phpt ["testBadConstructor"]

-- OK: MobilniPlatby\Request | MobilniPlatby\Request\SmsRequestTest.phpt ["testType"]

-- OK: MobilniPlatby\Response | MobilniPlatby\Response\ConfirmResponseTest.phpt ["testSendCode"]

-- OK: MobilniPlatby\Response | MobilniPlatby\Response\ResponseTest.phpt ["testConstructor1"]

-- OK: MobilniPlatby\Response | MobilniPlatby\Response\ResponseTest.phpt ["testConstructor2"]

-- OK: MobilniPlatby | tests\MobilniPlatby\CallbackDispatcherTest.phpt ["testFailedDispatcher"]

-- OK: MobilniPlatby | tests\MobilniPlatby\CallbackDispatcherTest.phpt ["testDispatcher"]

-- OK: MobilniPlatby | tests\MobilniPlatby\DummyDispatcherTest.phpt ["testConstructor1"]

OK (13 tests)PHP 5.5.11 | "php-cgi"  | 40 threads

-- FAILED: MobilniPlatby | tests\MobilniPlatby\CallbackDispatcherTest.phpt
   <br />
   <b>Parse error</b>:  syntax error, unexpected '$inst' (T_VARIABLE) in <b>D:\Localhost\MobilniPlatby\tests\MobilniPlatby\CallbackDispatcherTest.phpt</b> on line <b>50</b><br />

-- OK: MobilniPlatby\Request | MobilniPlatby\Request\ConfirmRequestTest.phpt ["testConstructor"]

-- OK: MobilniPlatby\Request | MobilniPlatby\Request\ConfirmRequestTest.phpt ["testBadConstructor"]

-- OK: MobilniPlatby\Request | MobilniPlatby\Request\ConfirmRequestTest.phpt ["testType"]

-- OK: MobilniPlatby\Request | MobilniPlatby\Request\RequestFactoryTest.phpt ["testFailedCreate"]

-- OK: MobilniPlatby\Request | MobilniPlatby\Request\SmsRequestTest.phpt ["testConstructor"]

-- OK: MobilniPlatby\Request | MobilniPlatby\Request\SmsRequestTest.phpt ["testBadConstructor"]

-- OK: MobilniPlatby\Request | MobilniPlatby\Request\SmsRequestTest.phpt ["testType"]

-- OK: MobilniPlatby\Response | MobilniPlatby\Response\ConfirmResponseTest.phpt ["testSendCode"]

-- OK: MobilniPlatby\Response | MobilniPlatby\Response\ResponseTest.phpt ["testConstructor1"]

-- OK: MobilniPlatby\Response | MobilniPlatby\Response\ResponseTest.phpt ["testConstructor2"]

-- OK: MobilniPlatby | tests\MobilniPlatby\DummyDispatcherTest.phpt ["testConstructor1"]

FAILURES! (12 tests, 1 failures)PHP 5.5.11 | "php-cgi"  | 40 threads

-- FAILED: MobilniPlatby | tests\MobilniPlatby\CallbackDispatcherTest.phpt
   <br />
   <b>Parse error</b>:  syntax error, unexpected '$inst' (T_VARIABLE) in <b>D:\Localhost\MobilniPlatby\tests\MobilniPlatby\CallbackDispatcherTest.phpt</b> on line <b>61</b><br />

-- OK: MobilniPlatby\Request | MobilniPlatby\Request\ConfirmRequestTest.phpt ["testConstructor"]

-- OK: MobilniPlatby\Request | MobilniPlatby\Request\ConfirmRequestTest.phpt ["testBadConstructor"]

-- OK: MobilniPlatby\Request | MobilniPlatby\Request\ConfirmRequestTest.phpt ["testType"]

-- OK: MobilniPlatby\Request | MobilniPlatby\Request\RequestFactoryTest.phpt ["testFailedCreate"]

-- OK: MobilniPlatby\Request | MobilniPlatby\Request\SmsRequestTest.phpt ["testConstructor"]

-- OK: MobilniPlatby\Request | MobilniPlatby\Request\SmsRequestTest.phpt ["testBadConstructor"]

-- OK: MobilniPlatby\Request | MobilniPlatby\Request\SmsRequestTest.phpt ["testType"]

-- OK: MobilniPlatby\Response | MobilniPlatby\Response\ConfirmResponseTest.phpt ["testSendCode"]

-- OK: MobilniPlatby\Response | MobilniPlatby\Response\ResponseTest.phpt ["testConstructor1"]

-- OK: MobilniPlatby\Response | MobilniPlatby\Response\ResponseTest.phpt ["testConstructor2"]

-- OK: MobilniPlatby | tests\MobilniPlatby\DummyDispatcherTest.phpt ["testConstructor1"]

FAILURES! (12 tests, 1 failures)PHP 5.5.11 | "php-cgi"  | 40 threads

-- FAILED: MobilniPlatby | tests\MobilniPlatby\CallbackDispatcherTest.phpt
   <br />
   <b>Parse error</b>:  syntax error, unexpected '$inst' (T_VARIABLE) in <b>D:\Localhost\MobilniPlatby\tests\MobilniPlatby\CallbackDispatcherTest.phpt</b> on line <b>61</b><br />

-- OK: MobilniPlatby\Request | MobilniPlatby\Request\ConfirmRequestTest.phpt ["testConstructor"]

-- OK: MobilniPlatby\Request | MobilniPlatby\Request\ConfirmRequestTest.phpt ["testBadConstructor"]

-- OK: MobilniPlatby\Request | MobilniPlatby\Request\ConfirmRequestTest.phpt ["testType"]

-- OK: MobilniPlatby\Request | MobilniPlatby\Request\RequestFactoryTest.phpt ["testFailedCreate"]

-- OK: MobilniPlatby\Request | MobilniPlatby\Request\SmsRequestTest.phpt ["testConstructor"]

-- OK: MobilniPlatby\Request | MobilniPlatby\Request\SmsRequestTest.phpt ["testBadConstructor"]

-- OK: MobilniPlatby\Request | MobilniPlatby\Request\SmsRequestTest.phpt ["testType"]

-- OK: MobilniPlatby\Response | MobilniPlatby\Response\ConfirmResponseTest.phpt ["testSendCode"]

-- OK: MobilniPlatby\Response | MobilniPlatby\Response\ResponseTest.phpt ["testConstructor1"]

-- OK: MobilniPlatby\Response | MobilniPlatby\Response\ResponseTest.phpt ["testConstructor2"]

-- OK: MobilniPlatby | tests\MobilniPlatby\DummyDispatcherTest.phpt ["testConstructor1"]

FAILURES! (12 tests, 1 failures)PHP 5.5.11 | "php-cgi"  | 40 threads

-- FAILED: MobilniPlatby | tests\MobilniPlatby\CallbackDispatcherTest.phpt
   <br />
   <b>Parse error</b>:  syntax error, unexpected '$inst' (T_VARIABLE) in <b>D:\Localhost\MobilniPlatby\tests\MobilniPlatby\CallbackDispatcherTest.phpt</b> on line <b>62</b><br />

-- OK: MobilniPlatby\Request | MobilniPlatby\Request\ConfirmRequestTest.phpt ["testConstructor"]

-- OK: MobilniPlatby\Request | MobilniPlatby\Request\ConfirmRequestTest.phpt ["testBadConstructor"]

-- OK: MobilniPlatby\Request | MobilniPlatby\Request\ConfirmRequestTest.phpt ["testType"]

-- OK: MobilniPlatby\Request | MobilniPlatby\Request\RequestFactoryTest.phpt ["testFailedCreate"]

-- OK: MobilniPlatby\Request | MobilniPlatby\Request\SmsRequestTest.phpt ["testConstructor"]

-- OK: MobilniPlatby\Request | MobilniPlatby\Request\SmsRequestTest.phpt ["testBadConstructor"]

-- OK: MobilniPlatby\Request | MobilniPlatby\Request\SmsRequestTest.phpt ["testType"]

-- OK: MobilniPlatby\Response | MobilniPlatby\Response\ConfirmResponseTest.phpt ["testSendCode"]

-- OK: MobilniPlatby\Response | MobilniPlatby\Response\ResponseTest.phpt ["testConstructor1"]

-- OK: MobilniPlatby\Response | MobilniPlatby\Response\ResponseTest.phpt ["testConstructor2"]

-- OK: MobilniPlatby | tests\MobilniPlatby\DummyDispatcherTest.phpt ["testConstructor1"]

FAILURES! (12 tests, 1 failures)PHP 5.5.11 | "php-cgi"  | 40 threads

-- FAILED: MobilniPlatby | tests\MobilniPlatby\CallbackDispatcherTest.phpt
   <br />
   <b>Parse error</b>:  syntax error, unexpected '$inst' (T_VARIABLE) in <b>D:\Localhost\MobilniPlatby\tests\MobilniPlatby\CallbackDispatcherTest.phpt</b> on line <b>63</b><br />

-- OK: MobilniPlatby\Request | MobilniPlatby\Request\ConfirmRequestTest.phpt ["testConstructor"]

-- OK: MobilniPlatby\Request | MobilniPlatby\Request\ConfirmRequestTest.phpt ["testBadConstructor"]

-- OK: MobilniPlatby\Request | MobilniPlatby\Request\ConfirmRequestTest.phpt ["testType"]

-- OK: MobilniPlatby\Request | MobilniPlatby\Request\RequestFactoryTest.phpt ["testFailedCreate"]

-- OK: MobilniPlatby\Request | MobilniPlatby\Request\SmsRequestTest.phpt ["testConstructor"]

-- OK: MobilniPlatby\Request | MobilniPlatby\Request\SmsRequestTest.phpt ["testBadConstructor"]

-- OK: MobilniPlatby\Request | MobilniPlatby\Request\SmsRequestTest.phpt ["testType"]

-- OK: MobilniPlatby\Response | MobilniPlatby\Response\ConfirmResponseTest.phpt ["testSendCode"]

-- OK: MobilniPlatby\Response | MobilniPlatby\Response\ResponseTest.phpt ["testConstructor1"]

-- OK: MobilniPlatby\Response | MobilniPlatby\Response\ResponseTest.phpt ["testConstructor2"]

-- OK: MobilniPlatby | tests\MobilniPlatby\DummyDispatcherTest.phpt ["testConstructor1"]

FAILURES! (12 tests, 1 failures)PHP 5.5.11 | "php-cgi"  | 40 threads

-- OK: MobilniPlatby\Request | MobilniPlatby\Request\ConfirmRequestTest.phpt ["testConstructor"]

-- OK: MobilniPlatby\Request | MobilniPlatby\Request\ConfirmRequestTest.phpt ["testBadConstructor"]

-- OK: MobilniPlatby\Request | MobilniPlatby\Request\ConfirmRequestTest.phpt ["testType"]

-- OK: MobilniPlatby\Request | MobilniPlatby\Request\RequestFactoryTest.phpt ["testFailedCreate"]

-- OK: MobilniPlatby\Request | MobilniPlatby\Request\SmsRequestTest.phpt ["testConstructor"]

-- OK: MobilniPlatby\Request | MobilniPlatby\Request\SmsRequestTest.phpt ["testBadConstructor"]

-- OK: MobilniPlatby\Request | MobilniPlatby\Request\SmsRequestTest.phpt ["testType"]

-- OK: MobilniPlatby\Response | MobilniPlatby\Response\ConfirmResponseTest.phpt ["testSendCode"]

-- OK: MobilniPlatby\Response | MobilniPlatby\Response\ResponseTest.phpt ["testConstructor1"]

-- OK: MobilniPlatby\Response | MobilniPlatby\Response\ResponseTest.phpt ["testConstructor2"]

-- OK: MobilniPlatby | tests\MobilniPlatby\CallbackDispatcherTest.phpt ["testFailedDispatcher"]

-- FAILED: MobilniPlatby | tests\MobilniPlatby\CallbackDispatcherTest.phpt ["testDispatcher"]
   Error: This test forgets to execute an assertion.

-- OK: MobilniPlatby | tests\MobilniPlatby\DummyDispatcherTest.phpt ["testConstructor1"]

FAILURES! (13 tests, 1 failures)PHP 5.5.11 | "php-cgi"  | 40 threads

-- FAILED: MobilniPlatby | tests\MobilniPlatby\CallbackDispatcherTest.phpt
   <br />
   <b>Parse error</b>:  syntax error, unexpected ')' in <b>D:\Localhost\MobilniPlatby\tests\MobilniPlatby\CallbackDispatcherTest.phpt</b> on line <b>66</b><br />

-- OK: MobilniPlatby\Request | MobilniPlatby\Request\ConfirmRequestTest.phpt ["testConstructor"]

-- OK: MobilniPlatby\Request | MobilniPlatby\Request\ConfirmRequestTest.phpt ["testBadConstructor"]

-- OK: MobilniPlatby\Request | MobilniPlatby\Request\ConfirmRequestTest.phpt ["testType"]

-- OK: MobilniPlatby\Request | MobilniPlatby\Request\RequestFactoryTest.phpt ["testFailedCreate"]

-- OK: MobilniPlatby\Request | MobilniPlatby\Request\SmsRequestTest.phpt ["testConstructor"]

-- OK: MobilniPlatby\Request | MobilniPlatby\Request\SmsRequestTest.phpt ["testBadConstructor"]

-- OK: MobilniPlatby\Request | MobilniPlatby\Request\SmsRequestTest.phpt ["testType"]

-- OK: MobilniPlatby\Response | MobilniPlatby\Response\ConfirmResponseTest.phpt ["testSendCode"]

-- OK: MobilniPlatby\Response | MobilniPlatby\Response\ResponseTest.phpt ["testConstructor1"]

-- OK: MobilniPlatby\Response | MobilniPlatby\Response\ResponseTest.phpt ["testConstructor2"]

-- OK: MobilniPlatby | tests\MobilniPlatby\DummyDispatcherTest.phpt ["testConstructor1"]

FAILURES! (12 tests, 1 failures)PHP 5.5.11 | "php-cgi"  | 40 threads

-- FAILED: MobilniPlatby | tests\MobilniPlatby\CallbackDispatcherTest.phpt
   <br />
   <b>Parse error</b>:  syntax error, unexpected ')' in <b>D:\Localhost\MobilniPlatby\tests\MobilniPlatby\CallbackDispatcherTest.phpt</b> on line <b>66</b><br />

-- OK: MobilniPlatby\Request | MobilniPlatby\Request\ConfirmRequestTest.phpt ["testConstructor"]

-- OK: MobilniPlatby\Request | MobilniPlatby\Request\ConfirmRequestTest.phpt ["testBadConstructor"]

-- OK: MobilniPlatby\Request | MobilniPlatby\Request\ConfirmRequestTest.phpt ["testType"]

-- OK: MobilniPlatby\Request | MobilniPlatby\Request\RequestFactoryTest.phpt ["testFailedCreate"]

-- OK: MobilniPlatby\Request | MobilniPlatby\Request\SmsRequestTest.phpt ["testConstructor"]

-- OK: MobilniPlatby\Request | MobilniPlatby\Request\SmsRequestTest.phpt ["testBadConstructor"]

-- OK: MobilniPlatby\Request | MobilniPlatby\Request\SmsRequestTest.phpt ["testType"]

-- OK: MobilniPlatby\Response | MobilniPlatby\Response\ConfirmResponseTest.phpt ["testSendCode"]

-- OK: MobilniPlatby\Response | MobilniPlatby\Response\ResponseTest.phpt ["testConstructor1"]

-- OK: MobilniPlatby\Response | MobilniPlatby\Response\ResponseTest.phpt ["testConstructor2"]

-- OK: MobilniPlatby | tests\MobilniPlatby\DummyDispatcherTest.phpt ["testConstructor1"]

FAILURES! (12 tests, 1 failures)PHP 5.5.11 | "php-cgi"  | 40 threads

-- FAILED: MobilniPlatby | tests\MobilniPlatby\CallbackDispatcherTest.phpt
   <br />
   <b>Parse error</b>:  syntax error, unexpected ')' in <b>D:\Localhost\MobilniPlatby\tests\MobilniPlatby\CallbackDispatcherTest.phpt</b> on line <b>67</b><br />

-- OK: MobilniPlatby\Request | MobilniPlatby\Request\ConfirmRequestTest.phpt ["testConstructor"]

-- OK: MobilniPlatby\Request | MobilniPlatby\Request\ConfirmRequestTest.phpt ["testBadConstructor"]

-- OK: MobilniPlatby\Request | MobilniPlatby\Request\ConfirmRequestTest.phpt ["testType"]

-- OK: MobilniPlatby\Request | MobilniPlatby\Request\RequestFactoryTest.phpt ["testFailedCreate"]

-- OK: MobilniPlatby\Request | MobilniPlatby\Request\SmsRequestTest.phpt ["testConstructor"]

-- OK: MobilniPlatby\Request | MobilniPlatby\Request\SmsRequestTest.phpt ["testBadConstructor"]

-- OK: MobilniPlatby\Request | MobilniPlatby\Request\SmsRequestTest.phpt ["testType"]

-- OK: MobilniPlatby\Response | MobilniPlatby\Response\ConfirmResponseTest.phpt ["testSendCode"]

-- OK: MobilniPlatby\Response | MobilniPlatby\Response\ResponseTest.phpt ["testConstructor1"]

-- OK: MobilniPlatby\Response | MobilniPlatby\Response\ResponseTest.phpt ["testConstructor2"]

-- OK: MobilniPlatby | tests\MobilniPlatby\DummyDispatcherTest.phpt ["testConstructor1"]

FAILURES! (12 tests, 1 failures)PHP 5.5.11 | "php-cgi"  | 40 threads

-- OK: MobilniPlatby\Request | MobilniPlatby\Request\ConfirmRequestTest.phpt ["testConstructor"]

-- OK: MobilniPlatby\Request | MobilniPlatby\Request\ConfirmRequestTest.phpt ["testBadConstructor"]

-- OK: MobilniPlatby\Request | MobilniPlatby\Request\ConfirmRequestTest.phpt ["testType"]

-- OK: MobilniPlatby\Request | MobilniPlatby\Request\RequestFactoryTest.phpt ["testFailedCreate"]

-- OK: MobilniPlatby\Request | MobilniPlatby\Request\SmsRequestTest.phpt ["testConstructor"]

-- OK: MobilniPlatby\Request | MobilniPlatby\Request\SmsRequestTest.phpt ["testBadConstructor"]

-- OK: MobilniPlatby\Request | MobilniPlatby\Request\SmsRequestTest.phpt ["testType"]

-- OK: MobilniPlatby\Response | MobilniPlatby\Response\ConfirmResponseTest.phpt ["testSendCode"]

-- OK: MobilniPlatby\Response | MobilniPlatby\Response\ResponseTest.phpt ["testConstructor1"]

-- OK: MobilniPlatby\Response | MobilniPlatby\Response\ResponseTest.phpt ["testConstructor2"]

-- OK: MobilniPlatby | tests\MobilniPlatby\CallbackDispatcherTest.phpt ["testFailedDispatcher"]

-- OK: MobilniPlatby | tests\MobilniPlatby\CallbackDispatcherTest.phpt ["testDispatcher"]

-- OK: MobilniPlatby | tests\MobilniPlatby\DummyDispatcherTest.phpt ["testConstructor1"]

OK (13 tests)PHP 5.5.11 | "php-cgi"  | 40 threads

-- OK: MobilniPlatby\Request | MobilniPlatby\Request\ConfirmRequestTest.phpt ["testConstructor"]

-- OK: MobilniPlatby\Request | MobilniPlatby\Request\ConfirmRequestTest.phpt ["testBadConstructor"]

-- OK: MobilniPlatby\Request | MobilniPlatby\Request\ConfirmRequestTest.phpt ["testType"]

-- OK: MobilniPlatby\Request | MobilniPlatby\Request\RequestFactoryTest.phpt ["testFailedCreate"]

-- OK: MobilniPlatby\Request | MobilniPlatby\Request\SmsRequestTest.phpt ["testConstructor"]

-- OK: MobilniPlatby\Request | MobilniPlatby\Request\SmsRequestTest.phpt ["testBadConstructor"]

-- OK: MobilniPlatby\Request | MobilniPlatby\Request\SmsRequestTest.phpt ["testType"]

-- OK: MobilniPlatby\Response | MobilniPlatby\Response\ConfirmResponseTest.phpt ["testSendCode"]

-- OK: MobilniPlatby\Response | MobilniPlatby\Response\ResponseTest.phpt ["testConstructor1"]

-- OK: MobilniPlatby\Response | MobilniPlatby\Response\ResponseTest.phpt ["testConstructor2"]

-- OK: MobilniPlatby | tests\MobilniPlatby\CallbackDispatcherTest.phpt ["testFailedDispatcher"]

-- OK: MobilniPlatby | tests\MobilniPlatby\CallbackDispatcherTest.phpt ["testSmsDispatcher"]

-- OK: MobilniPlatby | tests\MobilniPlatby\DummyDispatcherTest.phpt ["testConstructor1"]

OK (13 tests)PHP 5.5.11 | "php-cgi"  | 40 threads

-- OK: MobilniPlatby\Request | MobilniPlatby\Request\ConfirmRequestTest.phpt ["testConstructor"]

-- OK: MobilniPlatby\Request | MobilniPlatby\Request\ConfirmRequestTest.phpt ["testBadConstructor"]

-- OK: MobilniPlatby\Request | MobilniPlatby\Request\ConfirmRequestTest.phpt ["testType"]

-- OK: MobilniPlatby\Request | MobilniPlatby\Request\RequestFactoryTest.phpt ["testFailedCreate"]

-- OK: MobilniPlatby\Request | MobilniPlatby\Request\SmsRequestTest.phpt ["testConstructor"]

-- OK: MobilniPlatby\Request | MobilniPlatby\Request\SmsRequestTest.phpt ["testBadConstructor"]

-- OK: MobilniPlatby\Request | MobilniPlatby\Request\SmsRequestTest.phpt ["testType"]

-- OK: MobilniPlatby\Response | MobilniPlatby\Response\ConfirmResponseTest.phpt ["testSendCode"]

-- OK: MobilniPlatby\Response | MobilniPlatby\Response\ResponseTest.phpt ["testConstructor1"]

-- OK: MobilniPlatby\Response | MobilniPlatby\Response\ResponseTest.phpt ["testConstructor2"]

-- OK: MobilniPlatby | tests\MobilniPlatby\CallbackDispatcherTest.phpt ["testFailedDispatcher"]

-- OK: MobilniPlatby | tests\MobilniPlatby\CallbackDispatcherTest.phpt ["testSmsCallback"]

-- OK: MobilniPlatby | tests\MobilniPlatby\DummyDispatcherTest.phpt ["testConstructor1"]

OK (13 tests)PHP 5.5.11 | "php-cgi"  | 40 threads

-- FAILED: MobilniPlatby | tests\MobilniPlatby\CallbackDispatcherTest.phpt
   <br />
   <b>Fatal error</b>:  Cannot redeclare CallbackDispatcherTest::testSmsCallback() in <b>D:\Localhost\MobilniPlatby\tests\MobilniPlatby\CallbackDispatcherTest.phpt</b> on line <b>72</b><br />

-- OK: MobilniPlatby\Request | MobilniPlatby\Request\ConfirmRequestTest.phpt ["testConstructor"]

-- OK: MobilniPlatby\Request | MobilniPlatby\Request\ConfirmRequestTest.phpt ["testBadConstructor"]

-- OK: MobilniPlatby\Request | MobilniPlatby\Request\ConfirmRequestTest.phpt ["testType"]

-- OK: MobilniPlatby\Request | MobilniPlatby\Request\RequestFactoryTest.phpt ["testFailedCreate"]

-- OK: MobilniPlatby\Request | MobilniPlatby\Request\SmsRequestTest.phpt ["testConstructor"]

-- OK: MobilniPlatby\Request | MobilniPlatby\Request\SmsRequestTest.phpt ["testBadConstructor"]

-- OK: MobilniPlatby\Request | MobilniPlatby\Request\SmsRequestTest.phpt ["testType"]

-- OK: MobilniPlatby\Response | MobilniPlatby\Response\ConfirmResponseTest.phpt ["testSendCode"]

-- OK: MobilniPlatby\Response | MobilniPlatby\Response\ResponseTest.phpt ["testConstructor1"]

-- OK: MobilniPlatby\Response | MobilniPlatby\Response\ResponseTest.phpt ["testConstructor2"]

-- OK: MobilniPlatby | tests\MobilniPlatby\DummyDispatcherTest.phpt ["testConstructor1"]

FAILURES! (12 tests, 1 failures)PHP 5.5.11 | "php-cgi"  | 40 threads

-- OK: MobilniPlatby\Request | MobilniPlatby\Request\ConfirmRequestTest.phpt ["testConstructor"]

-- OK: MobilniPlatby\Request | MobilniPlatby\Request\ConfirmRequestTest.phpt ["testBadConstructor"]

-- OK: MobilniPlatby\Request | MobilniPlatby\Request\ConfirmRequestTest.phpt ["testType"]

-- OK: MobilniPlatby\Request | MobilniPlatby\Request\RequestFactoryTest.phpt ["testFailedCreate"]

-- OK: MobilniPlatby\Request | MobilniPlatby\Request\SmsRequestTest.phpt ["testConstructor"]

-- OK: MobilniPlatby\Request | MobilniPlatby\Request\SmsRequestTest.phpt ["testBadConstructor"]

-- OK: MobilniPlatby\Request | MobilniPlatby\Request\SmsRequestTest.phpt ["testType"]

-- OK: MobilniPlatby\Response | MobilniPlatby\Response\ConfirmResponseTest.phpt ["testSendCode"]

-- OK: MobilniPlatby\Response | MobilniPlatby\Response\ResponseTest.phpt ["testConstructor1"]

-- OK: MobilniPlatby\Response | MobilniPlatby\Response\ResponseTest.phpt ["testConstructor2"]

-- OK: MobilniPlatby | tests\MobilniPlatby\CallbackDispatcherTest.phpt ["testFailedDispatcher"]

-- OK: MobilniPlatby | tests\MobilniPlatby\CallbackDispatcherTest.phpt ["testSmsCallback"]

-- OK: MobilniPlatby | tests\MobilniPlatby\CallbackDispatcherTest.phpt ["testConfirmCallback"]

-- OK: MobilniPlatby | tests\MobilniPlatby\DummyDispatcherTest.phpt ["testConstructor1"]

OK (14 tests)PHP 5.5.11 | "php-cgi"  | 40 threads

-- OK: MobilniPlatby\Request | MobilniPlatby\Request\ConfirmRequestTest.phpt ["testConstructor"]

-- OK: MobilniPlatby\Request | MobilniPlatby\Request\ConfirmRequestTest.phpt ["testBadConstructor"]

-- OK: MobilniPlatby\Request | MobilniPlatby\Request\ConfirmRequestTest.phpt ["testType"]

-- OK: MobilniPlatby\Request | MobilniPlatby\Request\RequestFactoryTest.phpt ["testFailedCreate"]

-- OK: MobilniPlatby\Request | MobilniPlatby\Request\SmsRequestTest.phpt ["testConstructor"]

-- OK: MobilniPlatby\Request | MobilniPlatby\Request\SmsRequestTest.phpt ["testBadConstructor"]

-- OK: MobilniPlatby\Request | MobilniPlatby\Request\SmsRequestTest.phpt ["testType"]

-- OK: MobilniPlatby\Response | MobilniPlatby\Response\ConfirmResponseTest.phpt ["testSendCode"]

-- OK: MobilniPlatby\Response | MobilniPlatby\Response\ResponseTest.phpt ["testConstructor1"]

-- OK: MobilniPlatby\Response | MobilniPlatby\Response\ResponseTest.phpt ["testConstructor2"]

-- OK: MobilniPlatby | tests\MobilniPlatby\CallbackDispatcherTest.phpt ["testFailedDispatcher"]

-- OK: MobilniPlatby | tests\MobilniPlatby\CallbackDispatcherTest.phpt ["testSmsCallback"]

-- FAILED: MobilniPlatby | tests\MobilniPlatby\CallbackDispatcherTest.phpt ["testConfirmCallback"]
   Exited with error code 255 (expected 0)
   MobilniPlatby\DispatcherException: Dispatcher: Info callback is not defined.
   
   in src\MobilniPlatby\CallbackDispatcher.php(48) 
   in tests\MobilniPlatby\CallbackDispatcherTest.phpt(82) MobilniPlatby\CallbackDispatcher->dispatch()
   in [internal function]CallbackDispatcherTest->testConfirmCallback()
   in Tester\Framework\TestCase.php(120) call_user_func_array()
   in Tester\Framework\TestCase.php(103) Tester\TestCase->runTest()
   in Tester\Framework\TestCase.php(49) Tester\TestCase->runMethod()
   in tests\MobilniPlatby\CallbackDispatcherTest.phpt(89) Tester\TestCase->run()

-- OK: MobilniPlatby | tests\MobilniPlatby\DummyDispatcherTest.phpt ["testConstructor1"]

FAILURES! (14 tests, 1 failures)PHP 5.5.11 | "php-cgi"  | 40 threads

-- OK: MobilniPlatby\Request | MobilniPlatby\Request\ConfirmRequestTest.phpt ["testConstructor"]

-- OK: MobilniPlatby\Request | MobilniPlatby\Request\ConfirmRequestTest.phpt ["testBadConstructor"]

-- OK: MobilniPlatby\Request | MobilniPlatby\Request\ConfirmRequestTest.phpt ["testType"]

-- OK: MobilniPlatby\Request | MobilniPlatby\Request\RequestFactoryTest.phpt ["testFailedCreate"]

-- OK: MobilniPlatby\Request | MobilniPlatby\Request\SmsRequestTest.phpt ["testConstructor"]

-- OK: MobilniPlatby\Request | MobilniPlatby\Request\SmsRequestTest.phpt ["testBadConstructor"]

-- OK: MobilniPlatby\Request | MobilniPlatby\Request\SmsRequestTest.phpt ["testType"]

-- OK: MobilniPlatby\Response | MobilniPlatby\Response\ConfirmResponseTest.phpt ["testSendCode"]

-- OK: MobilniPlatby\Response | MobilniPlatby\Response\ResponseTest.phpt ["testConstructor1"]

-- OK: MobilniPlatby\Response | MobilniPlatby\Response\ResponseTest.phpt ["testConstructor2"]

-- OK: MobilniPlatby | tests\MobilniPlatby\CallbackDispatcherTest.phpt ["testFailedDispatcher"]

-- OK: MobilniPlatby | tests\MobilniPlatby\CallbackDispatcherTest.phpt ["testSmsCallback"]

-- FAILED: MobilniPlatby | tests\MobilniPlatby\CallbackDispatcherTest.phpt ["testConfirmCallback"]
   Exited with error code 255 (expected 0)
   MobilniPlatby\DispatcherException: Dispatcher: Info callback is not defined.
   
   in src\MobilniPlatby\CallbackDispatcher.php(48) 
   in tests\MobilniPlatby\CallbackDispatcherTest.phpt(82) MobilniPlatby\CallbackDispatcher->dispatch()
   in [internal function]CallbackDispatcherTest->testConfirmCallback()
   in Tester\Framework\TestCase.php(120) call_user_func_array()
   in Tester\Framework\TestCase.php(103) Tester\TestCase->runTest()
   in Tester\Framework\TestCase.php(49) Tester\TestCase->runMethod()
   in tests\MobilniPlatby\CallbackDispatcherTest.phpt(89) Tester\TestCase->run()

-- OK: MobilniPlatby | tests\MobilniPlatby\DummyDispatcherTest.phpt ["testConstructor1"]

FAILURES! (14 tests, 1 failures)PHP 5.5.11 | "php-cgi"  | 40 threads

-- OK: MobilniPlatby\Request | MobilniPlatby\Request\ConfirmRequestTest.phpt ["testConstructor"]

-- OK: MobilniPlatby\Request | MobilniPlatby\Request\ConfirmRequestTest.phpt ["testBadConstructor"]

-- OK: MobilniPlatby\Request | MobilniPlatby\Request\ConfirmRequestTest.phpt ["testType"]

-- OK: MobilniPlatby\Request | MobilniPlatby\Request\RequestFactoryTest.phpt ["testFailedCreate"]

-- OK: MobilniPlatby\Request | MobilniPlatby\Request\SmsRequestTest.phpt ["testConstructor"]

-- OK: MobilniPlatby\Request | MobilniPlatby\Request\SmsRequestTest.phpt ["testBadConstructor"]

-- OK: MobilniPlatby\Request | MobilniPlatby\Request\SmsRequestTest.phpt ["testType"]

-- OK: MobilniPlatby\Response | MobilniPlatby\Response\ConfirmResponseTest.phpt ["testSendCode"]

-- OK: MobilniPlatby\Response | MobilniPlatby\Response\ResponseTest.phpt ["testConstructor1"]

-- OK: MobilniPlatby\Response | MobilniPlatby\Response\ResponseTest.phpt ["testConstructor2"]

-- OK: MobilniPlatby | tests\MobilniPlatby\CallbackDispatcherTest.phpt ["testFailedDispatcher"]

-- OK: MobilniPlatby | tests\MobilniPlatby\CallbackDispatcherTest.phpt ["testSmsCallback"]

-- FAILED: MobilniPlatby | tests\MobilniPlatby\CallbackDispatcherTest.phpt ["testConfirmCallback"]
   Exited with error code 255 (expected 0)
   MobilniPlatby\DispatcherException: Dispatcher: Info callback is not defined.
   
   in src\MobilniPlatby\CallbackDispatcher.php(48) 
   in tests\MobilniPlatby\CallbackDispatcherTest.phpt(83) MobilniPlatby\CallbackDispatcher->dispatch()
   in [internal function]CallbackDispatcherTest->testConfirmCallback()
   in Tester\Framework\TestCase.php(120) call_user_func_array()
   in Tester\Framework\TestCase.php(103) Tester\TestCase->runTest()
   in Tester\Framework\TestCase.php(49) Tester\TestCase->runMethod()
   in tests\MobilniPlatby\CallbackDispatcherTest.phpt(90) Tester\TestCase->run()

-- OK: MobilniPlatby | tests\MobilniPlatby\DummyDispatcherTest.phpt ["testConstructor1"]

FAILURES! (14 tests, 1 failures)PHP 5.5.11 | "php-cgi"  | 40 threads

-- OK: MobilniPlatby\Request | MobilniPlatby\Request\ConfirmRequestTest.phpt ["testConstructor"]

-- OK: MobilniPlatby\Request | MobilniPlatby\Request\ConfirmRequestTest.phpt ["testBadConstructor"]

-- OK: MobilniPlatby\Request | MobilniPlatby\Request\ConfirmRequestTest.phpt ["testType"]

-- OK: MobilniPlatby\Request | MobilniPlatby\Request\RequestFactoryTest.phpt ["testFailedCreate"]

-- OK: MobilniPlatby\Request | MobilniPlatby\Request\SmsRequestTest.phpt ["testConstructor"]

-- OK: MobilniPlatby\Request | MobilniPlatby\Request\SmsRequestTest.phpt ["testBadConstructor"]

-- OK: MobilniPlatby\Request | MobilniPlatby\Request\SmsRequestTest.phpt ["testType"]

-- OK: MobilniPlatby\Response | MobilniPlatby\Response\ConfirmResponseTest.phpt ["testSendCode"]

-- OK: MobilniPlatby\Response | MobilniPlatby\Response\ResponseTest.phpt ["testConstructor1"]

-- OK: MobilniPlatby\Response | MobilniPlatby\Response\ResponseTest.phpt ["testConstructor2"]

-- OK: MobilniPlatby | tests\MobilniPlatby\CallbackDispatcherTest.phpt ["testFailedDispatcher"]

-- OK: MobilniPlatby | tests\MobilniPlatby\CallbackDispatcherTest.phpt ["testSmsCallback"]

-- FAILED: MobilniPlatby | tests\MobilniPlatby\CallbackDispatcherTest.phpt ["testConfirmCallback"]
   Exited with error code 255 (expected 0)
   MobilniPlatby\DispatcherException: Dispatcher: Info callback is not defined.
   
   in src\MobilniPlatby\CallbackDispatcher.php(48) 
   in tests\MobilniPlatby\CallbackDispatcherTest.phpt(82) MobilniPlatby\CallbackDispatcher->dispatch()
   in [internal function]CallbackDispatcherTest->testConfirmCallback()
   in Tester\Framework\TestCase.php(120) call_user_func_array()
   in Tester\Framework\TestCase.php(103) Tester\TestCase->runTest()
   in Tester\Framework\TestCase.php(49) Tester\TestCase->runMethod()
   in tests\MobilniPlatby\CallbackDispatcherTest.phpt(89) Tester\TestCase->run()

-- OK: MobilniPlatby | tests\MobilniPlatby\DummyDispatcherTest.phpt ["testConstructor1"]

FAILURES! (14 tests, 1 failures)PHP 5.5.11 | "php-cgi"  | 40 threads

-- OK: MobilniPlatby\Request | MobilniPlatby\Request\ConfirmRequestTest.phpt ["testConstructor"]

-- OK: MobilniPlatby\Request | MobilniPlatby\Request\ConfirmRequestTest.phpt ["testBadConstructor"]

-- OK: MobilniPlatby\Request | MobilniPlatby\Request\ConfirmRequestTest.phpt ["testType"]

-- OK: MobilniPlatby\Request | MobilniPlatby\Request\RequestFactoryTest.phpt ["testFailedCreate"]

-- OK: MobilniPlatby\Request | MobilniPlatby\Request\SmsRequestTest.phpt ["testConstructor"]

-- OK: MobilniPlatby\Request | MobilniPlatby\Request\SmsRequestTest.phpt ["testBadConstructor"]

-- OK: MobilniPlatby\Request | MobilniPlatby\Request\SmsRequestTest.phpt ["testType"]

-- OK: MobilniPlatby\Response | MobilniPlatby\Response\ConfirmResponseTest.phpt ["testSendCode"]

-- OK: MobilniPlatby\Response | MobilniPlatby\Response\ResponseTest.phpt ["testConstructor1"]

-- OK: MobilniPlatby\Response | MobilniPlatby\Response\ResponseTest.phpt ["testConstructor2"]

-- OK: MobilniPlatby | tests\MobilniPlatby\CallbackDispatcherTest.phpt ["testFailedDispatcher"]

-- OK: MobilniPlatby | tests\MobilniPlatby\CallbackDispatcherTest.phpt ["testSmsCallback"]

-- FAILED: MobilniPlatby | tests\MobilniPlatby\CallbackDispatcherTest.phpt ["testConfirmCallback"]
   Exited with error code 255 (expected 0)
   MobilniPlatby\DispatcherException: Dispatcher: Info callback is not defined.
   
   in src\MobilniPlatby\CallbackDispatcher.php(48) 
   in tests\MobilniPlatby\CallbackDispatcherTest.phpt(82) MobilniPlatby\CallbackDispatcher->dispatch()
   in [internal function]CallbackDispatcherTest->testConfirmCallback()
   in Tester\Framework\TestCase.php(120) call_user_func_array()
   in Tester\Framework\TestCase.php(103) Tester\TestCase->runTest()
   in Tester\Framework\TestCase.php(49) Tester\TestCase->runMethod()
   in tests\MobilniPlatby\CallbackDispatcherTest.phpt(89) Tester\TestCase->run()

-- OK: MobilniPlatby | tests\MobilniPlatby\DummyDispatcherTest.phpt ["testConstructor1"]

FAILURES! (14 tests, 1 failures)PHP 5.5.11 | "php-cgi"  | 40 threads

-- OK: MobilniPlatby\Request | MobilniPlatby\Request\ConfirmRequestTest.phpt ["testConstructor"]

-- OK: MobilniPlatby\Request | MobilniPlatby\Request\ConfirmRequestTest.phpt ["testBadConstructor"]

-- OK: MobilniPlatby\Request | MobilniPlatby\Request\ConfirmRequestTest.phpt ["testType"]

-- OK: MobilniPlatby\Request | MobilniPlatby\Request\RequestFactoryTest.phpt ["testFailedCreate"]

-- OK: MobilniPlatby\Request | MobilniPlatby\Request\SmsRequestTest.phpt ["testConstructor"]

-- OK: MobilniPlatby\Request | MobilniPlatby\Request\SmsRequestTest.phpt ["testBadConstructor"]

-- OK: MobilniPlatby\Request | MobilniPlatby\Request\SmsRequestTest.phpt ["testType"]

-- OK: MobilniPlatby\Response | MobilniPlatby\Response\ConfirmResponseTest.phpt ["testSendCode"]

-- OK: MobilniPlatby\Response | MobilniPlatby\Response\ResponseTest.phpt ["testConstructor1"]

-- OK: MobilniPlatby\Response | MobilniPlatby\Response\ResponseTest.phpt ["testConstructor2"]

-- OK: MobilniPlatby | tests\MobilniPlatby\CallbackDispatcherTest.phpt ["testFailedDispatcher"]

-- OK: MobilniPlatby | tests\MobilniPlatby\CallbackDispatcherTest.phpt ["testSmsCallback"]

-- OK: MobilniPlatby | tests\MobilniPlatby\CallbackDispatcherTest.phpt ["testConfirmCallback"]

-- OK: MobilniPlatby | tests\MobilniPlatby\DummyDispatcherTest.phpt ["testConstructor1"]

OK (14 tests)PHP 5.5.11 | "php-cgi"  | 40 threads

-- OK: MobilniPlatby\Request | MobilniPlatby\Request\ConfirmRequestTest.phpt ["testConstructor"]

-- OK: MobilniPlatby\Request | MobilniPlatby\Request\ConfirmRequestTest.phpt ["testBadConstructor"]

-- OK: MobilniPlatby\Request | MobilniPlatby\Request\ConfirmRequestTest.phpt ["testType"]

-- OK: MobilniPlatby\Request | MobilniPlatby\Request\RequestFactoryTest.phpt ["testFailedCreate"]

-- OK: MobilniPlatby\Request | MobilniPlatby\Request\SmsRequestTest.phpt ["testConstructor"]

-- OK: MobilniPlatby\Request | MobilniPlatby\Request\SmsRequestTest.phpt ["testBadConstructor"]

-- OK: MobilniPlatby\Request | MobilniPlatby\Request\SmsRequestTest.phpt ["testType"]

-- OK: MobilniPlatby\Response | MobilniPlatby\Response\ConfirmResponseTest.phpt ["testSendCode"]

-- OK: MobilniPlatby\Response | MobilniPlatby\Response\ResponseTest.phpt ["testConstructor1"]

-- OK: MobilniPlatby\Response | MobilniPlatby\Response\ResponseTest.phpt ["testConstructor2"]

-- OK: MobilniPlatby | tests\MobilniPlatby\CallbackDispatcherTest.phpt ["testFailedDispatcher"]

-- OK: MobilniPlatby | tests\MobilniPlatby\CallbackDispatcherTest.phpt ["testFailedDispatcher1"]

-- OK: MobilniPlatby | tests\MobilniPlatby\CallbackDispatcherTest.phpt ["testSmsCallback"]

-- OK: MobilniPlatby | tests\MobilniPlatby\CallbackDispatcherTest.phpt ["testConfirmCallback"]

-- OK: MobilniPlatby | tests\MobilniPlatby\DummyDispatcherTest.phpt ["testConstructor1"]

OK (15 tests)PHP 5.5.11 | "php-cgi"  | 40 threads

-- OK: MobilniPlatby\Request | MobilniPlatby\Request\ConfirmRequestTest.phpt ["testConstructor"]

-- OK: MobilniPlatby\Request | MobilniPlatby\Request\ConfirmRequestTest.phpt ["testBadConstructor"]

-- OK: MobilniPlatby\Request | MobilniPlatby\Request\ConfirmRequestTest.phpt ["testType"]

-- OK: MobilniPlatby\Request | MobilniPlatby\Request\RequestFactoryTest.phpt ["testFailedCreate"]

-- OK: MobilniPlatby\Request | MobilniPlatby\Request\SmsRequestTest.phpt ["testConstructor"]

-- OK: MobilniPlatby\Request | MobilniPlatby\Request\SmsRequestTest.phpt ["testBadConstructor"]

-- OK: MobilniPlatby\Request | MobilniPlatby\Request\SmsRequestTest.phpt ["testType"]

-- OK: MobilniPlatby\Response | MobilniPlatby\Response\ConfirmResponseTest.phpt ["testSendCode"]

-- OK: MobilniPlatby\Response | MobilniPlatby\Response\ResponseTest.phpt ["testConstructor1"]

-- OK: MobilniPlatby\Response | MobilniPlatby\Response\ResponseTest.phpt ["testConstructor2"]

-- OK: MobilniPlatby | tests\MobilniPlatby\CallbackDispatcherTest.phpt ["testFailedDispatcher1"]

-- OK: MobilniPlatby | tests\MobilniPlatby\CallbackDispatcherTest.phpt ["testFailedDispatcher2"]

-- OK: MobilniPlatby | tests\MobilniPlatby\CallbackDispatcherTest.phpt ["testSmsCallback"]

-- OK: MobilniPlatby | tests\MobilniPlatby\CallbackDispatcherTest.phpt ["testConfirmCallback"]

-- OK: MobilniPlatby | tests\MobilniPlatby\DummyDispatcherTest.phpt ["testConstructor1"]

OK (15 tests)PHP 5.5.11 | "php-cgi"  | 40 threads

-- OK: MobilniPlatby\Request | MobilniPlatby\Request\ConfirmRequestTest.phpt ["testConstructor"]

-- OK: MobilniPlatby\Request | MobilniPlatby\Request\ConfirmRequestTest.phpt ["testBadConstructor"]

-- OK: MobilniPlatby\Request | MobilniPlatby\Request\ConfirmRequestTest.phpt ["testType"]

-- OK: MobilniPlatby\Request | MobilniPlatby\Request\RequestFactoryTest.phpt ["testFailedCreate"]

-- OK: MobilniPlatby\Request | MobilniPlatby\Request\SmsRequestTest.phpt ["testConstructor"]

-- OK: MobilniPlatby\Request | MobilniPlatby\Request\SmsRequestTest.phpt ["testBadConstructor"]

-- OK: MobilniPlatby\Request | MobilniPlatby\Request\SmsRequestTest.phpt ["testType"]

-- OK: MobilniPlatby\Response | MobilniPlatby\Response\ConfirmResponseTest.phpt ["testSendCode"]

-- OK: MobilniPlatby\Response | MobilniPlatby\Response\ResponseTest.phpt ["testConstructor1"]

-- OK: MobilniPlatby\Response | MobilniPlatby\Response\ResponseTest.phpt ["testConstructor2"]

-- OK: MobilniPlatby | tests\MobilniPlatby\CallbackDispatcherTest.phpt ["testFailedDispatcher1"]

-- OK: MobilniPlatby | tests\MobilniPlatby\CallbackDispatcherTest.phpt ["testFailedDispatcher2"]

-- OK: MobilniPlatby | tests\MobilniPlatby\CallbackDispatcherTest.phpt ["testFailedDispatcher3"]

-- OK: MobilniPlatby | tests\MobilniPlatby\CallbackDispatcherTest.phpt ["testSmsCallback"]

-- OK: MobilniPlatby | tests\MobilniPlatby\CallbackDispatcherTest.phpt ["testConfirmCallback"]

-- OK: MobilniPlatby | tests\MobilniPlatby\DummyDispatcherTest.phpt ["testConstructor1"]

OK (16 tests)PHP 5.5.11 | "php-cgi"  | 40 threads

-- FAILED: MobilniPlatby | tests\MobilniPlatby\DummyDispatcherTest.phpt
   Fatal error: Class 'DummyDispatcherTest' not found in D:\Localhost\MobilniPlatby\tests\MobilniPlatby\DummyDispatcherTest.phpt on line 113

-- OK: MobilniPlatby\Request | MobilniPlatby\Request\ConfirmRequestTest.phpt ["testConstructor"]

-- OK: MobilniPlatby\Request | MobilniPlatby\Request\ConfirmRequestTest.phpt ["testBadConstructor"]

-- OK: MobilniPlatby\Request | MobilniPlatby\Request\ConfirmRequestTest.phpt ["testType"]

-- OK: MobilniPlatby\Request | MobilniPlatby\Request\RequestFactoryTest.phpt ["testFailedCreate"]

-- OK: MobilniPlatby\Request | MobilniPlatby\Request\SmsRequestTest.phpt ["testConstructor"]

-- OK: MobilniPlatby\Request | MobilniPlatby\Request\SmsRequestTest.phpt ["testBadConstructor"]

-- OK: MobilniPlatby\Request | MobilniPlatby\Request\SmsRequestTest.phpt ["testType"]

-- OK: MobilniPlatby\Response | MobilniPlatby\Response\ConfirmResponseTest.phpt ["testSendCode"]

-- OK: MobilniPlatby\Response | MobilniPlatby\Response\ResponseTest.phpt ["testConstructor1"]

-- OK: MobilniPlatby\Response | MobilniPlatby\Response\ResponseTest.phpt ["testConstructor2"]

-- OK: MobilniPlatby | tests\MobilniPlatby\CallbackDispatcherTest.phpt ["testFailedDispatcher1"]

-- OK: MobilniPlatby | tests\MobilniPlatby\CallbackDispatcherTest.phpt ["testFailedDispatcher2"]

-- OK: MobilniPlatby | tests\MobilniPlatby\CallbackDispatcherTest.phpt ["testFailedDispatcher3"]

-- OK: MobilniPlatby | tests\MobilniPlatby\CallbackDispatcherTest.phpt ["testSmsCallback"]

-- OK: MobilniPlatby | tests\MobilniPlatby\CallbackDispatcherTest.phpt ["testConfirmCallback"]

FAILURES! (16 tests, 1 failures)PHP 5.5.11 | "php-cgi"  | 40 threads

-- OK: MobilniPlatby\Request | MobilniPlatby\Request\ConfirmRequestTest.phpt ["testConstructor"]

-- OK: MobilniPlatby\Request | MobilniPlatby\Request\ConfirmRequestTest.phpt ["testBadConstructor"]

-- OK: MobilniPlatby\Request | MobilniPlatby\Request\ConfirmRequestTest.phpt ["testType"]

-- OK: MobilniPlatby\Request | MobilniPlatby\Request\RequestFactoryTest.phpt ["testFailedCreate"]

-- OK: MobilniPlatby\Request | MobilniPlatby\Request\SmsRequestTest.phpt ["testConstructor"]

-- OK: MobilniPlatby\Request | MobilniPlatby\Request\SmsRequestTest.phpt ["testBadConstructor"]

-- OK: MobilniPlatby\Request | MobilniPlatby\Request\SmsRequestTest.phpt ["testType"]

-- OK: MobilniPlatby\Response | MobilniPlatby\Response\ConfirmResponseTest.phpt ["testSendCode"]

-- OK: MobilniPlatby\Response | MobilniPlatby\Response\ResponseTest.phpt ["testConstructor1"]

-- OK: MobilniPlatby\Response | MobilniPlatby\Response\ResponseTest.phpt ["testConstructor2"]

-- OK: MobilniPlatby | tests\MobilniPlatby\CallbackDispatcherTest.phpt ["testFailedDispatcher1"]

-- OK: MobilniPlatby | tests\MobilniPlatby\CallbackDispatcherTest.phpt ["testFailedDispatcher2"]

-- OK: MobilniPlatby | tests\MobilniPlatby\CallbackDispatcherTest.phpt ["testFailedDispatcher3"]

-- OK: MobilniPlatby | tests\MobilniPlatby\CallbackDispatcherTest.phpt ["testSmsCallback"]

-- OK: MobilniPlatby | tests\MobilniPlatby\CallbackDispatcherTest.phpt ["testConfirmCallback"]

-- OK: MobilniPlatby | tests\MobilniPlatby\DummyDispatcherTest.phpt ["testFailedDispatcher1"]

-- OK: MobilniPlatby | tests\MobilniPlatby\DummyDispatcherTest.phpt ["testFailedDispatcher2"]

-- OK: MobilniPlatby | tests\MobilniPlatby\DummyDispatcherTest.phpt ["testFailedDispatcher3"]

-- OK: MobilniPlatby | tests\MobilniPlatby\DummyDispatcherTest.phpt ["testSmsCallback"]

-- OK: MobilniPlatby | tests\MobilniPlatby\DummyDispatcherTest.phpt ["testConfirmCallback"]

OK (20 tests)PHP 5.5.11 | "php-cgi"  | 40 threads

-- OK: MobilniPlatby\Request | MobilniPlatby\Request\ConfirmRequestTest.phpt ["testConstructor"]

-- OK: MobilniPlatby\Request | MobilniPlatby\Request\ConfirmRequestTest.phpt ["testBadConstructor"]

-- OK: MobilniPlatby\Request | MobilniPlatby\Request\ConfirmRequestTest.phpt ["testType"]

-- OK: MobilniPlatby\Request | MobilniPlatby\Request\RequestFactoryTest.phpt ["testFailedCreate"]

-- OK: MobilniPlatby\Request | MobilniPlatby\Request\SmsRequestTest.phpt ["testConstructor"]

-- OK: MobilniPlatby\Request | MobilniPlatby\Request\SmsRequestTest.phpt ["testBadConstructor"]

-- OK: MobilniPlatby\Request | MobilniPlatby\Request\SmsRequestTest.phpt ["testType"]

-- OK: MobilniPlatby\Response | MobilniPlatby\Response\ConfirmResponseTest.phpt ["testSendCode"]

-- OK: MobilniPlatby\Response | MobilniPlatby\Response\ResponseTest.phpt ["testConstructor1"]

-- OK: MobilniPlatby\Response | MobilniPlatby\Response\ResponseTest.phpt ["testConstructor2"]

-- OK: MobilniPlatby | tests\MobilniPlatby\CallbackDispatcherTest.phpt ["testFailedDispatcher1"]

-- OK: MobilniPlatby | tests\MobilniPlatby\CallbackDispatcherTest.phpt ["testFailedDispatcher2"]

-- OK: MobilniPlatby | tests\MobilniPlatby\CallbackDispatcherTest.phpt ["testFailedDispatcher3"]

-- OK: MobilniPlatby | tests\MobilniPlatby\CallbackDispatcherTest.phpt ["testSmsCallback"]

-- OK: MobilniPlatby | tests\MobilniPlatby\CallbackDispatcherTest.phpt ["testConfirmCallback"]

-- OK: MobilniPlatby | tests\MobilniPlatby\DummyDispatcherTest.phpt ["testDispatcher"]

OK (16 tests)PHP 5.5.11 | "php-cgi"  | 40 threads

-- FAILED: MobilniPlatby | tests\MobilniPlatby\DummyDispatcherTest.phpt
   Fatal error: Interface 'Dispatcher' not found in D:\Localhost\MobilniPlatby\tests\MobilniPlatby\DummyDispatcherTest.phpt on line 62

-- OK: MobilniPlatby\Request | MobilniPlatby\Request\ConfirmRequestTest.phpt ["testConstructor"]

-- OK: MobilniPlatby\Request | MobilniPlatby\Request\ConfirmRequestTest.phpt ["testBadConstructor"]

-- OK: MobilniPlatby\Request | MobilniPlatby\Request\ConfirmRequestTest.phpt ["testType"]

-- OK: MobilniPlatby\Request | MobilniPlatby\Request\RequestFactoryTest.phpt ["testFailedCreate"]

-- OK: MobilniPlatby\Request | MobilniPlatby\Request\SmsRequestTest.phpt ["testConstructor"]

-- OK: MobilniPlatby\Request | MobilniPlatby\Request\SmsRequestTest.phpt ["testBadConstructor"]

-- OK: MobilniPlatby\Request | MobilniPlatby\Request\SmsRequestTest.phpt ["testType"]

-- OK: MobilniPlatby\Response | MobilniPlatby\Response\ConfirmResponseTest.phpt ["testSendCode"]

-- OK: MobilniPlatby\Response | MobilniPlatby\Response\ResponseTest.phpt ["testConstructor1"]

-- OK: MobilniPlatby\Response | MobilniPlatby\Response\ResponseTest.phpt ["testConstructor2"]

-- OK: MobilniPlatby | tests\MobilniPlatby\CallbackDispatcherTest.phpt ["testFailedDispatcher1"]

-- OK: MobilniPlatby | tests\MobilniPlatby\CallbackDispatcherTest.phpt ["testFailedDispatcher2"]

-- OK: MobilniPlatby | tests\MobilniPlatby\CallbackDispatcherTest.phpt ["testFailedDispatcher3"]

-- OK: MobilniPlatby | tests\MobilniPlatby\CallbackDispatcherTest.phpt ["testSmsCallback"]

-- OK: MobilniPlatby | tests\MobilniPlatby\CallbackDispatcherTest.phpt ["testConfirmCallback"]

FAILURES! (16 tests, 1 failures)PHP 5.5.11 | "php-cgi"  | 40 threads

-- OK: MobilniPlatby\Request | MobilniPlatby\Request\ConfirmRequestTest.phpt ["testConstructor"]

-- OK: MobilniPlatby\Request | MobilniPlatby\Request\ConfirmRequestTest.phpt ["testBadConstructor"]

-- OK: MobilniPlatby\Request | MobilniPlatby\Request\ConfirmRequestTest.phpt ["testType"]

-- OK: MobilniPlatby\Request | MobilniPlatby\Request\RequestFactoryTest.phpt ["testFailedCreate"]

-- OK: MobilniPlatby\Request | MobilniPlatby\Request\SmsRequestTest.phpt ["testConstructor"]

-- OK: MobilniPlatby\Request | MobilniPlatby\Request\SmsRequestTest.phpt ["testBadConstructor"]

-- OK: MobilniPlatby\Request | MobilniPlatby\Request\SmsRequestTest.phpt ["testType"]

-- OK: MobilniPlatby\Response | MobilniPlatby\Response\ConfirmResponseTest.phpt ["testSendCode"]

-- OK: MobilniPlatby\Response | MobilniPlatby\Response\ResponseTest.phpt ["testConstructor1"]

-- OK: MobilniPlatby\Response | MobilniPlatby\Response\ResponseTest.phpt ["testConstructor2"]

-- OK: MobilniPlatby | tests\MobilniPlatby\CallbackDispatcherTest.phpt ["testFailedDispatcher1"]

-- OK: MobilniPlatby | tests\MobilniPlatby\CallbackDispatcherTest.phpt ["testFailedDispatcher2"]

-- OK: MobilniPlatby | tests\MobilniPlatby\CallbackDispatcherTest.phpt ["testFailedDispatcher3"]

-- OK: MobilniPlatby | tests\MobilniPlatby\CallbackDispatcherTest.phpt ["testSmsCallback"]

-- OK: MobilniPlatby | tests\MobilniPlatby\CallbackDispatcherTest.phpt ["testConfirmCallback"]

-- OK: MobilniPlatby | tests\MobilniPlatby\DummyDispatcherTest.phpt ["testDispatcher"]

OK (16 tests)PHP 5.5.11 | "php-cgi"  | 40 threads

-- OK: MobilniPlatby\Request | MobilniPlatby\Request\ConfirmRequestTest.phpt ["testConstructor"]

-- OK: MobilniPlatby\Request | MobilniPlatby\Request\ConfirmRequestTest.phpt ["testBadConstructor"]

-- OK: MobilniPlatby\Request | MobilniPlatby\Request\ConfirmRequestTest.phpt ["testType"]

-- OK: MobilniPlatby\Request | MobilniPlatby\Request\RequestFactoryTest.phpt ["testFailedCreate"]

-- OK: MobilniPlatby\Request | MobilniPlatby\Request\SmsRequestTest.phpt ["testConstructor"]

-- OK: MobilniPlatby\Request | MobilniPlatby\Request\SmsRequestTest.phpt ["testBadConstructor"]

-- OK: MobilniPlatby\Request | MobilniPlatby\Request\SmsRequestTest.phpt ["testType"]

-- OK: MobilniPlatby\Response | MobilniPlatby\Response\ConfirmResponseTest.phpt ["testSendCode"]

-- OK: MobilniPlatby\Response | MobilniPlatby\Response\ResponseTest.phpt ["testConstructor1"]

-- OK: MobilniPlatby\Response | MobilniPlatby\Response\ResponseTest.phpt ["testConstructor2"]

-- OK: MobilniPlatby | tests\MobilniPlatby\CallbackDispatcherTest.phpt ["testFailedDispatcher1"]

-- OK: MobilniPlatby | tests\MobilniPlatby\CallbackDispatcherTest.phpt ["testFailedDispatcher2"]

-- OK: MobilniPlatby | tests\MobilniPlatby\CallbackDispatcherTest.phpt ["testFailedDispatcher3"]

-- OK: MobilniPlatby | tests\MobilniPlatby\CallbackDispatcherTest.phpt ["testSmsCallback"]

-- OK: MobilniPlatby | tests\MobilniPlatby\CallbackDispatcherTest.phpt ["testConfirmCallback"]

-- OK: MobilniPlatby | tests\MobilniPlatby\DummyDispatcherTest.phpt ["testDispatcher"]

OK (16 tests)PHP 5.5.11 | "php-cgi"  | 40 threads

-- OK: MobilniPlatby\Request | MobilniPlatby\Request\ConfirmRequestTest.phpt ["testConstructor"]

-- OK: MobilniPlatby\Request | MobilniPlatby\Request\ConfirmRequestTest.phpt ["testBadConstructor"]

-- OK: MobilniPlatby\Request | MobilniPlatby\Request\ConfirmRequestTest.phpt ["testType"]

-- OK: MobilniPlatby\Request | MobilniPlatby\Request\RequestFactoryTest.phpt ["testFailedCreate"]

-- OK: MobilniPlatby\Request | MobilniPlatby\Request\SmsRequestTest.phpt ["testConstructor"]

-- OK: MobilniPlatby\Request | MobilniPlatby\Request\SmsRequestTest.phpt ["testBadConstructor"]

-- OK: MobilniPlatby\Request | MobilniPlatby\Request\SmsRequestTest.phpt ["testType"]

-- OK: MobilniPlatby\Response | MobilniPlatby\Response\ConfirmResponseTest.phpt ["testSendCode"]

-- OK: MobilniPlatby\Response | MobilniPlatby\Response\ResponseTest.phpt ["testConstructor1"]

-- OK: MobilniPlatby\Response | MobilniPlatby\Response\ResponseTest.phpt ["testConstructor2"]

-- OK: MobilniPlatby | tests\MobilniPlatby\CallbackDispatcherTest.phpt ["testFailedDispatcher1"]

-- OK: MobilniPlatby | tests\MobilniPlatby\CallbackDispatcherTest.phpt ["testFailedDispatcher2"]

-- OK: MobilniPlatby | tests\MobilniPlatby\CallbackDispatcherTest.phpt ["testFailedDispatcher3"]

-- OK: MobilniPlatby | tests\MobilniPlatby\CallbackDispatcherTest.phpt ["testSmsCallback"]

-- OK: MobilniPlatby | tests\MobilniPlatby\CallbackDispatcherTest.phpt ["testConfirmCallback"]

-- OK: MobilniPlatby | tests\MobilniPlatby\DummyDispatcherTest.phpt ["testDispatcher"]

OK (16 tests)PHP 5.5.11 | "php-cgi"  | 40 threads

-- OK: MobilniPlatby\Request | MobilniPlatby\Request\ConfirmRequestTest.phpt ["testConstructor"]

-- OK: MobilniPlatby\Request | MobilniPlatby\Request\ConfirmRequestTest.phpt ["testBadConstructor"]

-- OK: MobilniPlatby\Request | MobilniPlatby\Request\ConfirmRequestTest.phpt ["testType"]

-- OK: MobilniPlatby\Request | MobilniPlatby\Request\RequestFactoryTest.phpt ["testFailedCreate"]

-- OK: MobilniPlatby\Request | MobilniPlatby\Request\SmsRequestTest.phpt ["testConstructor"]

-- OK: MobilniPlatby\Request | MobilniPlatby\Request\SmsRequestTest.phpt ["testBadConstructor"]

-- OK: MobilniPlatby\Request | MobilniPlatby\Request\SmsRequestTest.phpt ["testType"]

-- OK: MobilniPlatby\Response | MobilniPlatby\Response\ConfirmResponseTest.phpt ["testSendCode"]

-- OK: MobilniPlatby\Response | MobilniPlatby\Response\ResponseTest.phpt ["testConstructor1"]

-- OK: MobilniPlatby\Response | MobilniPlatby\Response\ResponseTest.phpt ["testConstructor2"]

-- OK: MobilniPlatby | tests\MobilniPlatby\CallbackDispatcherTest.phpt ["testFailedDispatcher1"]

-- OK: MobilniPlatby | tests\MobilniPlatby\CallbackDispatcherTest.phpt ["testFailedDispatcher2"]

-- OK: MobilniPlatby | tests\MobilniPlatby\CallbackDispatcherTest.phpt ["testFailedDispatcher3"]

-- OK: MobilniPlatby | tests\MobilniPlatby\CallbackDispatcherTest.phpt ["testSmsCallback"]

-- OK: MobilniPlatby | tests\MobilniPlatby\CallbackDispatcherTest.phpt ["testConfirmCallback"]

-- OK: MobilniPlatby | tests\MobilniPlatby\DummyDispatcherTest.phpt ["testDispatcher"]

OK (16 tests)PHP 5.5.11 | "php-cgi"  | 40 threads

-- OK: MobilniPlatby\Request | MobilniPlatby\Request\ConfirmRequestTest.phpt ["testConstructor"]

-- OK: MobilniPlatby\Request | MobilniPlatby\Request\ConfirmRequestTest.phpt ["testBadConstructor"]

-- OK: MobilniPlatby\Request | MobilniPlatby\Request\ConfirmRequestTest.phpt ["testType"]

-- OK: MobilniPlatby\Request | MobilniPlatby\Request\RequestFactoryTest.phpt ["testFailedCreate"]

-- OK: MobilniPlatby\Request | MobilniPlatby\Request\SmsRequestTest.phpt ["testConstructor"]

-- OK: MobilniPlatby\Request | MobilniPlatby\Request\SmsRequestTest.phpt ["testBadConstructor"]

-- OK: MobilniPlatby\Request | MobilniPlatby\Request\SmsRequestTest.phpt ["testType"]

-- OK: MobilniPlatby\Response | MobilniPlatby\Response\ConfirmResponseTest.phpt ["testSendCode"]

-- OK: MobilniPlatby\Response | MobilniPlatby\Response\ResponseTest.phpt ["testConstructor1"]

-- OK: MobilniPlatby\Response | MobilniPlatby\Response\ResponseTest.phpt ["testConstructor2"]

-- OK: MobilniPlatby | tests\MobilniPlatby\CallbackDispatcherTest.phpt ["testFailedDispatcher1"]

-- OK: MobilniPlatby | tests\MobilniPlatby\CallbackDispatcherTest.phpt ["testFailedDispatcher2"]

-- OK: MobilniPlatby | tests\MobilniPlatby\CallbackDispatcherTest.phpt ["testFailedDispatcher3"]

-- OK: MobilniPlatby | tests\MobilniPlatby\CallbackDispatcherTest.phpt ["testSmsCallback"]

-- OK: MobilniPlatby | tests\MobilniPlatby\CallbackDispatcherTest.phpt ["testConfirmCallback"]

-- OK: MobilniPlatby | tests\MobilniPlatby\DummyDispatcherTest.phpt ["testDispatcher"]

OK (16 tests)PHP 5.5.11 | "php-cgi"  | 40 threads

-- OK: MobilniPlatby\Request | MobilniPlatby\Request\ConfirmRequestTest.phpt ["testConstructor"]

-- OK: MobilniPlatby\Request | MobilniPlatby\Request\ConfirmRequestTest.phpt ["testBadConstructor"]

-- OK: MobilniPlatby\Request | MobilniPlatby\Request\ConfirmRequestTest.phpt ["testType"]

-- OK: MobilniPlatby\Request | MobilniPlatby\Request\RequestFactoryTest.phpt ["testFailedCreate"]

-- OK: MobilniPlatby\Request | MobilniPlatby\Request\SmsRequestTest.phpt ["testConstructor"]

-- OK: MobilniPlatby\Request | MobilniPlatby\Request\SmsRequestTest.phpt ["testBadConstructor"]

-- OK: MobilniPlatby\Request | MobilniPlatby\Request\SmsRequestTest.phpt ["testType"]

-- OK: MobilniPlatby\Response | MobilniPlatby\Response\ConfirmResponseTest.phpt ["testSendCode"]

-- OK: MobilniPlatby\Response | MobilniPlatby\Response\ResponseTest.phpt ["testConstructor1"]

-- OK: MobilniPlatby\Response | MobilniPlatby\Response\ResponseTest.phpt ["testConstructor2"]

-- OK: MobilniPlatby | tests\MobilniPlatby\CallbackDispatcherTest.phpt ["testFailedDispatcher1"]

-- OK: MobilniPlatby | tests\MobilniPlatby\CallbackDispatcherTest.phpt ["testFailedDispatcher2"]

-- OK: MobilniPlatby | tests\MobilniPlatby\CallbackDispatcherTest.phpt ["testFailedDispatcher3"]

-- OK: MobilniPlatby | tests\MobilniPlatby\CallbackDispatcherTest.phpt ["testSmsCallback"]

-- OK: MobilniPlatby | tests\MobilniPlatby\CallbackDispatcherTest.phpt ["testConfirmCallback"]

-- FAILED: MobilniPlatby | tests\MobilniPlatby\DummyDispatcherTest.phpt ["testDispatcher"]
   Exited with error code 255 (expected 0)
   
   Fatal error: Call to undefined method MobilniPlatby\Response\Response::getCode() in D:\Localhost\MobilniPlatby\tests\MobilniPlatby\DummyDispatcherTest.phpt on line 55

FAILURES! (16 tests, 1 failures)PHP 5.5.11 | "php-cgi"  | 40 threads

-- OK: MobilniPlatby\Request | MobilniPlatby\Request\ConfirmRequestTest.phpt ["testConstructor"]

-- OK: MobilniPlatby\Request | MobilniPlatby\Request\ConfirmRequestTest.phpt ["testBadConstructor"]

-- OK: MobilniPlatby\Request | MobilniPlatby\Request\ConfirmRequestTest.phpt ["testType"]

-- OK: MobilniPlatby\Request | MobilniPlatby\Request\RequestFactoryTest.phpt ["testFailedCreate"]

-- OK: MobilniPlatby\Request | MobilniPlatby\Request\SmsRequestTest.phpt ["testConstructor"]

-- OK: MobilniPlatby\Request | MobilniPlatby\Request\SmsRequestTest.phpt ["testBadConstructor"]

-- OK: MobilniPlatby\Request | MobilniPlatby\Request\SmsRequestTest.phpt ["testType"]

-- OK: MobilniPlatby\Response | MobilniPlatby\Response\ConfirmResponseTest.phpt ["testSendCode"]

-- OK: MobilniPlatby\Response | MobilniPlatby\Response\ResponseTest.phpt ["testConstructor1"]

-- OK: MobilniPlatby\Response | MobilniPlatby\Response\ResponseTest.phpt ["testConstructor2"]

-- OK: MobilniPlatby | tests\MobilniPlatby\CallbackDispatcherTest.phpt ["testFailedDispatcher1"]

-- OK: MobilniPlatby | tests\MobilniPlatby\CallbackDispatcherTest.phpt ["testFailedDispatcher2"]

-- OK: MobilniPlatby | tests\MobilniPlatby\CallbackDispatcherTest.phpt ["testFailedDispatcher3"]

-- OK: MobilniPlatby | tests\MobilniPlatby\CallbackDispatcherTest.phpt ["testSmsCallback"]

-- OK: MobilniPlatby | tests\MobilniPlatby\CallbackDispatcherTest.phpt ["testConfirmCallback"]

-- OK: MobilniPlatby | tests\MobilniPlatby\DummyDispatcherTest.phpt ["testDispatcher"]

OK (16 tests)PHP 5.5.11 | "php-cgi"  | 40 threads

-- OK: MobilniPlatby\Request | MobilniPlatby\Request\ConfirmRequestTest.phpt ["testConstructor"]

-- OK: MobilniPlatby\Request | MobilniPlatby\Request\ConfirmRequestTest.phpt ["testBadConstructor"]

-- OK: MobilniPlatby\Request | MobilniPlatby\Request\ConfirmRequestTest.phpt ["testType"]

-- OK: MobilniPlatby\Request | MobilniPlatby\Request\RequestFactoryTest.phpt ["testFailedCreate"]

-- OK: MobilniPlatby\Request | MobilniPlatby\Request\SmsRequestTest.phpt ["testConstructor"]

-- OK: MobilniPlatby\Request | MobilniPlatby\Request\SmsRequestTest.phpt ["testBadConstructor"]

-- OK: MobilniPlatby\Request | MobilniPlatby\Request\SmsRequestTest.phpt ["testType"]

-- OK: MobilniPlatby\Response | MobilniPlatby\Response\ConfirmResponseTest.phpt ["testSendCode"]

-- OK: MobilniPlatby\Response | MobilniPlatby\Response\ResponseTest.phpt ["testConstructor1"]

-- OK: MobilniPlatby\Response | MobilniPlatby\Response\ResponseTest.phpt ["testConstructor2"]

-- OK: MobilniPlatby | tests\MobilniPlatby\CallbackDispatcherTest.phpt ["testFailedDispatcher1"]

-- OK: MobilniPlatby | tests\MobilniPlatby\CallbackDispatcherTest.phpt ["testFailedDispatcher2"]

-- OK: MobilniPlatby | tests\MobilniPlatby\CallbackDispatcherTest.phpt ["testFailedDispatcher3"]

-- OK: MobilniPlatby | tests\MobilniPlatby\CallbackDispatcherTest.phpt ["testSmsCallback"]

-- OK: MobilniPlatby | tests\MobilniPlatby\CallbackDispatcherTest.phpt ["testConfirmCallback"]

-- OK: MobilniPlatby | tests\MobilniPlatby\DummyDispatcherTest.phpt ["testDispatcher"]

OK (16 tests)PHP 5.5.11 | "php-cgi"  | 40 threads

-- OK: MobilniPlatby\Request | MobilniPlatby\Request\ConfirmRequestTest.phpt ["testConstructor"]

-- OK: MobilniPlatby\Request | MobilniPlatby\Request\ConfirmRequestTest.phpt ["testBadConstructor"]

-- OK: MobilniPlatby\Request | MobilniPlatby\Request\ConfirmRequestTest.phpt ["testType"]

-- OK: MobilniPlatby\Request | MobilniPlatby\Request\RequestFactoryTest.phpt ["testFailedCreate"]

-- OK: MobilniPlatby\Request | MobilniPlatby\Request\SmsRequestTest.phpt ["testConstructor"]

-- OK: MobilniPlatby\Request | MobilniPlatby\Request\SmsRequestTest.phpt ["testBadConstructor"]

-- OK: MobilniPlatby\Request | MobilniPlatby\Request\SmsRequestTest.phpt ["testType"]

-- OK: MobilniPlatby\Response | MobilniPlatby\Response\ConfirmResponseTest.phpt ["testSendCode"]

-- OK: MobilniPlatby\Response | MobilniPlatby\Response\ResponseTest.phpt ["testConstructor1"]

-- OK: MobilniPlatby\Response | MobilniPlatby\Response\ResponseTest.phpt ["testConstructor2"]

-- OK: MobilniPlatby | tests\MobilniPlatby\CallbackDispatcherTest.phpt ["testFailedDispatcher1"]

-- OK: MobilniPlatby | tests\MobilniPlatby\CallbackDispatcherTest.phpt ["testFailedDispatcher2"]

-- OK: MobilniPlatby | tests\MobilniPlatby\CallbackDispatcherTest.phpt ["testFailedDispatcher3"]

-- OK: MobilniPlatby | tests\MobilniPlatby\CallbackDispatcherTest.phpt ["testSmsCallback"]

-- OK: MobilniPlatby | tests\MobilniPlatby\CallbackDispatcherTest.phpt ["testConfirmCallback"]

-- OK: MobilniPlatby | tests\MobilniPlatby\DummyDispatcherTest.phpt ["testDispatcher1"]

-- OK: MobilniPlatby | tests\MobilniPlatby\DummyDispatcherTest.phpt ["testDispatcher2"]

OK (17 tests)PHP 5.5.11 | "php-cgi"  | 40 threads

-- OK: MobilniPlatby\Request | MobilniPlatby\Request\ConfirmRequestTest.phpt ["testConstructor"]

-- OK: MobilniPlatby\Request | MobilniPlatby\Request\ConfirmRequestTest.phpt ["testBadConstructor"]

-- OK: MobilniPlatby\Request | MobilniPlatby\Request\ConfirmRequestTest.phpt ["testType"]

-- OK: MobilniPlatby\Request | MobilniPlatby\Request\RequestFactoryTest.phpt ["testFailedCreate"]

-- OK: MobilniPlatby\Request | MobilniPlatby\Request\SmsRequestTest.phpt ["testConstructor"]

-- OK: MobilniPlatby\Request | MobilniPlatby\Request\SmsRequestTest.phpt ["testBadConstructor"]

-- OK: MobilniPlatby\Request | MobilniPlatby\Request\SmsRequestTest.phpt ["testType"]

-- OK: MobilniPlatby\Response | MobilniPlatby\Response\ConfirmResponseTest.phpt ["testSendCode"]

-- OK: MobilniPlatby\Response | MobilniPlatby\Response\ResponseTest.phpt ["testConstructor1"]

-- OK: MobilniPlatby\Response | MobilniPlatby\Response\ResponseTest.phpt ["testConstructor2"]

-- OK: MobilniPlatby | tests\MobilniPlatby\CallbackDispatcherTest.phpt ["testFailedDispatcher1"]

-- OK: MobilniPlatby | tests\MobilniPlatby\CallbackDispatcherTest.phpt ["testFailedDispatcher2"]

-- OK: MobilniPlatby | tests\MobilniPlatby\CallbackDispatcherTest.phpt ["testFailedDispatcher3"]

-- OK: MobilniPlatby | tests\MobilniPlatby\CallbackDispatcherTest.phpt ["testSmsCallback"]

-- OK: MobilniPlatby | tests\MobilniPlatby\CallbackDispatcherTest.phpt ["testConfirmCallback"]

-- OK: MobilniPlatby | tests\MobilniPlatby\DummyDispatcherTest.phpt ["testDispatcher1"]

-- OK: MobilniPlatby | tests\MobilniPlatby\DummyDispatcherTest.phpt ["testDispatcher2"]

OK (17 tests)